\BOOKMARK [1][-]{section.1}{\376\377\000I\000n\000t\000r\000o\000d\000u\000c\000t\000i\000o\000n}{}% 1
\BOOKMARK [1][-]{section.2}{\376\377\000R\000e\000l\000a\000t\000e\000d\000\040\000W\000o\000r\000k}{}% 2
\BOOKMARK [1][-]{section.3}{\376\377\000M\000o\000d\000e\000l\000i\000n\000g}{}% 3
\BOOKMARK [2][-]{subsection.3.1}{\376\377\000R\000e\000a\000l\000\040\000I\000o\000T\000\040\000D\000e\000p\000l\000o\000y\000m\000e\000n\000t\000\040\000P\000a\000t\000t\000e\000r\000n\000s}{section.3}% 4
\BOOKMARK [3][-]{subsubsection.3.1.1}{\376\377\000\050\000A\000\051\000\040\146\172\141\147\121\234\116\032}{subsection.3.1}% 5
\BOOKMARK [3][-]{subsubsection.3.1.2}{\376\377\000\050\000B\000\051\000\040\146\172\141\147\127\316\136\002\172\172\154\024\215\050\221\317\166\321\155\113}{subsection.3.1}% 6
\BOOKMARK [3][-]{subsubsection.3.1.3}{\376\377\000\050\000C\000\051\000\040\135\345\116\032\162\151\200\124\177\121}{subsection.3.1}% 7
\BOOKMARK [2][-]{subsection.3.2}{\376\377\000S\000y\000s\000t\000e\000m\000\040\000M\000o\000d\000e\000l}{section.3}% 8
\BOOKMARK [2][-]{subsection.3.3}{\376\377\000N\000o\000d\000e\000\040\000M\000o\000d\000e\000l\000i\000n\000g}{section.3}% 9
\BOOKMARK [2][-]{subsection.3.4}{\376\377\000S\000c\000e\000n\000a\000r\000i\000o\000\040\000M\000o\000d\000e\000l\000i\000n\000g}{section.3}% 10
\BOOKMARK [1][-]{section.4}{\376\377\174\373\176\337\213\276\213\241\377\032\117\341\140\157\116\016\200\375\221\317\123\314\165\037\174\373\176\337}{}% 11
\BOOKMARK [2][-]{subsection.4.1}{\376\377\150\070\137\303\225\356\230\230\116\016\174\373\176\337\213\276\213\241}{section.4}% 12
\BOOKMARK [2][-]{subsection.4.2}{\376\377\000I\000o\000T\000\040\000I\000n\000f\000o\000r\000m\000a\000t\000i\000o\000n\000\040\000L\000a\000y\000e\000r\377\032\000A\000O\000E\000I\200\375\221\317\117\341\140\157\136\164\237\204\117\030\121\110\176\247\142\200\147\057}{section.4}% 13
\BOOKMARK [3][-]{subsubsection.4.2.1}{\376\377\150\070\137\303\117\134\165\050\116\016\225\356\230\230\211\343\121\263}{subsection.4.2}% 14
\BOOKMARK [3][-]{subsubsection.4.2.2}{\376\377\145\160\133\146\152\041\127\213}{subsection.4.2}% 15
\BOOKMARK [3][-]{subsubsection.4.2.3}{\376\377\173\227\154\325\133\236\163\260}{subsection.4.2}% 16
\BOOKMARK [3][-]{subsubsection.4.2.4}{\376\377\142\200\147\057\200\046\124\010\121\163\174\373}{subsection.4.2}% 17
\BOOKMARK [2][-]{subsection.4.3}{\376\377\000I\000o\000T\000\040\000D\000i\000g\000i\000t\000a\000l\000-\000T\000w\000i\000n\000\040\000L\000a\000y\000e\000r\377\032\145\160\133\127\133\152\165\037\162\266\140\001\124\014\153\145\142\200\147\057}{section.4}% 18
\BOOKMARK [3][-]{subsubsection.4.3.1}{\376\377\150\070\137\303\117\134\165\050\116\016\225\356\230\230\211\343\121\263}{subsection.4.3}% 19
\BOOKMARK [3][-]{subsubsection.4.3.2}{\376\377\145\160\133\146\152\041\127\213}{subsection.4.3}% 20
\BOOKMARK [3][-]{subsubsection.4.3.3}{\376\377\173\227\154\325\133\236\163\260}{subsection.4.3}% 21
\BOOKMARK [3][-]{subsubsection.4.3.4}{\376\377\142\200\147\057\200\046\124\010\121\163\174\373}{subsection.4.3}% 22
\BOOKMARK [2][-]{subsection.4.4}{\376\377\000C\000r\000o\000s\000s\000-\000L\000a\000y\000e\000r\000\040\000S\000c\000h\000e\000d\000u\000l\000i\000n\000g\000\040\000L\000a\000y\000e\000r\377\032\000A\000L\000D\000P\201\352\220\002\136\224\145\366\225\177\211\304\122\022\142\200\147\057}{section.4}% 23
\BOOKMARK [3][-]{subsubsection.4.4.1}{\376\377\150\070\137\303\117\134\165\050\116\016\225\356\230\230\211\343\121\263}{subsection.4.4}% 24
\BOOKMARK [3][-]{subsubsection.4.4.2}{\376\377\145\160\133\146\152\041\127\213}{subsection.4.4}% 25
\BOOKMARK [3][-]{subsubsection.4.4.3}{\376\377\173\227\154\325\133\236\163\260}{subsection.4.4}% 26
\BOOKMARK [3][-]{subsubsection.4.4.4}{\376\377\142\200\147\057\200\046\124\010\121\163\174\373}{subsection.4.4}% 27
\BOOKMARK [2][-]{subsection.4.5}{\376\377\000O\000p\000p\000o\000r\000t\000u\000n\000i\000s\000t\000i\000c\000\040\000I\000o\000T\000\040\000R\000o\000u\000t\000i\000n\000g\000\040\000L\000a\000y\000e\000r\377\032\000E\000E\000T\000O\000R\147\072\117\032\116\073\116\111\117\341\140\157\145\066\226\306\142\200\147\057}{section.4}% 28
\BOOKMARK [3][-]{subsubsection.4.5.1}{\376\377\150\070\137\303\117\134\165\050\116\016\225\356\230\230\211\343\121\263}{subsection.4.5}% 29
\BOOKMARK [3][-]{subsubsection.4.5.2}{\376\377\145\160\133\146\152\041\127\213}{subsection.4.5}% 30
\BOOKMARK [3][-]{subsubsection.4.5.3}{\376\377\173\227\154\325\133\236\163\260}{subsection.4.5}% 31
\BOOKMARK [3][-]{subsubsection.4.5.4}{\376\377\142\200\147\057\200\046\124\010\121\163\174\373}{subsection.4.5}% 32
\BOOKMARK [2][-]{subsection.4.6}{\376\377\134\017\176\323\377\032\000I\000o\000T\000-\000c\000e\000n\000t\000r\000i\000c\147\266\147\204\121\161\124\014\133\236\163\260\117\341\140\157\116\016\200\375\221\317\123\314\165\037\174\373\176\337}{section.4}% 33
\BOOKMARK [1][-]{section.5}{\376\377\133\236\232\214\213\276\213\241\116\016\122\006\147\220}{}% 34
\BOOKMARK [2][-]{subsection.5.1}{\376\377\133\236\232\214\166\356\150\007\116\016\232\214\213\301\116\073\176\277}{section.5}% 35
\BOOKMARK [2][-]{subsection.5.2}{\376\377\176\337\116\000\133\236\232\214\136\163\123\360\116\016\123\302\145\160\221\115\177\156}{section.5}% 36
\BOOKMARK [2][-]{subsection.5.3}{\376\377\213\304\117\060\143\007\150\007}{section.5}% 37
\BOOKMARK [2][-]{subsection.5.4}{\376\377\133\236\232\214\213\276\213\241}{section.5}% 38
\BOOKMARK [3][-]{subsubsection.5.4.1}{\376\377\133\236\232\214\0001\377\032\117\341\140\157\134\102\040\024\040\024\122\250\140\001\000A\000O\000E\000I\000\040\000v\000s\000\040\227\131\140\001\000A\000O\000E\000I\116\012\226\120}{subsection.5.4}% 39
\BOOKMARK [3][-]{subsubsection.5.4.2}{\376\377\133\236\232\214\0002\377\032\206\132\142\337\202\202\160\271\134\102\040\024\040\024\145\160\133\127\133\152\165\037\215\046\142\067\137\000\124\057\000\040\000v\000s\000\040\121\163\225\355}{subsection.5.4}% 40
\BOOKMARK [3][-]{subsubsection.5.4.3}{\376\377\133\236\232\214\0003\377\032\214\003\136\246\134\102\040\024\040\024\000A\000L\000D\000P\201\352\220\002\136\224\145\366\225\177\000\040\000v\000s\000\040\117\040\176\337\000L\000y\000a\000p\000u\000n\000o\000v}{subsection.5.4}% 41
\BOOKMARK [3][-]{subsubsection.5.4.4}{\376\377\133\236\232\214\0004\377\032\215\357\165\061\134\102\040\024\040\024\000E\000E\000T\000O\000R\147\072\117\032\116\073\116\111\000\040\000v\000s\000\040\000A\000D\000C\000R}{subsection.5.4}% 42
\BOOKMARK [3][-]{subsubsection.5.4.5}{\376\377\133\236\232\214\0005\377\032\215\350\134\102\123\117\124\014\040\024\040\024\126\333\134\102\147\072\122\066\123\117\124\014\000\040\000v\000s\000\040\127\372\176\277\174\373\176\337}{subsection.5.4}% 43
\BOOKMARK [2][-]{subsection.5.5}{\376\377\133\236\232\214\176\323\147\234\116\016\122\006\147\220}{section.5}% 44
\BOOKMARK [3][-]{subsubsection.5.5.1}{\376\377\133\236\232\214\0001\176\323\147\234\377\032\122\250\140\001\000A\000O\000E\000I\146\076\204\127\226\115\117\116\117\341\140\157\136\164\237\204\136\166\123\213\177\051\225\177\134\076\122\006\136\003}{subsection.5.5}% 45
\BOOKMARK [3][-]{subsubsection.5.5.2}{\376\377\133\236\232\214\0002\176\323\147\234\377\032\145\160\133\127\133\152\165\037\215\046\142\067\147\011\145\110\142\221\122\066\200\375\221\317\217\150\217\371\157\002\171\373\136\166\176\364\143\001\162\266\140\001\220\017\146\016}{subsection.5.5}% 46
\BOOKMARK [3][-]{subsubsection.5.5.3}{\376\377\133\236\232\214\0003\176\323\147\234\377\032\000A\000L\000D\000P\201\352\220\002\136\224\145\366\225\177\211\304\122\022\143\320\123\107\145\164\117\123\177\121\176\334\213\304\122\006\136\166\117\177\153\143\124\021\214\003\136\246\123\140\153\324\146\364\232\330}{subsection.5.5}% 47
\BOOKMARK [3][-]{subsubsection.5.5.4}{\376\377\133\236\232\214\0004\176\323\147\234\377\032\000E\000E\000T\000O\000R\147\072\117\032\116\073\116\111\116\012\142\245\121\205\165\037\123\026\220\032\117\341\137\000\225\000\136\166\147\011\145\110\154\273\164\006\117\116\145\110\215\357\137\204}{subsection.5.5}% 48
\BOOKMARK [3][-]{subsubsection.5.5.5}{\376\377\133\236\232\214\0005\176\323\147\234\377\032\126\333\134\102\147\072\122\066\123\117\124\014\135\345\117\134\124\014\145\366\143\320\123\107\121\154\136\163\140\047\116\016\145\110\163\207\377\014\172\201\170\064\117\040\176\337\147\103\210\141}{subsection.5.5}% 49
\BOOKMARK [2][-]{subsection.5.6}{\376\377\140\073\176\323}{section.5}% 50
\BOOKMARK [1][-]{section.6}{\376\377\000D\000i\000s\000c\000u\000s\000s\000i\000o\000n}{}% 51
\BOOKMARK [2][-]{subsection.6.1}{\376\377\117\341\140\157\156\336\124\016\155\210\226\144\377\032\122\250\140\001\000A\000O\000E\000I\116\012\226\120\147\072\122\066\166\204\147\011\145\110\140\047}{section.6}% 52
\BOOKMARK [2][-]{subsection.6.2}{\376\377\162\266\140\001\220\017\146\016\123\026\377\032\145\160\133\127\133\152\165\037\215\046\142\067\166\204\137\305\211\201\140\047\116\016\147\011\145\110\140\047}{section.6}% 53
\BOOKMARK [2][-]{subsection.6.3}{\376\377\200\375\221\317\117\341\140\157\123\117\124\014\117\030\123\026\377\032\000A\000L\000D\000P\201\352\220\002\136\224\145\366\225\177\211\304\122\022\166\204\147\011\145\110\140\047}{section.6}% 54
\BOOKMARK [2][-]{subsection.6.4}{\376\377\220\032\117\341\137\000\225\000\121\205\165\037\123\026\377\032\000E\000E\000T\000O\000R\147\072\117\032\116\073\116\111\116\012\142\245\166\204\147\011\145\110\140\047}{section.6}% 55
\BOOKMARK [2][-]{subsection.6.5}{\376\377\215\350\134\102\123\117\124\014\145\110\136\224\377\032\126\333\134\102\147\072\122\066\123\117\124\014\172\201\170\064\117\040\176\337\147\103\210\141}{section.6}% 56
\BOOKMARK [2][-]{subsection.6.6}{\376\377\147\072\122\066\213\276\213\241\166\204\174\373\176\337\140\047\116\016\123\357\211\343\221\312\140\047}{section.6}% 57
\BOOKMARK [1][-]{section.7}{\376\377\000C\000o\000n\000c\000l\000u\000s\000i\000o\000n}{}% 58
\BOOKMARK [2][-]{subsection.7.1}{\376\377\150\070\137\303\225\356\230\230\116\016\174\373\176\337\213\276\213\241}{section.7}% 59
\BOOKMARK [2][-]{subsection.7.2}{\376\377\147\072\122\066\213\276\213\241\166\204\147\011\145\110\140\047\232\214\213\301}{section.7}% 60
\BOOKMARK [2][-]{subsection.7.3}{\376\377\174\373\176\337\213\276\213\241\166\204\164\006\213\272\215\041\163\056\116\016\133\236\215\365\116\367\120\074}{section.7}% 61
\BOOKMARK [2][-]{subsection.7.4}{\376\377\170\024\172\166\134\100\226\120\116\016\147\052\147\145\135\345\117\134}{section.7}% 62
\BOOKMARK [2][-]{subsection.7.5}{\376\377\140\073\176\323}{section.7}% 63
\BOOKMARK [1][-]{section*.2}{\376\377\123\302\200\003\145\207\163\056}{}% 64
\BOOKMARK [1][-]{IEEEbiography.0}{\376\377\000B\000i\000o\000g\000r\000a\000p\000h\000i\000e\000s}{}% 65
\BOOKMARK [2][-]{IEEEbiography.1}{\376\377\000A\000u\000t\000h\000o\000r\000\040\000N\000a\000m\000e}{IEEEbiography.0}% 66
\BOOKMARK [2][-]{IEEEbiography.2}{\376\377\000C\000o\000a\000u\000t\000h\000o\000r\000\040\000N\000a\000m\000e}{IEEEbiography.0}% 67
