2025-10-26 20:54:27 - WSN_Simulation - INFO - info:89 - ==================================================
2025-10-26 20:54:27 - WSN_Simulation - INFO - info:89 - 无线传感器网络能量传输仿真系统
2025-10-26 20:54:27 - WSN_Simulation - INFO - info:89 - ==================================================
2025-10-26 20:54:27 - WSN_Simulation - INFO - info:89 - 开始加载配置...
2025-10-26 20:54:27 - WSN_Simulation - INFO - info:89 - 使用默认配置
2025-10-26 20:54:27 - WSN_Simulation - INFO - info:89 - ==================================================
2025-10-26 20:54:27 - WSN_Simulation - INFO - info:89 - 智能被动传能模式已启用
2025-10-26 20:54:27 - WSN_Simulation - INFO - info:89 -   - 检查间隔: 10 分钟
2025-10-26 20:54:27 - WSN_Simulation - INFO - info:89 -   - 临界比例: 20.0%
2025-10-26 20:54:27 - WSN_Simulation - INFO - info:89 -   - 能量方差阈值: 0.30
2025-10-26 20:54:27 - WSN_Simulation - INFO - info:89 -   - 冷却期: 30 分钟
2025-10-26 20:54:27 - WSN_Simulation - INFO - info:89 -   - 预测窗口: 60 分钟
2025-10-26 20:54:27 - WSN_Simulation - INFO - info:89 - ==================================================
2025-10-26 20:54:27 - WSN_Simulation - INFO - info:89 - 创建网络...
2025-10-26 20:54:27 - WSN_Simulation - INFO - info:89 - 网络创建完成: 25 个节点
2025-10-26 20:54:27 - WSN_Simulation - INFO - info:89 - 创建ADCR链路层...
2025-10-26 20:54:27 - WSN_Simulation - INFO - info:89 - ADCR链路层创建完成
2025-10-26 20:54:27 - WSN_Simulation - INFO - info:89 - 创建调度器...
2025-10-26 20:54:27 - WSN_Simulation - INFO - info:89 - 创建调度器: LyapunovScheduler
2025-10-26 20:54:27 - WSN_Simulation - INFO - info:89 - 调度器创建完成: LyapunovScheduler
2025-10-26 20:54:27 - WSN_Simulation - INFO - info:89 - 开始仿真...
2025-10-26 20:54:55 - WSN_Simulation - INFO - info:89 - ==================================================
2025-10-26 20:54:55 - WSN_Simulation - INFO - info:89 - 无线传感器网络能量传输仿真系统
2025-10-26 20:54:55 - WSN_Simulation - INFO - info:89 - ==================================================
2025-10-26 20:54:55 - WSN_Simulation - INFO - info:89 - 开始加载配置...
2025-10-26 20:54:55 - WSN_Simulation - INFO - info:89 - 使用默认配置
2025-10-26 20:54:55 - WSN_Simulation - INFO - info:89 - ==================================================
2025-10-26 20:54:55 - WSN_Simulation - INFO - info:89 - 智能被动传能模式已启用
2025-10-26 20:54:55 - WSN_Simulation - INFO - info:89 -   - 检查间隔: 10 分钟
2025-10-26 20:54:55 - WSN_Simulation - INFO - info:89 -   - 临界比例: 20.0%
2025-10-26 20:54:55 - WSN_Simulation - INFO - info:89 -   - 能量方差阈值: 0.30
2025-10-26 20:54:55 - WSN_Simulation - INFO - info:89 -   - 冷却期: 30 分钟
2025-10-26 20:54:55 - WSN_Simulation - INFO - info:89 -   - 预测窗口: 60 分钟
2025-10-26 20:54:55 - WSN_Simulation - INFO - info:89 - ==================================================
2025-10-26 20:54:55 - WSN_Simulation - INFO - info:89 - 创建网络...
2025-10-26 20:54:55 - WSN_Simulation - INFO - info:89 - 网络创建完成: 25 个节点
2025-10-26 20:54:55 - WSN_Simulation - INFO - info:89 - 创建ADCR链路层...
2025-10-26 20:54:55 - WSN_Simulation - INFO - info:89 - ADCR链路层创建完成
2025-10-26 20:54:55 - WSN_Simulation - INFO - info:89 - 创建调度器...
2025-10-26 20:54:55 - WSN_Simulation - INFO - info:89 - 创建调度器: LyapunovScheduler
2025-10-26 20:54:55 - WSN_Simulation - INFO - info:89 - 调度器创建完成: LyapunovScheduler
2025-10-26 20:54:55 - WSN_Simulation - INFO - info:89 - 开始仿真...
2025-10-26 20:56:24 - WSN_Simulation - INFO - info:89 - 仿真完成
2025-10-26 20:56:24 - WSN_Simulation - INFO - info:89 - 生成可视化图表...
2025-10-26 20:56:48 - WSN_Simulation - INFO - info:89 - 可视化图表生成完成
2025-10-26 20:56:48 - WSN_Simulation - INFO - info:89 - 输出统计信息...
2025-10-26 20:56:48 - WSN_Simulation - INFO - info:89 - 导出配置参数...
2025-10-26 20:56:48 - WSN_Simulation - INFO - info:89 - 配置参数已导出到: data\20251026_205455\simulation_config.json
2025-10-26 20:56:48 - WSN_Simulation - INFO - info:89 - 保存详细计划日志...
2025-10-26 20:56:48 - WSN_Simulation - INFO - info:89 - 详细计划日志将保存到: data\20251026_205455\plans.txt
2025-10-26 20:56:49 - WSN_Simulation - INFO - info:89 - 详细计划记录已保存到: data\20251026_205455\plans.txt
2025-10-26 20:56:49 - WSN_Simulation - INFO - info:89 - 记录了 223 个时间步的计划信息
2025-10-26 20:56:49 - WSN_Simulation - INFO - info:89 - 详细计划日志保存完成
2025-10-26 20:56:49 - WSN_Simulation - INFO - info:89 - 保存结果...
2025-10-26 20:56:50 - WSN_Simulation - INFO - info:89 - 结果已保存到: data\20251026_205455
2025-10-26 20:56:50 - WSN_Simulation - INFO - info:89 - 仿真过程中未发生错误
2025-10-26 20:56:50 - WSN_Simulation - INFO - info:89 - 程序执行完成
2025-10-26 20:57:12 - WSN_Simulation - INFO - info:89 - ==================================================
2025-10-26 20:57:12 - WSN_Simulation - INFO - info:89 - 无线传感器网络能量传输仿真系统
2025-10-26 20:57:12 - WSN_Simulation - INFO - info:89 - ==================================================
2025-10-26 20:57:12 - WSN_Simulation - INFO - info:89 - 开始加载配置...
2025-10-26 20:57:12 - WSN_Simulation - INFO - info:89 - 使用默认配置
2025-10-26 20:57:12 - WSN_Simulation - INFO - info:89 - ==================================================
2025-10-26 20:57:12 - WSN_Simulation - INFO - info:89 - 传统主动传能模式 (每60分钟定时触发)
2025-10-26 20:57:12 - WSN_Simulation - INFO - info:89 - ==================================================
2025-10-26 20:57:12 - WSN_Simulation - INFO - info:89 - 创建网络...
2025-10-26 20:57:12 - WSN_Simulation - INFO - info:89 - 网络创建完成: 25 个节点
2025-10-26 20:57:12 - WSN_Simulation - INFO - info:89 - 创建ADCR链路层...
2025-10-26 20:57:12 - WSN_Simulation - INFO - info:89 - ADCR链路层创建完成
2025-10-26 20:57:12 - WSN_Simulation - INFO - info:89 - 创建调度器...
2025-10-26 20:57:12 - WSN_Simulation - INFO - info:89 - 创建调度器: LyapunovScheduler
2025-10-26 20:57:12 - WSN_Simulation - INFO - info:89 - 调度器创建完成: LyapunovScheduler
2025-10-26 20:57:12 - WSN_Simulation - INFO - info:89 - 开始仿真...
2025-10-26 20:58:25 - WSN_Simulation - INFO - info:89 - 仿真完成
2025-10-26 20:58:25 - WSN_Simulation - INFO - info:89 - 生成可视化图表...
2025-10-26 20:58:48 - WSN_Simulation - INFO - info:89 - 可视化图表生成完成
2025-10-26 20:58:48 - WSN_Simulation - INFO - info:89 - 输出统计信息...
2025-10-26 20:58:48 - WSN_Simulation - INFO - info:89 - 导出配置参数...
2025-10-26 20:58:48 - WSN_Simulation - INFO - info:89 - 配置参数已导出到: data\20251026_205713\simulation_config.json
2025-10-26 20:58:48 - WSN_Simulation - INFO - info:89 - 保存详细计划日志...
2025-10-26 20:58:48 - WSN_Simulation - INFO - info:89 - 详细计划日志将保存到: data\20251026_205713\plans.txt
2025-10-26 20:58:49 - WSN_Simulation - INFO - info:89 - 详细计划记录已保存到: data\20251026_205713\plans.txt
2025-10-26 20:58:49 - WSN_Simulation - INFO - info:89 - 记录了 168 个时间步的计划信息
2025-10-26 20:58:49 - WSN_Simulation - INFO - info:89 - 详细计划日志保存完成
2025-10-26 20:58:49 - WSN_Simulation - INFO - info:89 - 保存结果...
2025-10-26 20:58:50 - WSN_Simulation - INFO - info:89 - 结果已保存到: data\20251026_205713
2025-10-26 20:58:50 - WSN_Simulation - INFO - info:89 - 仿真过程中未发生错误
2025-10-26 20:58:50 - WSN_Simulation - INFO - info:89 - 程序执行完成
2025-10-26 21:01:07 - WSN_Simulation - INFO - info:89 - ==================================================
2025-10-26 21:01:07 - WSN_Simulation - INFO - info:89 - 无线传感器网络能量传输仿真系统
2025-10-26 21:01:07 - WSN_Simulation - INFO - info:89 - ==================================================
2025-10-26 21:01:07 - WSN_Simulation - INFO - info:89 - 开始加载配置...
2025-10-26 21:01:07 - WSN_Simulation - INFO - info:89 - 使用默认配置
2025-10-26 21:01:07 - WSN_Simulation - INFO - info:89 - ==================================================
2025-10-26 21:01:07 - WSN_Simulation - INFO - info:89 - 传统主动传能模式 (每60分钟定时触发)
2025-10-26 21:01:07 - WSN_Simulation - INFO - info:89 - ==================================================
2025-10-26 21:01:07 - WSN_Simulation - INFO - info:89 - 创建网络...
2025-10-26 21:01:07 - WSN_Simulation - INFO - info:89 - 网络创建完成: 25 个节点
2025-10-26 21:01:07 - WSN_Simulation - INFO - info:89 - 创建ADCR链路层...
2025-10-26 21:01:07 - WSN_Simulation - INFO - info:89 - ADCR链路层创建完成
2025-10-26 21:01:07 - WSN_Simulation - INFO - info:89 - 创建调度器...
2025-10-26 21:01:07 - WSN_Simulation - INFO - info:89 - 创建调度器: LyapunovScheduler
2025-10-26 21:01:07 - WSN_Simulation - INFO - info:89 - 调度器创建完成: LyapunovScheduler
2025-10-26 21:01:07 - WSN_Simulation - INFO - info:89 - 开始仿真...
2025-10-26 21:02:16 - WSN_Simulation - INFO - info:89 - 仿真完成
2025-10-26 21:02:16 - WSN_Simulation - INFO - info:89 - 生成可视化图表...
2025-10-26 21:02:40 - WSN_Simulation - INFO - info:89 - 可视化图表生成完成
2025-10-26 21:02:40 - WSN_Simulation - INFO - info:89 - 输出统计信息...
2025-10-26 21:02:40 - WSN_Simulation - INFO - info:89 - 导出配置参数...
2025-10-26 21:02:40 - WSN_Simulation - INFO - info:89 - 配置参数已导出到: data\20251026_210107\simulation_config.json
2025-10-26 21:02:40 - WSN_Simulation - INFO - info:89 - 保存详细计划日志...
2025-10-26 21:02:40 - WSN_Simulation - INFO - info:89 - 详细计划日志将保存到: data\20251026_210107\plans.txt
2025-10-26 21:02:40 - WSN_Simulation - INFO - info:89 - 详细计划记录已保存到: data\20251026_210107\plans.txt
2025-10-26 21:02:40 - WSN_Simulation - INFO - info:89 - 记录了 168 个时间步的计划信息
2025-10-26 21:02:40 - WSN_Simulation - INFO - info:89 - 详细计划日志保存完成
2025-10-26 21:02:40 - WSN_Simulation - INFO - info:89 - 保存结果...
2025-10-26 21:02:42 - WSN_Simulation - INFO - info:89 - 结果已保存到: data\20251026_210107
2025-10-26 21:02:42 - WSN_Simulation - INFO - info:89 - 仿真过程中未发生错误
2025-10-26 21:02:42 - WSN_Simulation - INFO - info:89 - 程序执行完成
2025-10-26 21:06:41 - WSN_Simulation - INFO - info:89 - ==================================================
2025-10-26 21:06:41 - WSN_Simulation - INFO - info:89 - 无线传感器网络能量传输仿真系统
2025-10-26 21:06:41 - WSN_Simulation - INFO - info:89 - ==================================================
2025-10-26 21:06:41 - WSN_Simulation - INFO - info:89 - 开始加载配置...
2025-10-26 21:06:41 - WSN_Simulation - INFO - info:89 - 使用默认配置
2025-10-26 21:06:41 - WSN_Simulation - INFO - info:89 - ==================================================
2025-10-26 21:06:41 - WSN_Simulation - INFO - info:89 - 传统主动传能模式 (每60分钟定时触发)
2025-10-26 21:06:41 - WSN_Simulation - INFO - info:89 - ==================================================
2025-10-26 21:06:41 - WSN_Simulation - INFO - info:89 - 创建网络...
2025-10-26 21:06:41 - WSN_Simulation - INFO - info:89 - 网络创建完成: 25 个节点
2025-10-26 21:06:41 - WSN_Simulation - INFO - info:89 - 创建ADCR链路层...
2025-10-26 21:06:41 - WSN_Simulation - INFO - info:89 - ADCR链路层创建完成
2025-10-26 21:06:41 - WSN_Simulation - INFO - info:89 - 创建调度器...
2025-10-26 21:06:41 - WSN_Simulation - INFO - info:89 - 创建调度器: LyapunovScheduler
2025-10-26 21:06:41 - WSN_Simulation - INFO - info:89 - 调度器创建完成: LyapunovScheduler
2025-10-26 21:06:41 - WSN_Simulation - INFO - info:89 - 开始仿真...
2025-10-26 21:07:47 - WSN_Simulation - INFO - info:89 - 仿真完成
2025-10-26 21:07:47 - WSN_Simulation - INFO - info:89 - 生成可视化图表...
2025-10-26 21:08:13 - WSN_Simulation - INFO - info:89 - 可视化图表生成完成
2025-10-26 21:08:13 - WSN_Simulation - INFO - info:89 - 输出统计信息...
2025-10-26 21:08:13 - WSN_Simulation - INFO - info:89 - 导出配置参数...
2025-10-26 21:08:13 - WSN_Simulation - INFO - info:89 - 配置参数已导出到: data\20251026_210642\simulation_config.json
2025-10-26 21:08:13 - WSN_Simulation - INFO - info:89 - 保存详细计划日志...
2025-10-26 21:08:13 - WSN_Simulation - INFO - info:89 - 详细计划日志将保存到: data\20251026_210642\plans.txt
2025-10-26 21:08:13 - WSN_Simulation - INFO - info:89 - 详细计划记录已保存到: data\20251026_210642\plans.txt
2025-10-26 21:08:13 - WSN_Simulation - INFO - info:89 - 记录了 168 个时间步的计划信息
2025-10-26 21:08:13 - WSN_Simulation - INFO - info:89 - 详细计划日志保存完成
2025-10-26 21:08:13 - WSN_Simulation - INFO - info:89 - 保存结果...
2025-10-26 21:08:15 - WSN_Simulation - INFO - info:89 - 结果已保存到: data\20251026_210642
2025-10-26 21:08:15 - WSN_Simulation - INFO - info:89 - 仿真过程中未发生错误
2025-10-26 21:08:15 - WSN_Simulation - INFO - info:89 - 程序执行完成
2025-10-26 21:09:18 - WSN_Simulation - INFO - info:89 - ==================================================
2025-10-26 21:09:18 - WSN_Simulation - INFO - info:89 - 无线传感器网络能量传输仿真系统
2025-10-26 21:09:18 - WSN_Simulation - INFO - info:89 - ==================================================
2025-10-26 21:09:18 - WSN_Simulation - INFO - info:89 - 开始加载配置...
2025-10-26 21:09:18 - WSN_Simulation - INFO - info:89 - 使用默认配置
2025-10-26 21:09:18 - WSN_Simulation - INFO - info:89 - ==================================================
2025-10-26 21:09:18 - WSN_Simulation - INFO - info:89 - 传统主动传能模式 (每60分钟定时触发)
2025-10-26 21:09:18 - WSN_Simulation - INFO - info:89 - ==================================================
2025-10-26 21:09:18 - WSN_Simulation - INFO - info:89 - 创建网络...
2025-10-26 21:09:18 - WSN_Simulation - INFO - info:89 - 网络创建完成: 25 个节点
2025-10-26 21:09:18 - WSN_Simulation - INFO - info:89 - 创建ADCR链路层...
2025-10-26 21:09:18 - WSN_Simulation - INFO - info:89 - ADCR链路层创建完成
2025-10-26 21:09:18 - WSN_Simulation - INFO - info:89 - 创建调度器...
2025-10-26 21:09:18 - WSN_Simulation - INFO - info:89 - 创建调度器: LyapunovScheduler
2025-10-26 21:09:18 - WSN_Simulation - INFO - info:89 - 调度器创建完成: LyapunovScheduler
2025-10-26 21:09:18 - WSN_Simulation - INFO - info:89 - 开始仿真...
2025-10-26 21:10:18 - WSN_Simulation - INFO - info:89 - 仿真完成
2025-10-26 21:10:18 - WSN_Simulation - INFO - info:89 - 生成可视化图表...
2025-10-26 21:10:42 - WSN_Simulation - INFO - info:89 - 可视化图表生成完成
2025-10-26 21:10:42 - WSN_Simulation - INFO - info:89 - 输出统计信息...
2025-10-26 21:10:42 - WSN_Simulation - INFO - info:89 - 导出配置参数...
2025-10-26 21:10:42 - WSN_Simulation - INFO - info:89 - 配置参数已导出到: data\20251026_210918\simulation_config.json
2025-10-26 21:10:42 - WSN_Simulation - INFO - info:89 - 保存详细计划日志...
2025-10-26 21:10:42 - WSN_Simulation - INFO - info:89 - 详细计划日志将保存到: data\20251026_210918\plans.txt
2025-10-26 21:10:42 - WSN_Simulation - INFO - info:89 - 详细计划记录已保存到: data\20251026_210918\plans.txt
2025-10-26 21:10:42 - WSN_Simulation - INFO - info:89 - 记录了 168 个时间步的计划信息
2025-10-26 21:10:42 - WSN_Simulation - INFO - info:89 - 详细计划日志保存完成
2025-10-26 21:10:42 - WSN_Simulation - INFO - info:89 - 保存结果...
2025-10-26 21:10:43 - WSN_Simulation - INFO - info:89 - 结果已保存到: data\20251026_210918
2025-10-26 21:10:43 - WSN_Simulation - INFO - info:89 - 仿真过程中未发生错误
2025-10-26 21:10:43 - WSN_Simulation - INFO - info:89 - 程序执行完成
2025-10-26 21:12:50 - WSN_Simulation - INFO - info:89 - ==================================================
2025-10-26 21:12:50 - WSN_Simulation - INFO - info:89 - 无线传感器网络能量传输仿真系统
2025-10-26 21:12:50 - WSN_Simulation - INFO - info:89 - ==================================================
2025-10-26 21:12:50 - WSN_Simulation - INFO - info:89 - 开始加载配置...
2025-10-26 21:12:50 - WSN_Simulation - INFO - info:89 - 使用默认配置
2025-10-26 21:12:50 - WSN_Simulation - INFO - info:89 - ==================================================
2025-10-26 21:12:50 - WSN_Simulation - INFO - info:89 - 传统主动传能模式 (每60分钟定时触发)
2025-10-26 21:12:50 - WSN_Simulation - INFO - info:89 - ==================================================
2025-10-26 21:12:50 - WSN_Simulation - INFO - info:89 - 创建网络...
2025-10-26 21:12:50 - WSN_Simulation - INFO - info:89 - 网络创建完成: 30 个节点
2025-10-26 21:12:50 - WSN_Simulation - INFO - info:89 - 创建ADCR链路层...
2025-10-26 21:12:50 - WSN_Simulation - INFO - info:89 - ADCR链路层创建完成
2025-10-26 21:12:50 - WSN_Simulation - INFO - info:89 - 创建调度器...
2025-10-26 21:12:50 - WSN_Simulation - INFO - info:89 - 创建调度器: LyapunovScheduler
2025-10-26 21:12:50 - WSN_Simulation - INFO - info:89 - 调度器创建完成: LyapunovScheduler
2025-10-26 21:12:50 - WSN_Simulation - INFO - info:89 - 开始仿真...
2025-10-26 21:15:03 - WSN_Simulation - INFO - info:89 - 仿真完成
2025-10-26 21:15:03 - WSN_Simulation - INFO - info:89 - 生成可视化图表...
2025-10-26 21:15:32 - WSN_Simulation - INFO - info:89 - 可视化图表生成完成
2025-10-26 21:15:32 - WSN_Simulation - INFO - info:89 - 输出统计信息...
2025-10-26 21:15:32 - WSN_Simulation - INFO - info:89 - 导出配置参数...
2025-10-26 21:15:32 - WSN_Simulation - INFO - info:89 - 配置参数已导出到: data\20251026_211250\simulation_config.json
2025-10-26 21:15:32 - WSN_Simulation - INFO - info:89 - 保存详细计划日志...
2025-10-26 21:15:32 - WSN_Simulation - INFO - info:89 - 详细计划日志将保存到: data\20251026_211250\plans.txt
2025-10-26 21:15:32 - WSN_Simulation - INFO - info:89 - 详细计划记录已保存到: data\20251026_211250\plans.txt
2025-10-26 21:15:32 - WSN_Simulation - INFO - info:89 - 记录了 168 个时间步的计划信息
2025-10-26 21:15:32 - WSN_Simulation - INFO - info:89 - 详细计划日志保存完成
2025-10-26 21:15:32 - WSN_Simulation - INFO - info:89 - 保存结果...
2025-10-26 21:15:34 - WSN_Simulation - INFO - info:89 - 结果已保存到: data\20251026_211250
2025-10-26 21:15:34 - WSN_Simulation - INFO - info:89 - 仿真过程中未发生错误
2025-10-26 21:15:34 - WSN_Simulation - INFO - info:89 - 程序执行完成
2025-10-26 21:20:50 - WSN_Simulation - INFO - info:89 - ==================================================
2025-10-26 21:20:50 - WSN_Simulation - INFO - info:89 - 无线传感器网络能量传输仿真系统
2025-10-26 21:20:50 - WSN_Simulation - INFO - info:89 - ==================================================
2025-10-26 21:20:50 - WSN_Simulation - INFO - info:89 - 开始加载配置...
2025-10-26 21:20:50 - WSN_Simulation - INFO - info:89 - 使用默认配置
2025-10-26 21:20:50 - WSN_Simulation - INFO - info:89 - ==================================================
2025-10-26 21:20:50 - WSN_Simulation - INFO - info:89 - 传统主动传能模式 (每60分钟定时触发)
2025-10-26 21:20:50 - WSN_Simulation - INFO - info:89 - ==================================================
2025-10-26 21:20:50 - WSN_Simulation - INFO - info:89 - 创建网络...
2025-10-26 21:20:50 - WSN_Simulation - INFO - info:89 - 网络创建完成: 30 个节点
2025-10-26 21:20:50 - WSN_Simulation - INFO - info:89 - 创建ADCR链路层...
2025-10-26 21:20:50 - WSN_Simulation - INFO - info:89 - ADCR链路层创建完成
2025-10-26 21:20:50 - WSN_Simulation - INFO - info:89 - 创建调度器...
2025-10-26 21:20:50 - WSN_Simulation - INFO - info:89 - 创建调度器: LyapunovScheduler
2025-10-26 21:20:50 - WSN_Simulation - INFO - info:89 - 调度器创建完成: LyapunovScheduler
2025-10-26 21:20:50 - WSN_Simulation - INFO - info:89 - 开始仿真...
2025-10-26 21:23:25 - WSN_Simulation - INFO - info:89 - 仿真完成
2025-10-26 21:23:25 - WSN_Simulation - INFO - info:89 - 生成可视化图表...
2025-10-26 21:23:51 - WSN_Simulation - INFO - info:89 - 可视化图表生成完成
2025-10-26 21:23:51 - WSN_Simulation - INFO - info:89 - 输出统计信息...
2025-10-26 21:23:51 - WSN_Simulation - INFO - info:89 - 导出配置参数...
2025-10-26 21:23:51 - WSN_Simulation - INFO - info:89 - 配置参数已导出到: data\20251026_212050\simulation_config.json
2025-10-26 21:23:51 - WSN_Simulation - INFO - info:89 - 保存详细计划日志...
2025-10-26 21:23:51 - WSN_Simulation - INFO - info:89 - 详细计划日志将保存到: data\20251026_212050\plans.txt
2025-10-26 21:23:51 - WSN_Simulation - INFO - info:89 - 详细计划记录已保存到: data\20251026_212050\plans.txt
2025-10-26 21:23:51 - WSN_Simulation - INFO - info:89 - 记录了 168 个时间步的计划信息
2025-10-26 21:23:51 - WSN_Simulation - INFO - info:89 - 详细计划日志保存完成
2025-10-26 21:23:51 - WSN_Simulation - INFO - info:89 - 保存结果...
2025-10-26 21:23:53 - WSN_Simulation - INFO - info:89 - 结果已保存到: data\20251026_212050
2025-10-26 21:23:53 - WSN_Simulation - INFO - info:89 - 仿真过程中未发生错误
2025-10-26 21:23:53 - WSN_Simulation - INFO - info:89 - 程序执行完成
2025-10-26 21:24:15 - WSN_Simulation - INFO - info:89 - ==================================================
2025-10-26 21:24:15 - WSN_Simulation - INFO - info:89 - 无线传感器网络能量传输仿真系统
2025-10-26 21:24:15 - WSN_Simulation - INFO - info:89 - ==================================================
2025-10-26 21:24:15 - WSN_Simulation - INFO - info:89 - 开始加载配置...
2025-10-26 21:24:15 - WSN_Simulation - INFO - info:89 - 使用默认配置
2025-10-26 21:24:15 - WSN_Simulation - INFO - info:89 - ==================================================
2025-10-26 21:24:15 - WSN_Simulation - INFO - info:89 - 传统主动传能模式 (每60分钟定时触发)
2025-10-26 21:24:15 - WSN_Simulation - INFO - info:89 - ==================================================
2025-10-26 21:24:15 - WSN_Simulation - INFO - info:89 - 创建网络...
2025-10-26 21:24:15 - WSN_Simulation - INFO - info:89 - 网络创建完成: 30 个节点
2025-10-26 21:24:15 - WSN_Simulation - INFO - info:89 - 创建ADCR链路层...
2025-10-26 21:24:15 - WSN_Simulation - INFO - info:89 - ADCR链路层创建完成
2025-10-26 21:24:15 - WSN_Simulation - INFO - info:89 - 创建调度器...
2025-10-26 21:24:15 - WSN_Simulation - INFO - info:89 - 创建调度器: LyapunovScheduler
2025-10-26 21:24:15 - WSN_Simulation - INFO - info:89 - 调度器创建完成: LyapunovScheduler
2025-10-26 21:24:15 - WSN_Simulation - INFO - info:89 - 开始仿真...
2025-10-26 21:26:41 - WSN_Simulation - INFO - info:89 - 仿真完成
2025-10-26 21:26:41 - WSN_Simulation - INFO - info:89 - 生成可视化图表...
2025-10-26 21:27:08 - WSN_Simulation - INFO - info:89 - 可视化图表生成完成
2025-10-26 21:27:08 - WSN_Simulation - INFO - info:89 - 输出统计信息...
2025-10-26 21:27:08 - WSN_Simulation - INFO - info:89 - 导出配置参数...
2025-10-26 21:27:08 - WSN_Simulation - INFO - info:89 - 配置参数已导出到: data\20251026_212416\simulation_config.json
2025-10-26 21:27:08 - WSN_Simulation - INFO - info:89 - 保存详细计划日志...
2025-10-26 21:27:08 - WSN_Simulation - INFO - info:89 - 详细计划日志将保存到: data\20251026_212416\plans.txt
2025-10-26 21:27:08 - WSN_Simulation - INFO - info:89 - 详细计划记录已保存到: data\20251026_212416\plans.txt
2025-10-26 21:27:08 - WSN_Simulation - INFO - info:89 - 记录了 168 个时间步的计划信息
2025-10-26 21:27:08 - WSN_Simulation - INFO - info:89 - 详细计划日志保存完成
2025-10-26 21:27:08 - WSN_Simulation - INFO - info:89 - 保存结果...
2025-10-26 21:27:11 - WSN_Simulation - INFO - info:89 - 结果已保存到: data\20251026_212416
2025-10-26 21:27:11 - WSN_Simulation - INFO - info:89 - 仿真过程中未发生错误
2025-10-26 21:27:11 - WSN_Simulation - INFO - info:89 - 程序执行完成
2025-10-26 21:46:42 - WSN_Simulation - INFO - info:89 - ==================================================
2025-10-26 21:46:42 - WSN_Simulation - INFO - info:89 - 无线传感器网络能量传输仿真系统
2025-10-26 21:46:42 - WSN_Simulation - INFO - info:89 - ==================================================
2025-10-26 21:46:42 - WSN_Simulation - INFO - info:89 - 开始加载配置...
2025-10-26 21:46:42 - WSN_Simulation - INFO - info:89 - 使用默认配置
2025-10-26 21:46:42 - WSN_Simulation - INFO - info:89 - ==================================================
2025-10-26 21:46:42 - WSN_Simulation - INFO - info:89 - 传统主动传能模式 (每60分钟定时触发)
2025-10-26 21:46:42 - WSN_Simulation - INFO - info:89 - ==================================================
2025-10-26 21:46:42 - WSN_Simulation - INFO - info:89 - 创建网络...
2025-10-26 21:46:42 - WSN_Simulation - INFO - info:89 - 网络创建完成: 30 个节点
2025-10-26 21:46:42 - WSN_Simulation - INFO - info:89 - 创建ADCR链路层...
2025-10-26 21:46:42 - WSN_Simulation - INFO - info:89 - ADCR链路层创建完成
2025-10-26 21:46:42 - WSN_Simulation - INFO - info:89 - 创建调度器...
2025-10-26 21:46:42 - WSN_Simulation - INFO - info:89 - 创建调度器: LyapunovScheduler
2025-10-26 21:46:42 - WSN_Simulation - INFO - info:89 - 调度器创建完成: LyapunovScheduler
2025-10-26 21:46:42 - WSN_Simulation - INFO - info:89 - 开始仿真...
2025-10-26 21:49:31 - WSN_Simulation - INFO - info:89 - 仿真完成
2025-10-26 21:49:31 - WSN_Simulation - INFO - info:89 - 生成可视化图表...
2025-10-26 21:49:58 - WSN_Simulation - INFO - info:89 - 可视化图表生成完成
2025-10-26 21:49:58 - WSN_Simulation - INFO - info:89 - 输出统计信息...
2025-10-26 21:49:58 - WSN_Simulation - INFO - info:89 - 导出配置参数...
2025-10-26 21:49:58 - WSN_Simulation - INFO - info:89 - 配置参数已导出到: data\20251026_214642\simulation_config.json
2025-10-26 21:49:58 - WSN_Simulation - INFO - info:89 - 保存详细计划日志...
2025-10-26 21:49:58 - WSN_Simulation - INFO - info:89 - 详细计划日志将保存到: data\20251026_214642\plans.txt
2025-10-26 21:49:58 - WSN_Simulation - INFO - info:89 - 详细计划记录已保存到: data\20251026_214642\plans.txt
2025-10-26 21:49:58 - WSN_Simulation - INFO - info:89 - 记录了 168 个时间步的计划信息
2025-10-26 21:49:58 - WSN_Simulation - INFO - info:89 - 详细计划日志保存完成
2025-10-26 21:49:58 - WSN_Simulation - INFO - info:89 - 保存结果...
2025-10-26 21:50:00 - WSN_Simulation - INFO - info:89 - 结果已保存到: data\20251026_214642
2025-10-26 21:50:00 - WSN_Simulation - INFO - info:89 - 仿真过程中未发生错误
2025-10-26 21:50:00 - WSN_Simulation - INFO - info:89 - 程序执行完成
2025-10-26 21:53:19 - WSN_Simulation - INFO - info:89 - ==================================================
2025-10-26 21:53:19 - WSN_Simulation - INFO - info:89 - 无线传感器网络能量传输仿真系统
2025-10-26 21:53:19 - WSN_Simulation - INFO - info:89 - ==================================================
2025-10-26 21:53:19 - WSN_Simulation - INFO - info:89 - 开始加载配置...
2025-10-26 21:53:19 - WSN_Simulation - INFO - info:89 - 使用默认配置
2025-10-26 21:53:19 - WSN_Simulation - INFO - info:89 - ==================================================
2025-10-26 21:53:19 - WSN_Simulation - INFO - info:89 - 传统主动传能模式 (每60分钟定时触发)
2025-10-26 21:53:19 - WSN_Simulation - INFO - info:89 - ==================================================
2025-10-26 21:53:19 - WSN_Simulation - INFO - info:89 - 创建网络...
2025-10-26 21:53:19 - WSN_Simulation - INFO - info:89 - 网络创建完成: 30 个节点
2025-10-26 21:53:19 - WSN_Simulation - INFO - info:89 - 创建ADCR链路层...
2025-10-26 21:53:19 - WSN_Simulation - INFO - info:89 - ADCR链路层创建完成
2025-10-26 21:53:19 - WSN_Simulation - INFO - info:89 - 创建调度器...
2025-10-26 21:53:19 - WSN_Simulation - INFO - info:89 - 创建调度器: LyapunovScheduler
2025-10-26 21:53:19 - WSN_Simulation - INFO - info:89 - 调度器创建完成: LyapunovScheduler
2025-10-26 21:53:19 - WSN_Simulation - INFO - info:89 - 开始仿真...
2025-10-26 21:55:20 - WSN_Simulation - INFO - info:89 - 仿真完成
2025-10-26 21:55:20 - WSN_Simulation - INFO - info:89 - 生成可视化图表...
2025-10-26 21:55:47 - WSN_Simulation - INFO - info:89 - 可视化图表生成完成
2025-10-26 21:55:47 - WSN_Simulation - INFO - info:89 - 输出统计信息...
2025-10-26 21:55:47 - WSN_Simulation - INFO - info:89 - 导出配置参数...
2025-10-26 21:55:47 - WSN_Simulation - INFO - info:89 - 配置参数已导出到: data\20251026_215320\simulation_config.json
2025-10-26 21:55:47 - WSN_Simulation - INFO - info:89 - 保存详细计划日志...
2025-10-26 21:55:47 - WSN_Simulation - INFO - info:89 - 详细计划日志将保存到: data\20251026_215320\plans.txt
2025-10-26 21:55:47 - WSN_Simulation - INFO - info:89 - 详细计划记录已保存到: data\20251026_215320\plans.txt
2025-10-26 21:55:47 - WSN_Simulation - INFO - info:89 - 记录了 168 个时间步的计划信息
2025-10-26 21:55:47 - WSN_Simulation - INFO - info:89 - 详细计划日志保存完成
2025-10-26 21:55:47 - WSN_Simulation - INFO - info:89 - 保存结果...
2025-10-26 21:55:49 - WSN_Simulation - INFO - info:89 - 结果已保存到: data\20251026_215320
2025-10-26 21:55:49 - WSN_Simulation - INFO - info:89 - 仿真过程中未发生错误
2025-10-26 21:55:49 - WSN_Simulation - INFO - info:89 - 程序执行完成
2025-10-26 22:06:46 - WSN_Simulation - INFO - info:89 - ==================================================
2025-10-26 22:06:46 - WSN_Simulation - INFO - info:89 - 无线传感器网络能量传输仿真系统
2025-10-26 22:06:46 - WSN_Simulation - INFO - info:89 - ==================================================
2025-10-26 22:06:46 - WSN_Simulation - INFO - info:89 - 开始加载配置...
2025-10-26 22:06:46 - WSN_Simulation - INFO - info:89 - 使用默认配置
2025-10-26 22:06:46 - WSN_Simulation - INFO - info:89 - ==================================================
2025-10-26 22:06:46 - WSN_Simulation - INFO - info:89 - 传统主动传能模式 (每60分钟定时触发)
2025-10-26 22:06:46 - WSN_Simulation - INFO - info:89 - ==================================================
2025-10-26 22:06:46 - WSN_Simulation - INFO - info:89 - 创建网络...
2025-10-26 22:06:46 - WSN_Simulation - INFO - info:89 - 网络创建完成: 30 个节点
2025-10-26 22:06:46 - WSN_Simulation - INFO - info:89 - 创建ADCR链路层...
2025-10-26 22:06:46 - WSN_Simulation - INFO - info:89 - ADCR链路层创建完成
2025-10-26 22:06:46 - WSN_Simulation - INFO - info:89 - 创建调度器...
2025-10-26 22:06:46 - WSN_Simulation - INFO - info:89 - 创建调度器: LyapunovScheduler
2025-10-26 22:06:46 - WSN_Simulation - INFO - info:89 - 调度器创建完成: LyapunovScheduler
2025-10-26 22:06:46 - WSN_Simulation - INFO - info:89 - 开始仿真...
2025-10-26 22:08:54 - WSN_Simulation - INFO - info:89 - 仿真完成
2025-10-26 22:08:54 - WSN_Simulation - INFO - info:89 - 生成可视化图表...
2025-10-26 22:09:19 - WSN_Simulation - INFO - info:89 - 可视化图表生成完成
2025-10-26 22:09:19 - WSN_Simulation - INFO - info:89 - 输出统计信息...
2025-10-26 22:09:20 - WSN_Simulation - INFO - info:89 - 导出配置参数...
2025-10-26 22:09:20 - WSN_Simulation - INFO - info:89 - 配置参数已导出到: data\20251026_220646\simulation_config.json
2025-10-26 22:09:20 - WSN_Simulation - INFO - info:89 - 保存详细计划日志...
2025-10-26 22:09:20 - WSN_Simulation - INFO - info:89 - 详细计划日志将保存到: data\20251026_220646\plans.txt
2025-10-26 22:09:20 - WSN_Simulation - INFO - info:89 - 详细计划记录已保存到: data\20251026_220646\plans.txt
2025-10-26 22:09:20 - WSN_Simulation - INFO - info:89 - 记录了 168 个时间步的计划信息
2025-10-26 22:09:20 - WSN_Simulation - INFO - info:89 - 详细计划日志保存完成
2025-10-26 22:09:20 - WSN_Simulation - INFO - info:89 - 保存结果...
2025-10-26 22:09:22 - WSN_Simulation - INFO - info:89 - 结果已保存到: data\20251026_220646
2025-10-26 22:09:22 - WSN_Simulation - INFO - info:89 - 仿真过程中未发生错误
2025-10-26 22:09:22 - WSN_Simulation - INFO - info:89 - 程序执行完成
2025-10-26 22:09:59 - WSN_Simulation - INFO - info:89 - ==================================================
2025-10-26 22:09:59 - WSN_Simulation - INFO - info:89 - 无线传感器网络能量传输仿真系统
2025-10-26 22:09:59 - WSN_Simulation - INFO - info:89 - ==================================================
2025-10-26 22:09:59 - WSN_Simulation - INFO - info:89 - 开始加载配置...
2025-10-26 22:09:59 - WSN_Simulation - INFO - info:89 - 使用默认配置
2025-10-26 22:09:59 - WSN_Simulation - INFO - info:89 - ==================================================
2025-10-26 22:09:59 - WSN_Simulation - INFO - info:89 - 传统主动传能模式 (每60分钟定时触发)
2025-10-26 22:09:59 - WSN_Simulation - INFO - info:89 - ==================================================
2025-10-26 22:09:59 - WSN_Simulation - INFO - info:89 - 创建网络...
2025-10-26 22:09:59 - WSN_Simulation - INFO - info:89 - 网络创建完成: 30 个节点
2025-10-26 22:09:59 - WSN_Simulation - INFO - info:89 - 创建ADCR链路层...
2025-10-26 22:09:59 - WSN_Simulation - INFO - info:89 - ADCR链路层创建完成
2025-10-26 22:09:59 - WSN_Simulation - INFO - info:89 - 创建调度器...
2025-10-26 22:09:59 - WSN_Simulation - INFO - info:89 - 创建调度器: LyapunovScheduler
2025-10-26 22:09:59 - WSN_Simulation - INFO - info:89 - 调度器创建完成: LyapunovScheduler
2025-10-26 22:09:59 - WSN_Simulation - INFO - info:89 - 开始仿真...
2025-10-26 22:12:31 - WSN_Simulation - INFO - info:89 - 仿真完成
2025-10-26 22:12:31 - WSN_Simulation - INFO - info:89 - 生成可视化图表...
2025-10-26 22:12:59 - WSN_Simulation - INFO - info:89 - 可视化图表生成完成
2025-10-26 22:12:59 - WSN_Simulation - INFO - info:89 - 输出统计信息...
2025-10-26 22:12:59 - WSN_Simulation - INFO - info:89 - 导出配置参数...
2025-10-26 22:12:59 - WSN_Simulation - INFO - info:89 - 配置参数已导出到: data\20251026_220959\simulation_config.json
2025-10-26 22:12:59 - WSN_Simulation - INFO - info:89 - 保存详细计划日志...
2025-10-26 22:12:59 - WSN_Simulation - INFO - info:89 - 详细计划日志将保存到: data\20251026_220959\plans.txt
2025-10-26 22:12:59 - WSN_Simulation - INFO - info:89 - 详细计划记录已保存到: data\20251026_220959\plans.txt
2025-10-26 22:12:59 - WSN_Simulation - INFO - info:89 - 记录了 168 个时间步的计划信息
2025-10-26 22:12:59 - WSN_Simulation - INFO - info:89 - 详细计划日志保存完成
2025-10-26 22:12:59 - WSN_Simulation - INFO - info:89 - 保存结果...
2025-10-26 22:13:01 - WSN_Simulation - INFO - info:89 - 结果已保存到: data\20251026_220959
2025-10-26 22:13:01 - WSN_Simulation - INFO - info:89 - 仿真过程中未发生错误
2025-10-26 22:13:01 - WSN_Simulation - INFO - info:89 - 程序执行完成
2025-10-26 22:13:23 - WSN_Simulation - INFO - info:89 - ==================================================
2025-10-26 22:13:23 - WSN_Simulation - INFO - info:89 - 无线传感器网络能量传输仿真系统
2025-10-26 22:13:23 - WSN_Simulation - INFO - info:89 - ==================================================
2025-10-26 22:13:23 - WSN_Simulation - INFO - info:89 - 开始加载配置...
2025-10-26 22:13:23 - WSN_Simulation - INFO - info:89 - 使用默认配置
2025-10-26 22:13:23 - WSN_Simulation - INFO - info:89 - ==================================================
2025-10-26 22:13:23 - WSN_Simulation - INFO - info:89 - 传统主动传能模式 (每60分钟定时触发)
2025-10-26 22:13:23 - WSN_Simulation - INFO - info:89 - ==================================================
2025-10-26 22:13:23 - WSN_Simulation - INFO - info:89 - 创建网络...
2025-10-26 22:13:23 - WSN_Simulation - INFO - info:89 - 网络创建完成: 30 个节点
2025-10-26 22:13:23 - WSN_Simulation - INFO - info:89 - 创建ADCR链路层...
2025-10-26 22:13:23 - WSN_Simulation - INFO - info:89 - ADCR链路层创建完成
2025-10-26 22:13:23 - WSN_Simulation - INFO - info:89 - 创建调度器...
2025-10-26 22:13:23 - WSN_Simulation - INFO - info:89 - 创建调度器: LyapunovScheduler
2025-10-26 22:13:23 - WSN_Simulation - INFO - info:89 - 调度器创建完成: LyapunovScheduler
2025-10-26 22:13:23 - WSN_Simulation - INFO - info:89 - 开始仿真...
2025-10-26 22:16:20 - WSN_Simulation - INFO - info:89 - 仿真完成
2025-10-26 22:16:20 - WSN_Simulation - INFO - info:89 - 生成可视化图表...
2025-10-26 22:16:55 - WSN_Simulation - INFO - info:89 - 可视化图表生成完成
2025-10-26 22:16:55 - WSN_Simulation - INFO - info:89 - 输出统计信息...
2025-10-26 22:16:55 - WSN_Simulation - INFO - info:89 - 导出配置参数...
2025-10-26 22:16:55 - WSN_Simulation - INFO - info:89 - 配置参数已导出到: data\20251026_221324\simulation_config.json
2025-10-26 22:16:55 - WSN_Simulation - INFO - info:89 - 保存详细计划日志...
2025-10-26 22:16:55 - WSN_Simulation - INFO - info:89 - 详细计划日志将保存到: data\20251026_221324\plans.txt
2025-10-26 22:16:55 - WSN_Simulation - INFO - info:89 - 详细计划记录已保存到: data\20251026_221324\plans.txt
2025-10-26 22:16:55 - WSN_Simulation - INFO - info:89 - 记录了 168 个时间步的计划信息
2025-10-26 22:16:55 - WSN_Simulation - INFO - info:89 - 详细计划日志保存完成
2025-10-26 22:16:55 - WSN_Simulation - INFO - info:89 - 保存结果...
2025-10-26 22:16:58 - WSN_Simulation - INFO - info:89 - 结果已保存到: data\20251026_221324
2025-10-26 22:16:58 - WSN_Simulation - INFO - info:89 - 仿真过程中未发生错误
2025-10-26 22:16:58 - WSN_Simulation - INFO - info:89 - 程序执行完成
2025-10-26 22:20:44 - WSN_Simulation - INFO - info:89 - ==================================================
2025-10-26 22:20:44 - WSN_Simulation - INFO - info:89 - 无线传感器网络能量传输仿真系统
2025-10-26 22:20:44 - WSN_Simulation - INFO - info:89 - ==================================================
2025-10-26 22:20:44 - WSN_Simulation - INFO - info:89 - 开始加载配置...
2025-10-26 22:20:44 - WSN_Simulation - INFO - info:89 - 使用默认配置
2025-10-26 22:20:44 - WSN_Simulation - INFO - info:89 - ==================================================
2025-10-26 22:20:44 - WSN_Simulation - INFO - info:89 - 传统主动传能模式 (每60分钟定时触发)
2025-10-26 22:20:44 - WSN_Simulation - INFO - info:89 - ==================================================
2025-10-26 22:20:44 - WSN_Simulation - INFO - info:89 - 创建网络...
2025-10-26 22:20:44 - WSN_Simulation - INFO - info:89 - 网络创建完成: 30 个节点
2025-10-26 22:20:44 - WSN_Simulation - INFO - info:89 - 创建ADCR链路层...
2025-10-26 22:20:44 - WSN_Simulation - INFO - info:89 - ADCR链路层创建完成
2025-10-26 22:20:44 - WSN_Simulation - INFO - info:89 - 创建调度器...
2025-10-26 22:20:44 - WSN_Simulation - INFO - info:89 - 创建调度器: LyapunovScheduler
2025-10-26 22:20:44 - WSN_Simulation - INFO - info:89 - 调度器创建完成: LyapunovScheduler
2025-10-26 22:20:44 - WSN_Simulation - INFO - info:89 - 开始仿真...
2025-10-26 22:22:31 - WSN_Simulation - INFO - info:89 - 仿真完成
2025-10-26 22:22:31 - WSN_Simulation - INFO - info:89 - 生成可视化图表...
2025-10-26 22:23:00 - WSN_Simulation - INFO - info:89 - 可视化图表生成完成
2025-10-26 22:23:00 - WSN_Simulation - INFO - info:89 - 输出统计信息...
2025-10-26 22:23:00 - WSN_Simulation - INFO - info:89 - 导出配置参数...
2025-10-26 22:23:00 - WSN_Simulation - INFO - info:89 - 配置参数已导出到: data\20251026_222044\simulation_config.json
2025-10-26 22:23:00 - WSN_Simulation - INFO - info:89 - 保存详细计划日志...
2025-10-26 22:23:00 - WSN_Simulation - INFO - info:89 - 详细计划日志将保存到: data\20251026_222044\plans.txt
2025-10-26 22:23:00 - WSN_Simulation - INFO - info:89 - 详细计划记录已保存到: data\20251026_222044\plans.txt
2025-10-26 22:23:00 - WSN_Simulation - INFO - info:89 - 记录了 168 个时间步的计划信息
2025-10-26 22:23:00 - WSN_Simulation - INFO - info:89 - 详细计划日志保存完成
2025-10-26 22:23:00 - WSN_Simulation - INFO - info:89 - 保存结果...
2025-10-26 22:23:02 - WSN_Simulation - INFO - info:89 - 结果已保存到: data\20251026_222044
2025-10-26 22:23:02 - WSN_Simulation - INFO - info:89 - 仿真过程中未发生错误
2025-10-26 22:23:02 - WSN_Simulation - INFO - info:89 - 程序执行完成
2025-10-26 22:23:30 - WSN_Simulation - INFO - info:89 - ==================================================
2025-10-26 22:23:30 - WSN_Simulation - INFO - info:89 - 无线传感器网络能量传输仿真系统
2025-10-26 22:23:30 - WSN_Simulation - INFO - info:89 - ==================================================
2025-10-26 22:23:30 - WSN_Simulation - INFO - info:89 - 开始加载配置...
2025-10-26 22:23:30 - WSN_Simulation - INFO - info:89 - 使用默认配置
2025-10-26 22:23:30 - WSN_Simulation - INFO - info:89 - ==================================================
2025-10-26 22:23:30 - WSN_Simulation - INFO - info:89 - 传统主动传能模式 (每60分钟定时触发)
2025-10-26 22:23:30 - WSN_Simulation - INFO - info:89 - ==================================================
2025-10-26 22:23:30 - WSN_Simulation - INFO - info:89 - 创建网络...
2025-10-26 22:23:30 - WSN_Simulation - INFO - info:89 - 网络创建完成: 30 个节点
2025-10-26 22:23:30 - WSN_Simulation - INFO - info:89 - 创建ADCR链路层...
2025-10-26 22:23:30 - WSN_Simulation - INFO - info:89 - ADCR链路层创建完成
2025-10-26 22:23:30 - WSN_Simulation - INFO - info:89 - 创建调度器...
2025-10-26 22:23:30 - WSN_Simulation - INFO - info:89 - 创建调度器: LyapunovScheduler
2025-10-26 22:23:30 - WSN_Simulation - INFO - info:89 - 调度器创建完成: LyapunovScheduler
2025-10-26 22:23:30 - WSN_Simulation - INFO - info:89 - 开始仿真...
2025-10-26 22:25:28 - WSN_Simulation - INFO - info:89 - 仿真完成
2025-10-26 22:25:28 - WSN_Simulation - INFO - info:89 - 生成可视化图表...
2025-10-26 22:25:57 - WSN_Simulation - INFO - info:89 - 可视化图表生成完成
2025-10-26 22:25:57 - WSN_Simulation - INFO - info:89 - 输出统计信息...
2025-10-26 22:25:57 - WSN_Simulation - INFO - info:89 - 导出配置参数...
2025-10-26 22:25:57 - WSN_Simulation - INFO - info:89 - 配置参数已导出到: data\20251026_222331\simulation_config.json
2025-10-26 22:25:57 - WSN_Simulation - INFO - info:89 - 保存详细计划日志...
2025-10-26 22:25:57 - WSN_Simulation - INFO - info:89 - 详细计划日志将保存到: data\20251026_222331\plans.txt
2025-10-26 22:25:57 - WSN_Simulation - INFO - info:89 - 详细计划记录已保存到: data\20251026_222331\plans.txt
2025-10-26 22:25:57 - WSN_Simulation - INFO - info:89 - 记录了 168 个时间步的计划信息
2025-10-26 22:25:57 - WSN_Simulation - INFO - info:89 - 详细计划日志保存完成
2025-10-26 22:25:57 - WSN_Simulation - INFO - info:89 - 保存结果...
2025-10-26 22:26:00 - WSN_Simulation - INFO - info:89 - 结果已保存到: data\20251026_222331
2025-10-26 22:26:00 - WSN_Simulation - INFO - info:89 - 仿真过程中未发生错误
2025-10-26 22:26:00 - WSN_Simulation - INFO - info:89 - 程序执行完成
2025-10-26 22:35:18 - WSN_Simulation - INFO - info:89 - ==================================================
2025-10-26 22:35:18 - WSN_Simulation - INFO - info:89 - 无线传感器网络能量传输仿真系统
2025-10-26 22:35:18 - WSN_Simulation - INFO - info:89 - ==================================================
2025-10-26 22:35:18 - WSN_Simulation - INFO - info:89 - 开始加载配置...
2025-10-26 22:35:18 - WSN_Simulation - INFO - info:89 - 使用默认配置
2025-10-26 22:35:18 - WSN_Simulation - INFO - info:89 - ==================================================
2025-10-26 22:35:18 - WSN_Simulation - INFO - info:89 - 传统主动传能模式 (每60分钟定时触发)
2025-10-26 22:35:18 - WSN_Simulation - INFO - info:89 - ==================================================
2025-10-26 22:35:18 - WSN_Simulation - INFO - info:89 - 创建网络...
2025-10-26 22:35:18 - WSN_Simulation - INFO - info:89 - 网络创建完成: 30 个节点
2025-10-26 22:35:18 - WSN_Simulation - INFO - info:89 - 创建ADCR链路层...
2025-10-26 22:35:18 - WSN_Simulation - INFO - info:89 - ADCR链路层创建完成
2025-10-26 22:35:18 - WSN_Simulation - INFO - info:89 - 创建调度器...
2025-10-26 22:35:18 - WSN_Simulation - INFO - info:89 - 创建调度器: LyapunovScheduler
2025-10-26 22:35:18 - WSN_Simulation - INFO - info:89 - 调度器创建完成: LyapunovScheduler
2025-10-26 22:35:18 - WSN_Simulation - INFO - info:89 - 开始仿真...
2025-10-26 22:38:40 - WSN_Simulation - INFO - info:89 - 仿真完成
2025-10-26 22:38:40 - WSN_Simulation - INFO - info:89 - 生成可视化图表...
2025-10-26 22:39:09 - WSN_Simulation - INFO - info:89 - 可视化图表生成完成
2025-10-26 22:39:09 - WSN_Simulation - INFO - info:89 - 输出统计信息...
2025-10-26 22:39:09 - WSN_Simulation - INFO - info:89 - 导出配置参数...
2025-10-26 22:39:09 - WSN_Simulation - INFO - info:89 - 配置参数已导出到: data\20251026_223518\simulation_config.json
2025-10-26 22:39:09 - WSN_Simulation - INFO - info:89 - 保存详细计划日志...
2025-10-26 22:39:09 - WSN_Simulation - INFO - info:89 - 详细计划日志将保存到: data\20251026_223518\plans.txt
2025-10-26 22:39:09 - WSN_Simulation - INFO - info:89 - 详细计划记录已保存到: data\20251026_223518\plans.txt
2025-10-26 22:39:09 - WSN_Simulation - INFO - info:89 - 记录了 168 个时间步的计划信息
2025-10-26 22:39:09 - WSN_Simulation - INFO - info:89 - 详细计划日志保存完成
2025-10-26 22:39:09 - WSN_Simulation - INFO - info:89 - 保存结果...
2025-10-26 22:39:11 - WSN_Simulation - INFO - info:89 - 结果已保存到: data\20251026_223518
2025-10-26 22:39:11 - WSN_Simulation - INFO - info:89 - 仿真过程中未发生错误
2025-10-26 22:39:11 - WSN_Simulation - INFO - info:89 - 程序执行完成
2025-10-26 23:56:50 - WSN_Simulation - INFO - info:89 - ==================================================
2025-10-26 23:56:50 - WSN_Simulation - INFO - info:89 - 无线传感器网络能量传输仿真系统
2025-10-26 23:56:50 - WSN_Simulation - INFO - info:89 - ==================================================
2025-10-26 23:56:50 - WSN_Simulation - INFO - info:89 - 开始加载配置...
2025-10-26 23:56:50 - WSN_Simulation - INFO - info:89 - 使用默认配置
2025-10-26 23:56:50 - WSN_Simulation - INFO - info:89 - ==================================================
2025-10-26 23:56:50 - WSN_Simulation - INFO - info:89 - 传统主动传能模式 (每60分钟定时触发)
2025-10-26 23:56:50 - WSN_Simulation - INFO - info:89 - ==================================================
2025-10-26 23:56:50 - WSN_Simulation - INFO - info:89 - 创建网络...
2025-10-26 23:56:50 - WSN_Simulation - INFO - info:89 - 网络创建完成: 30 个节点
2025-10-26 23:56:50 - WSN_Simulation - INFO - info:89 - ADCR链路层已禁用
2025-10-26 23:56:50 - WSN_Simulation - INFO - info:89 - 创建调度器...
2025-10-26 23:56:50 - WSN_Simulation - INFO - info:89 - 创建调度器: LyapunovScheduler
2025-10-26 23:56:50 - WSN_Simulation - INFO - info:89 - 调度器创建完成: LyapunovScheduler
2025-10-26 23:56:50 - WSN_Simulation - INFO - info:89 - 开始仿真...
2025-10-26 23:59:29 - WSN_Simulation - INFO - info:89 - ==================================================
2025-10-26 23:59:29 - WSN_Simulation - INFO - info:89 - 无线传感器网络能量传输仿真系统
2025-10-26 23:59:29 - WSN_Simulation - INFO - info:89 - ==================================================
2025-10-26 23:59:29 - WSN_Simulation - INFO - info:89 - 开始加载配置...
2025-10-26 23:59:29 - WSN_Simulation - INFO - info:89 - 使用默认配置
2025-10-26 23:59:29 - WSN_Simulation - INFO - info:89 - ==================================================
2025-10-26 23:59:29 - WSN_Simulation - INFO - info:89 - 智能被动传能模式已启用
2025-10-26 23:59:29 - WSN_Simulation - INFO - info:89 -   - 检查间隔: 1 分钟
2025-10-26 23:59:29 - WSN_Simulation - INFO - info:89 -   - 临界比例: 20.0%
2025-10-26 23:59:29 - WSN_Simulation - INFO - info:89 -   - 能量方差阈值: 0.20
2025-10-26 23:59:29 - WSN_Simulation - INFO - info:89 -   - 冷却期: 1 分钟
2025-10-26 23:59:29 - WSN_Simulation - INFO - info:89 -   - 预测窗口: 60 分钟
2025-10-26 23:59:29 - WSN_Simulation - INFO - info:89 - ==================================================
2025-10-26 23:59:29 - WSN_Simulation - INFO - info:89 - 创建网络...
2025-10-26 23:59:29 - WSN_Simulation - INFO - info:89 - 网络创建完成: 30 个节点
2025-10-26 23:59:29 - WSN_Simulation - INFO - info:89 - ADCR链路层已禁用
2025-10-26 23:59:29 - WSN_Simulation - INFO - info:89 - 创建调度器...
2025-10-26 23:59:29 - WSN_Simulation - INFO - info:89 - 创建调度器: LyapunovScheduler
2025-10-26 23:59:29 - WSN_Simulation - INFO - info:89 - 调度器创建完成: LyapunovScheduler
2025-10-26 23:59:29 - WSN_Simulation - INFO - info:89 - 开始仿真...
2025-10-27 00:00:27 - WSN_Simulation - INFO - info:89 - 仿真完成
2025-10-27 00:00:27 - WSN_Simulation - INFO - info:89 - 生成可视化图表...
2025-10-27 00:00:38 - WSN_Simulation - INFO - info:89 - 可视化图表生成完成
2025-10-27 00:00:38 - WSN_Simulation - INFO - info:89 - 输出统计信息...
2025-10-27 00:00:38 - WSN_Simulation - INFO - info:89 - 导出配置参数...
2025-10-27 00:00:38 - WSN_Simulation - INFO - info:89 - 配置参数已导出到: data\20251026_235929\simulation_config.json
2025-10-27 00:00:38 - WSN_Simulation - INFO - info:89 - 保存详细计划日志...
2025-10-27 00:00:38 - WSN_Simulation - INFO - info:89 - 详细计划日志将保存到: data\20251026_235929\plans.txt
2025-10-27 00:00:38 - WSN_Simulation - INFO - info:89 - 详细计划记录已保存到: data\20251026_235929\plans.txt
2025-10-27 00:00:38 - WSN_Simulation - INFO - info:89 - 记录了 124 个时间步的计划信息
2025-10-27 00:00:38 - WSN_Simulation - INFO - info:89 - 详细计划日志保存完成
2025-10-27 00:00:38 - WSN_Simulation - INFO - info:89 - 保存结果...
2025-10-27 00:00:39 - WSN_Simulation - INFO - info:89 - 结果已保存到: data\20251026_235929
2025-10-27 00:00:39 - WSN_Simulation - INFO - info:89 - 仿真过程中未发生错误
2025-10-27 00:00:39 - WSN_Simulation - INFO - info:89 - 程序执行完成
