2025-10-22 22:29:14 - WSN_Simulation - INFO - info:89 - ==================================================
2025-10-22 22:29:14 - WSN_Simulation - INFO - info:89 - 无线传感器网络能量传输仿真系统
2025-10-22 22:29:14 - WSN_Simulation - INFO - info:89 - ==================================================
2025-10-22 22:29:14 - WSN_Simulation - INFO - info:89 - 开始加载配置...
2025-10-22 22:29:14 - WSN_Simulation - INFO - info:89 - 使用默认配置
2025-10-22 22:29:14 - WSN_Simulation - INFO - info:89 - 创建网络...
2025-10-22 22:29:14 - WSN_Simulation - INFO - info:89 - 网络创建完成: 25 个节点
2025-10-22 22:29:14 - WSN_Simulation - INFO - info:89 - ADCR链路层已禁用
2025-10-22 22:29:14 - WSN_Simulation - INFO - info:89 - 创建调度器...
2025-10-22 22:29:14 - WSN_Simulation - INFO - info:89 - 创建调度器: LyapunovScheduler
2025-10-22 22:29:14 - WSN_Simulation - INFO - info:89 - 调度器创建完成: LyapunovScheduler
2025-10-22 22:29:14 - WSN_Simulation - INFO - info:89 - 开始仿真...
2025-10-22 22:29:47 - WSN_Simulation - INFO - info:89 - ==================================================
2025-10-22 22:29:47 - WSN_Simulation - INFO - info:89 - 无线传感器网络能量传输仿真系统
2025-10-22 22:29:47 - WSN_Simulation - INFO - info:89 - ==================================================
2025-10-22 22:29:47 - WSN_Simulation - INFO - info:89 - 开始加载配置...
2025-10-22 22:29:47 - WSN_Simulation - INFO - info:89 - 使用默认配置
2025-10-22 22:29:47 - WSN_Simulation - INFO - info:89 - 创建网络...
2025-10-22 22:29:47 - WSN_Simulation - INFO - info:89 - 网络创建完成: 25 个节点
2025-10-22 22:29:47 - WSN_Simulation - INFO - info:89 - 创建ADCR链路层...
2025-10-22 22:29:47 - WSN_Simulation - INFO - info:89 - ADCR链路层创建完成
2025-10-22 22:29:47 - WSN_Simulation - INFO - info:89 - 创建调度器...
2025-10-22 22:29:47 - WSN_Simulation - INFO - info:89 - 创建调度器: LyapunovScheduler
2025-10-22 22:29:47 - WSN_Simulation - INFO - info:89 - 调度器创建完成: LyapunovScheduler
2025-10-22 22:29:47 - WSN_Simulation - INFO - info:89 - 开始仿真...
2025-10-22 22:31:07 - WSN_Simulation - INFO - info:89 - ==================================================
2025-10-22 22:31:07 - WSN_Simulation - INFO - info:89 - 无线传感器网络能量传输仿真系统
2025-10-22 22:31:07 - WSN_Simulation - INFO - info:89 - ==================================================
2025-10-22 22:31:07 - WSN_Simulation - INFO - info:89 - 开始加载配置...
2025-10-22 22:31:07 - WSN_Simulation - INFO - info:89 - 使用默认配置
2025-10-22 22:31:07 - WSN_Simulation - INFO - info:89 - 创建网络...
2025-10-22 22:31:07 - WSN_Simulation - INFO - info:89 - 网络创建完成: 25 个节点
2025-10-22 22:31:07 - WSN_Simulation - INFO - info:89 - 创建ADCR链路层...
2025-10-22 22:31:07 - WSN_Simulation - INFO - info:89 - ADCR链路层创建完成
2025-10-22 22:31:07 - WSN_Simulation - INFO - info:89 - 创建调度器...
2025-10-22 22:31:07 - WSN_Simulation - INFO - info:89 - 创建调度器: LyapunovScheduler
2025-10-22 22:31:07 - WSN_Simulation - INFO - info:89 - 调度器创建完成: LyapunovScheduler
2025-10-22 22:31:07 - WSN_Simulation - INFO - info:89 - 开始仿真...
2025-10-22 22:31:13 - WSN_Simulation - INFO - info:89 - 仿真完成
2025-10-22 22:31:13 - WSN_Simulation - INFO - info:89 - 生成可视化图表...
2025-10-22 22:31:33 - WSN_Simulation - WARNING - warning:93 - 可恢复错误 [可视化生成]: AttributeError - 'EnergySimulation' object has no attribute 'plot_K_history'
2025-10-22 22:31:33 - WSN_Simulation - INFO - info:89 - 输出统计信息...
2025-10-22 22:31:33 - WSN_Simulation - INFO - info:89 - 导出配置参数...
2025-10-22 22:31:33 - WSN_Simulation - INFO - info:89 - 配置参数已导出到: data\20251022_223108\simulation_config.json
2025-10-22 22:31:33 - WSN_Simulation - INFO - info:89 - 保存详细计划日志...
2025-10-22 22:31:33 - WSN_Simulation - INFO - info:89 - 详细计划日志将保存到: data\20251022_223108\plans.txt
2025-10-22 22:31:33 - WSN_Simulation - INFO - info:89 - 详细计划记录已保存到: data\20251022_223108\plans.txt
2025-10-22 22:31:33 - WSN_Simulation - INFO - info:89 - 记录了 168 个时间步的计划信息
2025-10-22 22:31:33 - WSN_Simulation - INFO - info:89 - 详细计划日志保存完成
2025-10-22 22:31:33 - WSN_Simulation - INFO - info:89 - 保存结果...
2025-10-22 22:31:34 - WSN_Simulation - INFO - info:89 - 结果已保存到: data\20251022_223108
2025-10-22 22:31:34 - WSN_Simulation - WARNING - warning:93 - 仿真过程中发生 1 个错误
2025-10-22 22:31:34 - WSN_Simulation - INFO - info:89 - 错误类型统计: {'AttributeError': 1}
2025-10-22 22:31:34 - WSN_Simulation - INFO - info:89 - 程序执行完成
2025-10-22 22:32:21 - WSN_Simulation - INFO - info:89 - ==================================================
2025-10-22 22:32:21 - WSN_Simulation - INFO - info:89 - 无线传感器网络能量传输仿真系统
2025-10-22 22:32:21 - WSN_Simulation - INFO - info:89 - ==================================================
2025-10-22 22:32:21 - WSN_Simulation - INFO - info:89 - 开始加载配置...
2025-10-22 22:32:21 - WSN_Simulation - INFO - info:89 - 使用默认配置
2025-10-22 22:32:21 - WSN_Simulation - INFO - info:89 - 创建网络...
2025-10-22 22:32:21 - WSN_Simulation - INFO - info:89 - 网络创建完成: 25 个节点
2025-10-22 22:32:21 - WSN_Simulation - INFO - info:89 - 创建ADCR链路层...
2025-10-22 22:32:21 - WSN_Simulation - INFO - info:89 - ADCR链路层创建完成
2025-10-22 22:32:21 - WSN_Simulation - INFO - info:89 - 创建调度器...
2025-10-22 22:32:21 - WSN_Simulation - INFO - info:89 - 创建调度器: LyapunovScheduler
2025-10-22 22:32:21 - WSN_Simulation - INFO - info:89 - 调度器创建完成: LyapunovScheduler
2025-10-22 22:32:21 - WSN_Simulation - INFO - info:89 - 开始仿真...
2025-10-22 22:32:25 - WSN_Simulation - INFO - info:89 - 仿真完成
2025-10-22 22:32:25 - WSN_Simulation - INFO - info:89 - 生成可视化图表...
2025-10-22 22:32:42 - WSN_Simulation - WARNING - warning:93 - 可恢复错误 [可视化生成]: AttributeError - 'EnergySimulation' object has no attribute 'plot_K_history'
2025-10-22 22:32:42 - WSN_Simulation - INFO - info:89 - 输出统计信息...
2025-10-22 22:32:42 - WSN_Simulation - INFO - info:89 - 导出配置参数...
2025-10-22 22:32:42 - WSN_Simulation - INFO - info:89 - 配置参数已导出到: data\20251022_223222\simulation_config.json
2025-10-22 22:32:42 - WSN_Simulation - INFO - info:89 - 保存详细计划日志...
2025-10-22 22:32:42 - WSN_Simulation - INFO - info:89 - 详细计划日志将保存到: data\20251022_223222\plans.txt
2025-10-22 22:32:42 - WSN_Simulation - INFO - info:89 - 详细计划记录已保存到: data\20251022_223222\plans.txt
2025-10-22 22:32:42 - WSN_Simulation - INFO - info:89 - 记录了 168 个时间步的计划信息
2025-10-22 22:32:42 - WSN_Simulation - INFO - info:89 - 详细计划日志保存完成
2025-10-22 22:32:42 - WSN_Simulation - INFO - info:89 - 保存结果...
2025-10-22 22:32:43 - WSN_Simulation - INFO - info:89 - 结果已保存到: data\20251022_223222
2025-10-22 22:32:43 - WSN_Simulation - WARNING - warning:93 - 仿真过程中发生 1 个错误
2025-10-22 22:32:43 - WSN_Simulation - INFO - info:89 - 错误类型统计: {'AttributeError': 1}
2025-10-22 22:32:43 - WSN_Simulation - INFO - info:89 - 程序执行完成
2025-10-22 22:37:25 - WSN_Simulation - INFO - info:89 - ==================================================
2025-10-22 22:37:25 - WSN_Simulation - INFO - info:89 - 无线传感器网络能量传输仿真系统
2025-10-22 22:37:25 - WSN_Simulation - INFO - info:89 - ==================================================
2025-10-22 22:37:25 - WSN_Simulation - INFO - info:89 - 开始加载配置...
2025-10-22 22:37:25 - WSN_Simulation - INFO - info:89 - 使用默认配置
2025-10-22 22:37:25 - WSN_Simulation - INFO - info:89 - 创建网络...
2025-10-22 22:37:25 - WSN_Simulation - INFO - info:89 - 网络创建完成: 25 个节点
2025-10-22 22:37:25 - WSN_Simulation - INFO - info:89 - 创建ADCR链路层...
2025-10-22 22:37:25 - WSN_Simulation - INFO - info:89 - ADCR链路层创建完成
2025-10-22 22:37:25 - WSN_Simulation - INFO - info:89 - 创建调度器...
2025-10-22 22:37:25 - WSN_Simulation - INFO - info:89 - 创建调度器: LyapunovScheduler
2025-10-22 22:37:25 - WSN_Simulation - INFO - info:89 - 调度器创建完成: LyapunovScheduler
2025-10-22 22:37:25 - WSN_Simulation - INFO - info:89 - 开始仿真...
2025-10-22 22:37:35 - WSN_Simulation - INFO - info:89 - 仿真完成
2025-10-22 22:37:35 - WSN_Simulation - INFO - info:89 - 生成可视化图表...
2025-10-22 22:37:52 - WSN_Simulation - WARNING - warning:93 - 可恢复错误 [可视化生成]: AttributeError - 'EnergySimulation' object has no attribute 'plot_K_history'
2025-10-22 22:37:52 - WSN_Simulation - INFO - info:89 - 输出统计信息...
2025-10-22 22:37:52 - WSN_Simulation - INFO - info:89 - 导出配置参数...
2025-10-22 22:37:52 - WSN_Simulation - INFO - info:89 - 配置参数已导出到: data\20251022_223726\simulation_config.json
2025-10-22 22:37:52 - WSN_Simulation - INFO - info:89 - 保存详细计划日志...
2025-10-22 22:37:52 - WSN_Simulation - INFO - info:89 - 详细计划日志将保存到: data\20251022_223726\plans.txt
2025-10-22 22:37:52 - WSN_Simulation - INFO - info:89 - 详细计划记录已保存到: data\20251022_223726\plans.txt
2025-10-22 22:37:52 - WSN_Simulation - INFO - info:89 - 记录了 168 个时间步的计划信息
2025-10-22 22:37:52 - WSN_Simulation - INFO - info:89 - 详细计划日志保存完成
2025-10-22 22:37:52 - WSN_Simulation - INFO - info:89 - 保存结果...
2025-10-22 22:37:53 - WSN_Simulation - INFO - info:89 - 结果已保存到: data\20251022_223726
2025-10-22 22:37:53 - WSN_Simulation - WARNING - warning:93 - 仿真过程中发生 1 个错误
2025-10-22 22:37:53 - WSN_Simulation - INFO - info:89 - 错误类型统计: {'AttributeError': 1}
2025-10-22 22:37:53 - WSN_Simulation - INFO - info:89 - 程序执行完成
2025-10-22 22:44:48 - WSN_Simulation - INFO - info:89 - ==================================================
2025-10-22 22:44:48 - WSN_Simulation - INFO - info:89 - 无线传感器网络能量传输仿真系统
2025-10-22 22:44:48 - WSN_Simulation - INFO - info:89 - ==================================================
2025-10-22 22:44:48 - WSN_Simulation - INFO - info:89 - 开始加载配置...
2025-10-22 22:44:48 - WSN_Simulation - INFO - info:89 - 使用默认配置
2025-10-22 22:44:48 - WSN_Simulation - INFO - info:89 - 创建网络...
2025-10-22 22:44:48 - WSN_Simulation - INFO - info:89 - 网络创建完成: 25 个节点
2025-10-22 22:44:48 - WSN_Simulation - INFO - info:89 - 创建ADCR链路层...
2025-10-22 22:44:48 - WSN_Simulation - INFO - info:89 - ADCR链路层创建完成
2025-10-22 22:44:48 - WSN_Simulation - INFO - info:89 - 创建调度器...
2025-10-22 22:44:48 - WSN_Simulation - INFO - info:89 - 创建调度器: LyapunovScheduler
2025-10-22 22:44:48 - WSN_Simulation - INFO - info:89 - 调度器创建完成: LyapunovScheduler
2025-10-22 22:44:48 - WSN_Simulation - INFO - info:89 - 开始仿真...
2025-10-22 22:45:20 - WSN_Simulation - INFO - info:89 - 仿真完成
2025-10-22 22:45:20 - WSN_Simulation - INFO - info:89 - 生成可视化图表...
2025-10-22 22:45:21 - WSN_Simulation - WARNING - warning:93 - 可恢复错误 [可视化生成]: BrowserFailedError - ('The browser seemed to close immediately after starting.', 'You can set the `logging.Logger` level lower to see more output.', 'You may try installing a known working copy of Chrome by running ', '`$ choreo_get_chrome`. It may be your copy auto-updated.')
2025-10-22 22:45:21 - WSN_Simulation - INFO - info:89 - 输出统计信息...
2025-10-22 22:45:21 - WSN_Simulation - INFO - info:89 - 导出配置参数...
2025-10-22 22:45:21 - WSN_Simulation - INFO - info:89 - 配置参数已导出到: data\20251022_224449\simulation_config.json
2025-10-22 22:45:21 - WSN_Simulation - INFO - info:89 - 保存详细计划日志...
2025-10-22 22:45:21 - WSN_Simulation - INFO - info:89 - 详细计划日志将保存到: data\20251022_224449\plans.txt
2025-10-22 22:45:21 - WSN_Simulation - INFO - info:89 - 详细计划记录已保存到: data\20251022_224449\plans.txt
2025-10-22 22:45:21 - WSN_Simulation - INFO - info:89 - 记录了 168 个时间步的计划信息
2025-10-22 22:45:21 - WSN_Simulation - INFO - info:89 - 详细计划日志保存完成
2025-10-22 22:45:21 - WSN_Simulation - INFO - info:89 - 保存结果...
2025-10-22 22:45:23 - WSN_Simulation - INFO - info:89 - 结果已保存到: data\20251022_224449
2025-10-22 22:45:23 - WSN_Simulation - WARNING - warning:93 - 仿真过程中发生 1 个错误
2025-10-22 22:45:23 - WSN_Simulation - INFO - info:89 - 错误类型统计: {'BrowserFailedError': 1}
2025-10-22 22:45:23 - WSN_Simulation - INFO - info:89 - 程序执行完成
2025-10-22 22:47:19 - WSN_Simulation - INFO - info:89 - ==================================================
2025-10-22 22:47:19 - WSN_Simulation - INFO - info:89 - 无线传感器网络能量传输仿真系统
2025-10-22 22:47:19 - WSN_Simulation - INFO - info:89 - ==================================================
2025-10-22 22:47:19 - WSN_Simulation - INFO - info:89 - 开始加载配置...
2025-10-22 22:47:19 - WSN_Simulation - INFO - info:89 - 使用默认配置
2025-10-22 22:47:19 - WSN_Simulation - INFO - info:89 - 创建网络...
2025-10-22 22:47:19 - WSN_Simulation - INFO - info:89 - 网络创建完成: 25 个节点
2025-10-22 22:47:19 - WSN_Simulation - INFO - info:89 - 创建ADCR链路层...
2025-10-22 22:47:19 - WSN_Simulation - INFO - info:89 - ADCR链路层创建完成
2025-10-22 22:47:19 - WSN_Simulation - INFO - info:89 - 创建调度器...
2025-10-22 22:47:19 - WSN_Simulation - INFO - info:89 - 创建调度器: LyapunovScheduler
2025-10-22 22:47:19 - WSN_Simulation - INFO - info:89 - 调度器创建完成: LyapunovScheduler
2025-10-22 22:47:19 - WSN_Simulation - INFO - info:89 - 开始仿真...
2025-10-22 22:47:26 - WSN_Simulation - INFO - info:89 - 仿真完成
2025-10-22 22:47:26 - WSN_Simulation - INFO - info:89 - 生成可视化图表...
2025-10-22 22:47:28 - WSN_Simulation - WARNING - warning:93 - 可恢复错误 [可视化生成]: BrowserFailedError - ('The browser seemed to close immediately after starting.', 'You can set the `logging.Logger` level lower to see more output.', 'You may try installing a known working copy of Chrome by running ', '`$ choreo_get_chrome`. It may be your copy auto-updated.')
2025-10-22 22:47:28 - WSN_Simulation - INFO - info:89 - 输出统计信息...
2025-10-22 22:47:28 - WSN_Simulation - INFO - info:89 - 导出配置参数...
2025-10-22 22:47:28 - WSN_Simulation - INFO - info:89 - 配置参数已导出到: data\20251022_224720\simulation_config.json
2025-10-22 22:47:28 - WSN_Simulation - INFO - info:89 - 保存详细计划日志...
2025-10-22 22:47:28 - WSN_Simulation - INFO - info:89 - 详细计划日志将保存到: data\20251022_224720\plans.txt
2025-10-22 22:47:28 - WSN_Simulation - INFO - info:89 - 详细计划记录已保存到: data\20251022_224720\plans.txt
2025-10-22 22:47:28 - WSN_Simulation - INFO - info:89 - 记录了 168 个时间步的计划信息
2025-10-22 22:47:28 - WSN_Simulation - INFO - info:89 - 详细计划日志保存完成
2025-10-22 22:47:28 - WSN_Simulation - INFO - info:89 - 保存结果...
2025-10-22 22:47:30 - WSN_Simulation - INFO - info:89 - 结果已保存到: data\20251022_224720
2025-10-22 22:47:30 - WSN_Simulation - WARNING - warning:93 - 仿真过程中发生 1 个错误
2025-10-22 22:47:30 - WSN_Simulation - INFO - info:89 - 错误类型统计: {'BrowserFailedError': 1}
2025-10-22 22:47:30 - WSN_Simulation - INFO - info:89 - 程序执行完成
2025-10-22 22:49:41 - WSN_Simulation - INFO - info:89 - ==================================================
2025-10-22 22:49:41 - WSN_Simulation - INFO - info:89 - 无线传感器网络能量传输仿真系统
2025-10-22 22:49:41 - WSN_Simulation - INFO - info:89 - ==================================================
2025-10-22 22:49:41 - WSN_Simulation - INFO - info:89 - 开始加载配置...
2025-10-22 22:49:41 - WSN_Simulation - INFO - info:89 - 使用默认配置
2025-10-22 22:49:41 - WSN_Simulation - INFO - info:89 - 创建网络...
2025-10-22 22:49:41 - WSN_Simulation - INFO - info:89 - 网络创建完成: 25 个节点
2025-10-22 22:49:41 - WSN_Simulation - INFO - info:89 - 创建ADCR链路层...
2025-10-22 22:49:41 - WSN_Simulation - INFO - info:89 - ADCR链路层创建完成
2025-10-22 22:49:41 - WSN_Simulation - INFO - info:89 - 创建调度器...
2025-10-22 22:49:41 - WSN_Simulation - INFO - info:89 - 创建调度器: LyapunovScheduler
2025-10-22 22:49:41 - WSN_Simulation - INFO - info:89 - 调度器创建完成: LyapunovScheduler
2025-10-22 22:49:41 - WSN_Simulation - INFO - info:89 - 开始仿真...
2025-10-22 22:49:54 - WSN_Simulation - INFO - info:89 - 仿真完成
2025-10-22 22:49:54 - WSN_Simulation - INFO - info:89 - 生成可视化图表...
2025-10-22 22:49:56 - WSN_Simulation - WARNING - warning:93 - 可恢复错误 [可视化生成]: BrowserFailedError - ('The browser seemed to close immediately after starting.', 'You can set the `logging.Logger` level lower to see more output.', 'You may try installing a known working copy of Chrome by running ', '`$ choreo_get_chrome`. It may be your copy auto-updated.')
2025-10-22 22:49:56 - WSN_Simulation - INFO - info:89 - 输出统计信息...
2025-10-22 22:49:56 - WSN_Simulation - INFO - info:89 - 导出配置参数...
2025-10-22 22:49:56 - WSN_Simulation - INFO - info:89 - 配置参数已导出到: data\20251022_224942\simulation_config.json
2025-10-22 22:49:56 - WSN_Simulation - INFO - info:89 - 保存详细计划日志...
2025-10-22 22:49:56 - WSN_Simulation - INFO - info:89 - 详细计划日志将保存到: data\20251022_224942\plans.txt
2025-10-22 22:49:56 - WSN_Simulation - INFO - info:89 - 详细计划记录已保存到: data\20251022_224942\plans.txt
2025-10-22 22:49:56 - WSN_Simulation - INFO - info:89 - 记录了 168 个时间步的计划信息
2025-10-22 22:49:56 - WSN_Simulation - INFO - info:89 - 详细计划日志保存完成
2025-10-22 22:49:56 - WSN_Simulation - INFO - info:89 - 保存结果...
2025-10-22 22:49:57 - WSN_Simulation - INFO - info:89 - 结果已保存到: data\20251022_224942
2025-10-22 22:49:57 - WSN_Simulation - WARNING - warning:93 - 仿真过程中发生 1 个错误
2025-10-22 22:49:57 - WSN_Simulation - INFO - info:89 - 错误类型统计: {'BrowserFailedError': 1}
2025-10-22 22:49:57 - WSN_Simulation - INFO - info:89 - 程序执行完成
2025-10-22 22:53:59 - WSN_Simulation - INFO - info:89 - ==================================================
2025-10-22 22:53:59 - WSN_Simulation - INFO - info:89 - 无线传感器网络能量传输仿真系统
2025-10-22 22:53:59 - WSN_Simulation - INFO - info:89 - ==================================================
2025-10-22 22:53:59 - WSN_Simulation - INFO - info:89 - 开始加载配置...
2025-10-22 22:53:59 - WSN_Simulation - INFO - info:89 - 使用默认配置
2025-10-22 22:53:59 - WSN_Simulation - INFO - info:89 - 创建网络...
2025-10-22 22:53:59 - WSN_Simulation - INFO - info:89 - 网络创建完成: 25 个节点
2025-10-22 22:53:59 - WSN_Simulation - INFO - info:89 - 创建ADCR链路层...
2025-10-22 22:53:59 - WSN_Simulation - INFO - info:89 - ADCR链路层创建完成
2025-10-22 22:53:59 - WSN_Simulation - INFO - info:89 - 创建调度器...
2025-10-22 22:53:59 - WSN_Simulation - INFO - info:89 - 创建调度器: LyapunovScheduler
2025-10-22 22:53:59 - WSN_Simulation - INFO - info:89 - 调度器创建完成: LyapunovScheduler
2025-10-22 22:53:59 - WSN_Simulation - INFO - info:89 - 开始仿真...
2025-10-22 22:54:31 - WSN_Simulation - INFO - info:89 - 仿真完成
2025-10-22 22:54:31 - WSN_Simulation - INFO - info:89 - 生成可视化图表...
2025-10-22 22:54:32 - WSN_Simulation - WARNING - warning:93 - 可恢复错误 [可视化生成]: BrowserFailedError - ('The browser seemed to close immediately after starting.', 'You can set the `logging.Logger` level lower to see more output.', 'You may try installing a known working copy of Chrome by running ', '`$ choreo_get_chrome`. It may be your copy auto-updated.')
2025-10-22 22:54:32 - WSN_Simulation - INFO - info:89 - 输出统计信息...
2025-10-22 22:54:32 - WSN_Simulation - INFO - info:89 - 导出配置参数...
2025-10-22 22:54:32 - WSN_Simulation - INFO - info:89 - 配置参数已导出到: data\20251022_225400\simulation_config.json
2025-10-22 22:54:32 - WSN_Simulation - INFO - info:89 - 保存详细计划日志...
2025-10-22 22:54:32 - WSN_Simulation - INFO - info:89 - 详细计划日志将保存到: data\20251022_225400\plans.txt
2025-10-22 22:54:32 - WSN_Simulation - INFO - info:89 - 详细计划记录已保存到: data\20251022_225400\plans.txt
2025-10-22 22:54:32 - WSN_Simulation - INFO - info:89 - 记录了 168 个时间步的计划信息
2025-10-22 22:54:32 - WSN_Simulation - INFO - info:89 - 详细计划日志保存完成
2025-10-22 22:54:32 - WSN_Simulation - INFO - info:89 - 保存结果...
2025-10-22 22:54:33 - WSN_Simulation - INFO - info:89 - 结果已保存到: data\20251022_225400
2025-10-22 22:54:33 - WSN_Simulation - WARNING - warning:93 - 仿真过程中发生 1 个错误
2025-10-22 22:54:33 - WSN_Simulation - INFO - info:89 - 错误类型统计: {'BrowserFailedError': 1}
2025-10-22 22:54:33 - WSN_Simulation - INFO - info:89 - 程序执行完成
2025-10-22 22:56:35 - WSN_Simulation - INFO - info:89 - ==================================================
2025-10-22 22:56:35 - WSN_Simulation - INFO - info:89 - 无线传感器网络能量传输仿真系统
2025-10-22 22:56:35 - WSN_Simulation - INFO - info:89 - ==================================================
2025-10-22 22:56:35 - WSN_Simulation - INFO - info:89 - 开始加载配置...
2025-10-22 22:56:35 - WSN_Simulation - INFO - info:89 - 使用默认配置
2025-10-22 22:56:35 - WSN_Simulation - INFO - info:89 - 创建网络...
2025-10-22 22:56:35 - WSN_Simulation - INFO - info:89 - 网络创建完成: 25 个节点
2025-10-22 22:56:35 - WSN_Simulation - INFO - info:89 - 创建ADCR链路层...
2025-10-22 22:56:35 - WSN_Simulation - INFO - info:89 - ADCR链路层创建完成
2025-10-22 22:56:35 - WSN_Simulation - INFO - info:89 - 创建调度器...
2025-10-22 22:56:35 - WSN_Simulation - INFO - info:89 - 创建调度器: LyapunovScheduler
2025-10-22 22:56:35 - WSN_Simulation - INFO - info:89 - 调度器创建完成: LyapunovScheduler
2025-10-22 22:56:35 - WSN_Simulation - INFO - info:89 - 开始仿真...
2025-10-22 22:58:17 - WSN_Simulation - INFO - info:89 - ==================================================
2025-10-22 22:58:17 - WSN_Simulation - INFO - info:89 - 无线传感器网络能量传输仿真系统
2025-10-22 22:58:17 - WSN_Simulation - INFO - info:89 - ==================================================
2025-10-22 22:58:17 - WSN_Simulation - INFO - info:89 - 开始加载配置...
2025-10-22 22:58:17 - WSN_Simulation - INFO - info:89 - 使用默认配置
2025-10-22 22:58:17 - WSN_Simulation - INFO - info:89 - 创建网络...
2025-10-22 22:58:17 - WSN_Simulation - INFO - info:89 - 网络创建完成: 25 个节点
2025-10-22 22:58:17 - WSN_Simulation - INFO - info:89 - 创建ADCR链路层...
2025-10-22 22:58:17 - WSN_Simulation - INFO - info:89 - ADCR链路层创建完成
2025-10-22 22:58:17 - WSN_Simulation - INFO - info:89 - 创建调度器...
2025-10-22 22:58:17 - WSN_Simulation - INFO - info:89 - 创建调度器: LyapunovScheduler
2025-10-22 22:58:17 - WSN_Simulation - INFO - info:89 - 调度器创建完成: LyapunovScheduler
2025-10-22 22:58:17 - WSN_Simulation - INFO - info:89 - 开始仿真...
2025-10-22 22:58:24 - WSN_Simulation - INFO - info:89 - 仿真完成
2025-10-22 22:58:24 - WSN_Simulation - INFO - info:89 - 生成可视化图表...
2025-10-22 22:58:25 - WSN_Simulation - WARNING - warning:93 - 可恢复错误 [可视化生成]: BrowserFailedError - ('The browser seemed to close immediately after starting.', 'You can set the `logging.Logger` level lower to see more output.', 'You may try installing a known working copy of Chrome by running ', '`$ choreo_get_chrome`. It may be your copy auto-updated.')
2025-10-22 22:58:25 - WSN_Simulation - INFO - info:89 - 输出统计信息...
2025-10-22 22:58:25 - WSN_Simulation - INFO - info:89 - 导出配置参数...
2025-10-22 22:58:25 - WSN_Simulation - INFO - info:89 - 配置参数已导出到: data\20251022_225818\simulation_config.json
2025-10-22 22:58:25 - WSN_Simulation - INFO - info:89 - 保存详细计划日志...
2025-10-22 22:58:25 - WSN_Simulation - INFO - info:89 - 详细计划日志将保存到: data\20251022_225818\plans.txt
2025-10-22 22:58:25 - WSN_Simulation - INFO - info:89 - 详细计划记录已保存到: data\20251022_225818\plans.txt
2025-10-22 22:58:25 - WSN_Simulation - INFO - info:89 - 记录了 168 个时间步的计划信息
2025-10-22 22:58:25 - WSN_Simulation - INFO - info:89 - 详细计划日志保存完成
2025-10-22 22:58:25 - WSN_Simulation - INFO - info:89 - 保存结果...
2025-10-22 22:58:26 - WSN_Simulation - INFO - info:89 - 结果已保存到: data\20251022_225818
2025-10-22 22:58:26 - WSN_Simulation - WARNING - warning:93 - 仿真过程中发生 1 个错误
2025-10-22 22:58:26 - WSN_Simulation - INFO - info:89 - 错误类型统计: {'BrowserFailedError': 1}
2025-10-22 22:58:26 - WSN_Simulation - INFO - info:89 - 程序执行完成
2025-10-22 22:58:48 - WSN_Simulation - INFO - info:89 - ==================================================
2025-10-22 22:58:48 - WSN_Simulation - INFO - info:89 - 无线传感器网络能量传输仿真系统
2025-10-22 22:58:48 - WSN_Simulation - INFO - info:89 - ==================================================
2025-10-22 22:58:48 - WSN_Simulation - INFO - info:89 - 开始加载配置...
2025-10-22 22:58:48 - WSN_Simulation - INFO - info:89 - 使用默认配置
2025-10-22 22:58:48 - WSN_Simulation - INFO - info:89 - 创建网络...
2025-10-22 22:58:49 - WSN_Simulation - INFO - info:89 - 网络创建完成: 25 个节点
2025-10-22 22:58:49 - WSN_Simulation - INFO - info:89 - 创建ADCR链路层...
2025-10-22 22:58:49 - WSN_Simulation - INFO - info:89 - ADCR链路层创建完成
2025-10-22 22:58:49 - WSN_Simulation - INFO - info:89 - 创建调度器...
2025-10-22 22:58:49 - WSN_Simulation - INFO - info:89 - 创建调度器: LyapunovScheduler
2025-10-22 22:58:49 - WSN_Simulation - INFO - info:89 - 调度器创建完成: LyapunovScheduler
2025-10-22 22:58:49 - WSN_Simulation - INFO - info:89 - 开始仿真...
2025-10-22 23:03:32 - WSN_Simulation - INFO - info:89 - ==================================================
2025-10-22 23:03:32 - WSN_Simulation - INFO - info:89 - 无线传感器网络能量传输仿真系统
2025-10-22 23:03:32 - WSN_Simulation - INFO - info:89 - ==================================================
2025-10-22 23:03:32 - WSN_Simulation - INFO - info:89 - 开始加载配置...
2025-10-22 23:03:32 - WSN_Simulation - INFO - info:89 - 使用默认配置
2025-10-22 23:03:32 - WSN_Simulation - INFO - info:89 - 创建网络...
2025-10-22 23:03:32 - WSN_Simulation - INFO - info:89 - 网络创建完成: 25 个节点
2025-10-22 23:03:32 - WSN_Simulation - INFO - info:89 - 创建ADCR链路层...
2025-10-22 23:03:32 - WSN_Simulation - INFO - info:89 - ADCR链路层创建完成
2025-10-22 23:03:32 - WSN_Simulation - INFO - info:89 - 创建调度器...
2025-10-22 23:03:32 - WSN_Simulation - INFO - info:89 - 创建调度器: LyapunovScheduler
2025-10-22 23:03:32 - WSN_Simulation - INFO - info:89 - 调度器创建完成: LyapunovScheduler
2025-10-22 23:03:32 - WSN_Simulation - INFO - info:89 - 开始仿真...
2025-10-22 23:04:15 - WSN_Simulation - INFO - info:89 - 仿真完成
2025-10-22 23:04:15 - WSN_Simulation - INFO - info:89 - 生成可视化图表...
2025-10-22 23:04:17 - WSN_Simulation - WARNING - warning:93 - 可恢复错误 [可视化生成]: BrowserFailedError - ('The browser seemed to close immediately after starting.', 'You can set the `logging.Logger` level lower to see more output.', 'You may try installing a known working copy of Chrome by running ', '`$ choreo_get_chrome`. It may be your copy auto-updated.')
2025-10-22 23:04:17 - WSN_Simulation - INFO - info:89 - 输出统计信息...
2025-10-22 23:04:17 - WSN_Simulation - INFO - info:89 - 导出配置参数...
2025-10-22 23:04:17 - WSN_Simulation - INFO - info:89 - 配置参数已导出到: data\20251022_230333\simulation_config.json
2025-10-22 23:04:17 - WSN_Simulation - INFO - info:89 - 保存详细计划日志...
2025-10-22 23:04:17 - WSN_Simulation - INFO - info:89 - 详细计划日志将保存到: data\20251022_230333\plans.txt
2025-10-22 23:04:17 - WSN_Simulation - INFO - info:89 - 详细计划记录已保存到: data\20251022_230333\plans.txt
2025-10-22 23:04:17 - WSN_Simulation - INFO - info:89 - 记录了 168 个时间步的计划信息
2025-10-22 23:04:17 - WSN_Simulation - INFO - info:89 - 详细计划日志保存完成
2025-10-22 23:04:17 - WSN_Simulation - INFO - info:89 - 保存结果...
2025-10-22 23:04:18 - WSN_Simulation - INFO - info:89 - 结果已保存到: data\20251022_230333
2025-10-22 23:04:18 - WSN_Simulation - WARNING - warning:93 - 仿真过程中发生 1 个错误
2025-10-22 23:04:18 - WSN_Simulation - INFO - info:89 - 错误类型统计: {'BrowserFailedError': 1}
2025-10-22 23:04:18 - WSN_Simulation - INFO - info:89 - 程序执行完成
