2025-10-22 22:28:05 - WSN_Simulation - INFO - info:89 - ==================================================
2025-10-22 22:28:05 - WSN_Simulation - INFO - info:89 - 无线传感器网络能量传输仿真系统
2025-10-22 22:28:05 - WSN_Simulation - INFO - info:89 - ==================================================
2025-10-22 22:28:05 - WSN_Simulation - INFO - info:89 - 开始加载配置...
2025-10-22 22:28:05 - WSN_Simulation - INFO - info:89 - 使用默认配置
2025-10-22 22:28:05 - WSN_Simulation - INFO - info:89 - 创建网络...
2025-10-22 22:28:05 - WSN_Simulation - INFO - info:89 - 网络创建完成: 25 个节点
2025-10-22 22:28:05 - WSN_Simulation - INFO - info:89 - 创建ADCR链路层...
2025-10-22 22:28:05 - WSN_Simulation - INFO - info:89 - ADCR链路层创建完成
2025-10-22 22:28:05 - WSN_Simulation - INFO - info:89 - 创建调度器...
2025-10-22 22:28:05 - WSN_Simulation - INFO - info:89 - 创建调度器: LyapunovScheduler
2025-10-22 22:28:05 - WSN_Simulation - INFO - info:89 - 调度器创建完成: LyapunovScheduler
2025-10-22 22:28:05 - WSN_Simulation - INFO - info:89 - 开始仿真...
2025-10-22 22:28:07 - WSN_Simulation - INFO - info:89 - 仿真完成
2025-10-22 22:28:07 - WSN_Simulation - INFO - info:89 - 生成可视化图表...
2025-10-22 22:28:32 - WSN_Simulation - WARNING - warning:93 - 可恢复错误 [可视化生成]: AttributeError - 'EnergySimulation' object has no attribute 'plot_K_history'
2025-10-22 22:28:32 - WSN_Simulation - INFO - info:89 - 输出统计信息...
2025-10-22 22:28:32 - WSN_Simulation - INFO - info:89 - 导出配置参数...
2025-10-22 22:28:33 - WSN_Simulation - INFO - info:89 - 配置参数已导出到: data\20251022_222806\simulation_config.json
2025-10-22 22:28:33 - WSN_Simulation - INFO - info:89 - 保存详细计划日志...
2025-10-22 22:28:33 - WSN_Simulation - INFO - info:89 - 详细计划日志将保存到: data\20251022_222806\plans.txt
2025-10-22 22:28:33 - WSN_Simulation - INFO - info:89 - 详细计划记录已保存到: data\20251022_222806\plans.txt
2025-10-22 22:28:33 - WSN_Simulation - INFO - info:89 - 记录了 168 个时间步的计划信息
2025-10-22 22:28:33 - WSN_Simulation - INFO - info:89 - 详细计划日志保存完成
2025-10-22 22:28:33 - WSN_Simulation - INFO - info:89 - 保存结果...
2025-10-22 22:28:34 - WSN_Simulation - INFO - info:89 - 结果已保存到: data\20251022_222806
2025-10-22 22:28:34 - WSN_Simulation - WARNING - warning:93 - 仿真过程中发生 1 个错误
2025-10-22 22:28:34 - WSN_Simulation - INFO - info:89 - 错误类型统计: {'AttributeError': 1}
2025-10-22 22:28:34 - WSN_Simulation - INFO - info:89 - 程序执行完成
2025-10-22 22:45:44 - WSN_Simulation - INFO - info:89 - ==================================================
2025-10-22 22:45:44 - WSN_Simulation - INFO - info:89 - 无线传感器网络能量传输仿真系统
2025-10-22 22:45:44 - WSN_Simulation - INFO - info:89 - ==================================================
2025-10-22 22:45:44 - WSN_Simulation - INFO - info:89 - 开始加载配置...
2025-10-22 22:45:44 - WSN_Simulation - INFO - info:89 - 使用默认配置
2025-10-22 22:45:44 - WSN_Simulation - INFO - info:89 - 创建网络...
2025-10-22 22:45:44 - WSN_Simulation - INFO - info:89 - 网络创建完成: 25 个节点
2025-10-22 22:45:44 - WSN_Simulation - INFO - info:89 - 创建ADCR链路层...
2025-10-22 22:45:44 - WSN_Simulation - INFO - info:89 - ADCR链路层创建完成
2025-10-22 22:45:44 - WSN_Simulation - INFO - info:89 - 创建调度器...
2025-10-22 22:45:44 - WSN_Simulation - INFO - info:89 - 创建调度器: LyapunovScheduler
2025-10-22 22:45:44 - WSN_Simulation - INFO - info:89 - 调度器创建完成: LyapunovScheduler
2025-10-22 22:45:44 - WSN_Simulation - INFO - info:89 - 开始仿真...
2025-10-22 22:45:47 - WSN_Simulation - INFO - info:89 - 仿真完成
2025-10-22 22:45:47 - WSN_Simulation - INFO - info:89 - 生成可视化图表...
2025-10-22 22:46:17 - WSN_Simulation - WARNING - warning:93 - 可恢复错误 [可视化生成]: AttributeError - 'EnergySimulation' object has no attribute 'plot_K_history'
2025-10-22 22:46:17 - WSN_Simulation - INFO - info:89 - 输出统计信息...
2025-10-22 22:46:17 - WSN_Simulation - INFO - info:89 - 导出配置参数...
2025-10-22 22:46:17 - WSN_Simulation - INFO - info:89 - 配置参数已导出到: data\20251022_224545\simulation_config.json
2025-10-22 22:46:17 - WSN_Simulation - INFO - info:89 - 保存详细计划日志...
2025-10-22 22:46:17 - WSN_Simulation - INFO - info:89 - 详细计划日志将保存到: data\20251022_224545\plans.txt
2025-10-22 22:46:17 - WSN_Simulation - INFO - info:89 - 详细计划记录已保存到: data\20251022_224545\plans.txt
2025-10-22 22:46:17 - WSN_Simulation - INFO - info:89 - 记录了 168 个时间步的计划信息
2025-10-22 22:46:17 - WSN_Simulation - INFO - info:89 - 详细计划日志保存完成
2025-10-22 22:46:17 - WSN_Simulation - INFO - info:89 - 保存结果...
2025-10-22 22:46:19 - WSN_Simulation - INFO - info:89 - 结果已保存到: data\20251022_224545
2025-10-22 22:46:19 - WSN_Simulation - WARNING - warning:93 - 仿真过程中发生 1 个错误
2025-10-22 22:46:19 - WSN_Simulation - INFO - info:89 - 错误类型统计: {'AttributeError': 1}
2025-10-22 22:46:19 - WSN_Simulation - INFO - info:89 - 程序执行完成
2025-10-22 22:48:05 - WSN_Simulation - INFO - info:89 - ==================================================
2025-10-22 22:48:05 - WSN_Simulation - INFO - info:89 - 无线传感器网络能量传输仿真系统
2025-10-22 22:48:05 - WSN_Simulation - INFO - info:89 - ==================================================
2025-10-22 22:48:05 - WSN_Simulation - INFO - info:89 - 开始加载配置...
2025-10-22 22:48:05 - WSN_Simulation - INFO - info:89 - 使用默认配置
2025-10-22 22:48:05 - WSN_Simulation - INFO - info:89 - 创建网络...
2025-10-22 22:48:05 - WSN_Simulation - INFO - info:89 - 网络创建完成: 25 个节点
2025-10-22 22:48:05 - WSN_Simulation - INFO - info:89 - 创建ADCR链路层...
2025-10-22 22:48:05 - WSN_Simulation - INFO - info:89 - ADCR链路层创建完成
2025-10-22 22:48:05 - WSN_Simulation - INFO - info:89 - 创建调度器...
2025-10-22 22:48:05 - WSN_Simulation - INFO - info:89 - 创建调度器: LyapunovScheduler
2025-10-22 22:48:05 - WSN_Simulation - INFO - info:89 - 调度器创建完成: LyapunovScheduler
2025-10-22 22:48:05 - WSN_Simulation - INFO - info:89 - 开始仿真...
2025-10-22 22:48:07 - WSN_Simulation - INFO - info:89 - 仿真完成
2025-10-22 22:48:07 - WSN_Simulation - INFO - info:89 - 生成可视化图表...
2025-10-22 22:48:41 - WSN_Simulation - INFO - info:89 - 可视化图表生成完成
2025-10-22 22:48:41 - WSN_Simulation - INFO - info:89 - 输出统计信息...
2025-10-22 22:48:41 - WSN_Simulation - INFO - info:89 - 导出配置参数...
2025-10-22 22:48:41 - WSN_Simulation - INFO - info:89 - 配置参数已导出到: data\20251022_224805\simulation_config.json
2025-10-22 22:48:41 - WSN_Simulation - INFO - info:89 - 保存详细计划日志...
2025-10-22 22:48:41 - WSN_Simulation - INFO - info:89 - 详细计划日志将保存到: data\20251022_224805\plans.txt
2025-10-22 22:48:41 - WSN_Simulation - INFO - info:89 - 详细计划记录已保存到: data\20251022_224805\plans.txt
2025-10-22 22:48:41 - WSN_Simulation - INFO - info:89 - 记录了 168 个时间步的计划信息
2025-10-22 22:48:41 - WSN_Simulation - INFO - info:89 - 详细计划日志保存完成
2025-10-22 22:48:41 - WSN_Simulation - INFO - info:89 - 保存结果...
2025-10-22 22:48:42 - WSN_Simulation - INFO - info:89 - 结果已保存到: data\20251022_224805
2025-10-22 22:48:42 - WSN_Simulation - INFO - info:89 - 仿真过程中未发生错误
2025-10-22 22:48:42 - WSN_Simulation - INFO - info:89 - 程序执行完成
2025-10-22 23:00:18 - WSN_Simulation - INFO - info:89 - ==================================================
2025-10-22 23:00:18 - WSN_Simulation - INFO - info:89 - 无线传感器网络能量传输仿真系统
2025-10-22 23:00:18 - WSN_Simulation - INFO - info:89 - ==================================================
2025-10-22 23:00:18 - WSN_Simulation - INFO - info:89 - 开始加载配置...
2025-10-22 23:00:18 - WSN_Simulation - INFO - info:89 - 使用默认配置
2025-10-22 23:00:18 - WSN_Simulation - INFO - info:89 - 创建网络...
2025-10-22 23:00:18 - WSN_Simulation - INFO - info:89 - 网络创建完成: 25 个节点
2025-10-22 23:00:18 - WSN_Simulation - INFO - info:89 - 创建ADCR链路层...
2025-10-22 23:00:18 - WSN_Simulation - INFO - info:89 - ADCR链路层创建完成
2025-10-22 23:00:18 - WSN_Simulation - INFO - info:89 - 创建调度器...
2025-10-22 23:00:18 - WSN_Simulation - INFO - info:89 - 创建调度器: LyapunovScheduler
2025-10-22 23:00:18 - WSN_Simulation - INFO - info:89 - 调度器创建完成: LyapunovScheduler
2025-10-22 23:00:18 - WSN_Simulation - INFO - info:89 - 开始仿真...
2025-10-22 23:00:20 - WSN_Simulation - INFO - info:89 - 仿真完成
2025-10-22 23:00:20 - WSN_Simulation - INFO - info:89 - 生成可视化图表...
2025-10-22 23:00:44 - WSN_Simulation - INFO - info:89 - 可视化图表生成完成
2025-10-22 23:00:44 - WSN_Simulation - INFO - info:89 - 输出统计信息...
2025-10-22 23:00:44 - WSN_Simulation - INFO - info:89 - 导出配置参数...
2025-10-22 23:00:44 - WSN_Simulation - INFO - info:89 - 配置参数已导出到: data\20251022_230018\simulation_config.json
2025-10-22 23:00:44 - WSN_Simulation - INFO - info:89 - 保存详细计划日志...
2025-10-22 23:00:44 - WSN_Simulation - INFO - info:89 - 详细计划日志将保存到: data\20251022_230018\plans.txt
2025-10-22 23:00:44 - WSN_Simulation - INFO - info:89 - 详细计划记录已保存到: data\20251022_230018\plans.txt
2025-10-22 23:00:44 - WSN_Simulation - INFO - info:89 - 记录了 168 个时间步的计划信息
2025-10-22 23:00:44 - WSN_Simulation - INFO - info:89 - 详细计划日志保存完成
2025-10-22 23:00:44 - WSN_Simulation - INFO - info:89 - 保存结果...
2025-10-22 23:00:45 - WSN_Simulation - INFO - info:89 - 结果已保存到: data\20251022_230018
2025-10-22 23:00:45 - WSN_Simulation - INFO - info:89 - 仿真过程中未发生错误
2025-10-22 23:00:45 - WSN_Simulation - INFO - info:89 - 程序执行完成
2025-10-22 23:02:05 - WSN_Simulation - INFO - info:89 - ==================================================
2025-10-22 23:02:05 - WSN_Simulation - INFO - info:89 - 无线传感器网络能量传输仿真系统
2025-10-22 23:02:05 - WSN_Simulation - INFO - info:89 - ==================================================
2025-10-22 23:02:05 - WSN_Simulation - INFO - info:89 - 开始加载配置...
2025-10-22 23:02:05 - WSN_Simulation - INFO - info:89 - 使用默认配置
2025-10-22 23:02:05 - WSN_Simulation - INFO - info:89 - 创建网络...
2025-10-22 23:02:05 - WSN_Simulation - INFO - info:89 - 网络创建完成: 25 个节点
2025-10-22 23:02:05 - WSN_Simulation - INFO - info:89 - 创建ADCR链路层...
2025-10-22 23:02:05 - WSN_Simulation - INFO - info:89 - ADCR链路层创建完成
2025-10-22 23:02:05 - WSN_Simulation - INFO - info:89 - 创建调度器...
2025-10-22 23:02:05 - WSN_Simulation - INFO - info:89 - 创建调度器: LyapunovScheduler
2025-10-22 23:02:05 - WSN_Simulation - INFO - info:89 - 调度器创建完成: LyapunovScheduler
2025-10-22 23:02:05 - WSN_Simulation - INFO - info:89 - 开始仿真...
2025-10-22 23:02:07 - WSN_Simulation - INFO - info:89 - 仿真完成
2025-10-22 23:02:07 - WSN_Simulation - INFO - info:89 - 生成可视化图表...
2025-10-22 23:02:32 - WSN_Simulation - INFO - info:89 - 可视化图表生成完成
2025-10-22 23:02:32 - WSN_Simulation - INFO - info:89 - 输出统计信息...
2025-10-22 23:02:32 - WSN_Simulation - INFO - info:89 - 导出配置参数...
2025-10-22 23:02:32 - WSN_Simulation - INFO - info:89 - 配置参数已导出到: data\20251022_230205\simulation_config.json
2025-10-22 23:02:32 - WSN_Simulation - INFO - info:89 - 保存详细计划日志...
2025-10-22 23:02:32 - WSN_Simulation - INFO - info:89 - 详细计划日志将保存到: data\20251022_230205\plans.txt
2025-10-22 23:02:32 - WSN_Simulation - INFO - info:89 - 详细计划记录已保存到: data\20251022_230205\plans.txt
2025-10-22 23:02:32 - WSN_Simulation - INFO - info:89 - 记录了 168 个时间步的计划信息
2025-10-22 23:02:32 - WSN_Simulation - INFO - info:89 - 详细计划日志保存完成
2025-10-22 23:02:32 - WSN_Simulation - INFO - info:89 - 保存结果...
2025-10-22 23:02:33 - WSN_Simulation - INFO - info:89 - 结果已保存到: data\20251022_230205
2025-10-22 23:02:33 - WSN_Simulation - INFO - info:89 - 仿真过程中未发生错误
2025-10-22 23:02:33 - WSN_Simulation - INFO - info:89 - 程序执行完成
2025-10-22 23:07:32 - WSN_Simulation - INFO - info:89 - ==================================================
2025-10-22 23:07:32 - WSN_Simulation - INFO - info:89 - 无线传感器网络能量传输仿真系统
2025-10-22 23:07:32 - WSN_Simulation - INFO - info:89 - ==================================================
2025-10-22 23:07:32 - WSN_Simulation - INFO - info:89 - 开始加载配置...
2025-10-22 23:07:32 - WSN_Simulation - INFO - info:89 - 使用默认配置
2025-10-22 23:07:32 - WSN_Simulation - INFO - info:89 - 创建网络...
2025-10-22 23:07:32 - WSN_Simulation - INFO - info:89 - 网络创建完成: 25 个节点
2025-10-22 23:07:32 - WSN_Simulation - INFO - info:89 - 创建ADCR链路层...
2025-10-22 23:07:32 - WSN_Simulation - INFO - info:89 - ADCR链路层创建完成
2025-10-22 23:07:32 - WSN_Simulation - INFO - info:89 - 创建调度器...
2025-10-22 23:07:32 - WSN_Simulation - INFO - info:89 - 创建调度器: LyapunovScheduler
2025-10-22 23:07:32 - WSN_Simulation - INFO - info:89 - 调度器创建完成: LyapunovScheduler
2025-10-22 23:07:32 - WSN_Simulation - INFO - info:89 - 开始仿真...
2025-10-22 23:07:33 - WSN_Simulation - INFO - info:89 - 仿真完成
2025-10-22 23:07:33 - WSN_Simulation - INFO - info:89 - 生成可视化图表...
2025-10-22 23:08:05 - WSN_Simulation - INFO - info:89 - 可视化图表生成完成
2025-10-22 23:08:05 - WSN_Simulation - INFO - info:89 - 输出统计信息...
2025-10-22 23:08:05 - WSN_Simulation - INFO - info:89 - 导出配置参数...
2025-10-22 23:08:05 - WSN_Simulation - INFO - info:89 - 配置参数已导出到: data\20251022_230732\simulation_config.json
2025-10-22 23:08:05 - WSN_Simulation - INFO - info:89 - 保存详细计划日志...
2025-10-22 23:08:05 - WSN_Simulation - INFO - info:89 - 详细计划日志将保存到: data\20251022_230732\plans.txt
2025-10-22 23:08:05 - WSN_Simulation - INFO - info:89 - 详细计划记录已保存到: data\20251022_230732\plans.txt
2025-10-22 23:08:05 - WSN_Simulation - INFO - info:89 - 记录了 168 个时间步的计划信息
2025-10-22 23:08:05 - WSN_Simulation - INFO - info:89 - 详细计划日志保存完成
2025-10-22 23:08:05 - WSN_Simulation - INFO - info:89 - 保存结果...
2025-10-22 23:08:06 - WSN_Simulation - INFO - info:89 - 结果已保存到: data\20251022_230732
2025-10-22 23:08:06 - WSN_Simulation - INFO - info:89 - 仿真过程中未发生错误
2025-10-22 23:08:06 - WSN_Simulation - INFO - info:89 - 程序执行完成
