2025-10-23 09:59:32 - WSN_Simulation - INFO - info:89 - ==================================================
2025-10-23 09:59:32 - WSN_Simulation - INFO - info:89 - 无线传感器网络能量传输仿真系统
2025-10-23 09:59:32 - WSN_Simulation - INFO - info:89 - ==================================================
2025-10-23 09:59:32 - WSN_Simulation - INFO - info:89 - 开始加载配置...
2025-10-23 09:59:32 - WSN_Simulation - INFO - info:89 - 使用默认配置
2025-10-23 09:59:32 - WSN_Simulation - INFO - info:89 - 创建网络...
2025-10-23 09:59:32 - WSN_Simulation - INFO - info:89 - 网络创建完成: 25 个节点
2025-10-23 09:59:32 - WSN_Simulation - INFO - info:89 - 创建ADCR链路层...
2025-10-23 09:59:32 - WSN_Simulation - INFO - info:89 - ADCR链路层创建完成
2025-10-23 09:59:32 - WSN_Simulation - INFO - info:89 - 创建调度器...
2025-10-23 09:59:32 - WSN_Simulation - INFO - info:89 - 创建调度器: LyapunovScheduler
2025-10-23 09:59:32 - WSN_Simulation - INFO - info:89 - 调度器创建完成: LyapunovScheduler
2025-10-23 09:59:32 - WSN_Simulation - INFO - info:89 - 开始仿真...
2025-10-23 09:59:34 - WSN_Simulation - INFO - info:89 - 仿真完成
2025-10-23 09:59:34 - WSN_Simulation - INFO - info:89 - 生成可视化图表...
2025-10-23 10:00:12 - WSN_Simulation - INFO - info:89 - 可视化图表生成完成
2025-10-23 10:00:12 - WSN_Simulation - INFO - info:89 - 输出统计信息...
2025-10-23 10:00:12 - WSN_Simulation - INFO - info:89 - 导出配置参数...
2025-10-23 10:00:12 - WSN_Simulation - INFO - info:89 - 配置参数已导出到: data\20251023_095933\simulation_config.json
2025-10-23 10:00:12 - WSN_Simulation - INFO - info:89 - 保存详细计划日志...
2025-10-23 10:00:12 - WSN_Simulation - INFO - info:89 - 详细计划日志将保存到: data\20251023_095933\plans.txt
2025-10-23 10:00:12 - WSN_Simulation - INFO - info:89 - 详细计划记录已保存到: data\20251023_095933\plans.txt
2025-10-23 10:00:12 - WSN_Simulation - INFO - info:89 - 记录了 168 个时间步的计划信息
2025-10-23 10:00:12 - WSN_Simulation - INFO - info:89 - 详细计划日志保存完成
2025-10-23 10:00:12 - WSN_Simulation - INFO - info:89 - 保存结果...
2025-10-23 10:00:13 - WSN_Simulation - INFO - info:89 - 结果已保存到: data\20251023_095933
2025-10-23 10:00:13 - WSN_Simulation - INFO - info:89 - 仿真过程中未发生错误
2025-10-23 10:00:13 - WSN_Simulation - INFO - info:89 - 程序执行完成
2025-10-23 10:00:20 - WSN_Simulation - INFO - info:89 - ==================================================
2025-10-23 10:00:20 - WSN_Simulation - INFO - info:89 - 无线传感器网络能量传输仿真系统
2025-10-23 10:00:20 - WSN_Simulation - INFO - info:89 - ==================================================
2025-10-23 10:00:20 - WSN_Simulation - INFO - info:89 - 开始加载配置...
2025-10-23 10:00:20 - WSN_Simulation - INFO - info:89 - 使用默认配置
2025-10-23 10:00:20 - WSN_Simulation - INFO - info:89 - 创建网络...
2025-10-23 10:00:20 - WSN_Simulation - INFO - info:89 - 网络创建完成: 25 个节点
2025-10-23 10:00:20 - WSN_Simulation - INFO - info:89 - 创建ADCR链路层...
2025-10-23 10:00:20 - WSN_Simulation - INFO - info:89 - ADCR链路层创建完成
2025-10-23 10:00:20 - WSN_Simulation - INFO - info:89 - 创建调度器...
2025-10-23 10:00:20 - WSN_Simulation - INFO - info:89 - 创建调度器: LyapunovScheduler
2025-10-23 10:00:20 - WSN_Simulation - INFO - info:89 - 调度器创建完成: LyapunovScheduler
2025-10-23 10:00:20 - WSN_Simulation - INFO - info:89 - 开始仿真...
2025-10-23 10:01:07 - WSN_Simulation - INFO - info:89 - 仿真完成
2025-10-23 10:01:07 - WSN_Simulation - INFO - info:89 - 生成可视化图表...
2025-10-23 10:01:52 - WSN_Simulation - INFO - info:89 - 可视化图表生成完成
2025-10-23 10:01:52 - WSN_Simulation - INFO - info:89 - 输出统计信息...
2025-10-23 10:01:52 - WSN_Simulation - INFO - info:89 - 导出配置参数...
2025-10-23 10:01:52 - WSN_Simulation - INFO - info:89 - 配置参数已导出到: data\20251023_100021\simulation_config.json
2025-10-23 10:01:52 - WSN_Simulation - INFO - info:89 - 保存详细计划日志...
2025-10-23 10:01:52 - WSN_Simulation - INFO - info:89 - 详细计划日志将保存到: data\20251023_100021\plans.txt
2025-10-23 10:01:52 - WSN_Simulation - INFO - info:89 - 详细计划记录已保存到: data\20251023_100021\plans.txt
2025-10-23 10:01:52 - WSN_Simulation - INFO - info:89 - 记录了 168 个时间步的计划信息
2025-10-23 10:01:52 - WSN_Simulation - INFO - info:89 - 详细计划日志保存完成
2025-10-23 10:01:52 - WSN_Simulation - INFO - info:89 - 保存结果...
2025-10-23 10:01:54 - WSN_Simulation - INFO - info:89 - 结果已保存到: data\20251023_100021
2025-10-23 10:01:54 - WSN_Simulation - INFO - info:89 - 仿真过程中未发生错误
2025-10-23 10:01:54 - WSN_Simulation - INFO - info:89 - 程序执行完成
2025-10-23 10:04:48 - WSN_Simulation - INFO - info:89 - ==================================================
2025-10-23 10:04:48 - WSN_Simulation - INFO - info:89 - 无线传感器网络能量传输仿真系统
2025-10-23 10:04:48 - WSN_Simulation - INFO - info:89 - ==================================================
2025-10-23 10:04:48 - WSN_Simulation - INFO - info:89 - 开始加载配置...
2025-10-23 10:04:48 - WSN_Simulation - INFO - info:89 - 使用默认配置
2025-10-23 10:04:48 - WSN_Simulation - INFO - info:89 - 创建网络...
2025-10-23 10:04:48 - WSN_Simulation - INFO - info:89 - 网络创建完成: 25 个节点
2025-10-23 10:04:48 - WSN_Simulation - INFO - info:89 - 创建ADCR链路层...
2025-10-23 10:04:48 - WSN_Simulation - INFO - info:89 - ADCR链路层创建完成
2025-10-23 10:04:48 - WSN_Simulation - INFO - info:89 - 创建调度器...
2025-10-23 10:04:48 - WSN_Simulation - INFO - info:89 - 创建调度器: LyapunovScheduler
2025-10-23 10:04:48 - WSN_Simulation - INFO - info:89 - 调度器创建完成: LyapunovScheduler
2025-10-23 10:04:48 - WSN_Simulation - INFO - info:89 - 开始仿真...
2025-10-23 10:04:50 - WSN_Simulation - INFO - info:89 - 仿真完成
2025-10-23 10:04:50 - WSN_Simulation - INFO - info:89 - 生成可视化图表...
2025-10-23 10:05:20 - WSN_Simulation - INFO - info:89 - 可视化图表生成完成
2025-10-23 10:05:20 - WSN_Simulation - INFO - info:89 - 输出统计信息...
2025-10-23 10:05:20 - WSN_Simulation - INFO - info:89 - 导出配置参数...
2025-10-23 10:05:20 - WSN_Simulation - INFO - info:89 - 配置参数已导出到: data\20251023_100449\simulation_config.json
2025-10-23 10:05:20 - WSN_Simulation - INFO - info:89 - 保存详细计划日志...
2025-10-23 10:05:20 - WSN_Simulation - INFO - info:89 - 详细计划日志将保存到: data\20251023_100449\plans.txt
2025-10-23 10:05:20 - WSN_Simulation - INFO - info:89 - 详细计划记录已保存到: data\20251023_100449\plans.txt
2025-10-23 10:05:20 - WSN_Simulation - INFO - info:89 - 记录了 168 个时间步的计划信息
2025-10-23 10:05:20 - WSN_Simulation - INFO - info:89 - 详细计划日志保存完成
2025-10-23 10:05:20 - WSN_Simulation - INFO - info:89 - 保存结果...
2025-10-23 10:05:21 - WSN_Simulation - INFO - info:89 - 结果已保存到: data\20251023_100449
2025-10-23 10:05:21 - WSN_Simulation - INFO - info:89 - 仿真过程中未发生错误
2025-10-23 10:05:21 - WSN_Simulation - INFO - info:89 - 程序执行完成
2025-10-23 10:43:31 - WSN_Simulation - INFO - info:89 - ==================================================
2025-10-23 10:43:31 - WSN_Simulation - INFO - info:89 - 无线传感器网络能量传输仿真系统
2025-10-23 10:43:31 - WSN_Simulation - INFO - info:89 - ==================================================
2025-10-23 10:43:31 - WSN_Simulation - INFO - info:89 - 开始加载配置...
2025-10-23 10:43:31 - WSN_Simulation - INFO - info:89 - 使用默认配置
2025-10-23 10:43:31 - WSN_Simulation - INFO - info:89 - 创建网络...
2025-10-23 10:43:31 - WSN_Simulation - INFO - info:89 - 网络创建完成: 25 个节点
2025-10-23 10:43:31 - WSN_Simulation - INFO - info:89 - 创建ADCR链路层...
2025-10-23 10:43:31 - WSN_Simulation - INFO - info:89 - ADCR链路层创建完成
2025-10-23 10:43:31 - WSN_Simulation - INFO - info:89 - 创建调度器...
2025-10-23 10:43:31 - WSN_Simulation - INFO - info:89 - 创建调度器: LyapunovScheduler
2025-10-23 10:43:31 - WSN_Simulation - INFO - info:89 - 调度器创建完成: LyapunovScheduler
2025-10-23 10:43:31 - WSN_Simulation - INFO - info:89 - 开始仿真...
2025-10-23 10:43:32 - WSN_Simulation - INFO - info:89 - 仿真完成
2025-10-23 10:43:32 - WSN_Simulation - INFO - info:89 - 生成可视化图表...
2025-10-23 10:43:59 - WSN_Simulation - INFO - info:89 - 可视化图表生成完成
2025-10-23 10:43:59 - WSN_Simulation - INFO - info:89 - 输出统计信息...
2025-10-23 10:43:59 - WSN_Simulation - INFO - info:89 - 导出配置参数...
2025-10-23 10:43:59 - WSN_Simulation - INFO - info:89 - 配置参数已导出到: data\20251023_104331\simulation_config.json
2025-10-23 10:43:59 - WSN_Simulation - INFO - info:89 - 保存详细计划日志...
2025-10-23 10:43:59 - WSN_Simulation - INFO - info:89 - 详细计划日志将保存到: data\20251023_104331\plans.txt
2025-10-23 10:43:59 - WSN_Simulation - INFO - info:89 - 详细计划记录已保存到: data\20251023_104331\plans.txt
2025-10-23 10:43:59 - WSN_Simulation - INFO - info:89 - 记录了 168 个时间步的计划信息
2025-10-23 10:43:59 - WSN_Simulation - INFO - info:89 - 详细计划日志保存完成
2025-10-23 10:43:59 - WSN_Simulation - INFO - info:89 - 保存结果...
2025-10-23 10:43:59 - WSN_Simulation - INFO - info:89 - 结果已保存到: data\20251023_104331
2025-10-23 10:43:59 - WSN_Simulation - INFO - info:89 - 仿真过程中未发生错误
2025-10-23 10:43:59 - WSN_Simulation - INFO - info:89 - 程序执行完成
2025-10-23 10:44:45 - WSN_Simulation - INFO - info:89 - ==================================================
2025-10-23 10:44:45 - WSN_Simulation - INFO - info:89 - 无线传感器网络能量传输仿真系统
2025-10-23 10:44:45 - WSN_Simulation - INFO - info:89 - ==================================================
2025-10-23 10:44:45 - WSN_Simulation - INFO - info:89 - 开始加载配置...
2025-10-23 10:44:45 - WSN_Simulation - INFO - info:89 - 使用默认配置
2025-10-23 10:44:45 - WSN_Simulation - INFO - info:89 - 创建网络...
2025-10-23 10:44:45 - WSN_Simulation - INFO - info:89 - 网络创建完成: 25 个节点
2025-10-23 10:44:45 - WSN_Simulation - INFO - info:89 - 创建ADCR链路层...
2025-10-23 10:44:45 - WSN_Simulation - INFO - info:89 - ADCR链路层创建完成
2025-10-23 10:44:45 - WSN_Simulation - INFO - info:89 - 创建调度器...
2025-10-23 10:44:45 - WSN_Simulation - INFO - info:89 - 创建调度器: LyapunovScheduler
2025-10-23 10:44:45 - WSN_Simulation - INFO - info:89 - 调度器创建完成: LyapunovScheduler
2025-10-23 10:44:45 - WSN_Simulation - INFO - info:89 - 开始仿真...
2025-10-23 10:44:47 - WSN_Simulation - INFO - info:89 - 仿真完成
2025-10-23 10:44:47 - WSN_Simulation - INFO - info:89 - 生成可视化图表...
2025-10-23 10:45:19 - WSN_Simulation - INFO - info:89 - 可视化图表生成完成
2025-10-23 10:45:19 - WSN_Simulation - INFO - info:89 - 输出统计信息...
2025-10-23 10:45:19 - WSN_Simulation - INFO - info:89 - 导出配置参数...
2025-10-23 10:45:19 - WSN_Simulation - INFO - info:89 - 配置参数已导出到: data\20251023_104445\simulation_config.json
2025-10-23 10:45:19 - WSN_Simulation - INFO - info:89 - 保存详细计划日志...
2025-10-23 10:45:19 - WSN_Simulation - INFO - info:89 - 详细计划日志将保存到: data\20251023_104445\plans.txt
2025-10-23 10:45:19 - WSN_Simulation - INFO - info:89 - 详细计划记录已保存到: data\20251023_104445\plans.txt
2025-10-23 10:45:19 - WSN_Simulation - INFO - info:89 - 记录了 168 个时间步的计划信息
2025-10-23 10:45:19 - WSN_Simulation - INFO - info:89 - 详细计划日志保存完成
2025-10-23 10:45:19 - WSN_Simulation - INFO - info:89 - 保存结果...
2025-10-23 10:45:20 - WSN_Simulation - INFO - info:89 - 结果已保存到: data\20251023_104445
2025-10-23 10:45:20 - WSN_Simulation - INFO - info:89 - 仿真过程中未发生错误
2025-10-23 10:45:20 - WSN_Simulation - INFO - info:89 - 程序执行完成
2025-10-23 10:51:11 - WSN_Simulation - INFO - info:89 - ==================================================
2025-10-23 10:51:11 - WSN_Simulation - INFO - info:89 - 无线传感器网络能量传输仿真系统
2025-10-23 10:51:11 - WSN_Simulation - INFO - info:89 - ==================================================
2025-10-23 10:51:11 - WSN_Simulation - INFO - info:89 - 开始加载配置...
2025-10-23 10:51:11 - WSN_Simulation - INFO - info:89 - 使用默认配置
2025-10-23 10:51:11 - WSN_Simulation - INFO - info:89 - 创建网络...
2025-10-23 10:51:11 - WSN_Simulation - INFO - info:89 - 网络创建完成: 25 个节点
2025-10-23 10:51:11 - WSN_Simulation - INFO - info:89 - 创建ADCR链路层...
2025-10-23 10:51:11 - WSN_Simulation - INFO - info:89 - ADCR链路层创建完成
2025-10-23 10:51:11 - WSN_Simulation - INFO - info:89 - 创建调度器...
2025-10-23 10:51:11 - WSN_Simulation - INFO - info:89 - 创建调度器: LyapunovScheduler
2025-10-23 10:51:11 - WSN_Simulation - INFO - info:89 - 调度器创建完成: LyapunovScheduler
2025-10-23 10:51:11 - WSN_Simulation - INFO - info:89 - 开始仿真...
2025-10-23 10:51:13 - WSN_Simulation - INFO - info:89 - 仿真完成
2025-10-23 10:51:13 - WSN_Simulation - INFO - info:89 - 生成可视化图表...
2025-10-23 10:51:45 - WSN_Simulation - INFO - info:89 - 可视化图表生成完成
2025-10-23 10:51:45 - WSN_Simulation - INFO - info:89 - 输出统计信息...
2025-10-23 10:51:45 - WSN_Simulation - INFO - info:89 - 导出配置参数...
2025-10-23 10:51:45 - WSN_Simulation - INFO - info:89 - 配置参数已导出到: data\20251023_105112\simulation_config.json
2025-10-23 10:51:45 - WSN_Simulation - INFO - info:89 - 保存详细计划日志...
2025-10-23 10:51:45 - WSN_Simulation - INFO - info:89 - 详细计划日志将保存到: data\20251023_105112\plans.txt
2025-10-23 10:51:45 - WSN_Simulation - INFO - info:89 - 详细计划记录已保存到: data\20251023_105112\plans.txt
2025-10-23 10:51:45 - WSN_Simulation - INFO - info:89 - 记录了 168 个时间步的计划信息
2025-10-23 10:51:45 - WSN_Simulation - INFO - info:89 - 详细计划日志保存完成
2025-10-23 10:51:45 - WSN_Simulation - INFO - info:89 - 保存结果...
2025-10-23 10:51:46 - WSN_Simulation - INFO - info:89 - 结果已保存到: data\20251023_105112
2025-10-23 10:51:46 - WSN_Simulation - INFO - info:89 - 仿真过程中未发生错误
2025-10-23 10:51:46 - WSN_Simulation - INFO - info:89 - 程序执行完成
2025-10-23 10:52:51 - WSN_Simulation - INFO - info:89 - ==================================================
2025-10-23 10:52:51 - WSN_Simulation - INFO - info:89 - 无线传感器网络能量传输仿真系统
2025-10-23 10:52:51 - WSN_Simulation - INFO - info:89 - ==================================================
2025-10-23 10:52:51 - WSN_Simulation - INFO - info:89 - 开始加载配置...
2025-10-23 10:52:51 - WSN_Simulation - INFO - info:89 - 使用默认配置
2025-10-23 10:52:51 - WSN_Simulation - INFO - info:89 - 创建网络...
2025-10-23 10:52:51 - WSN_Simulation - INFO - info:89 - 网络创建完成: 25 个节点
2025-10-23 10:52:51 - WSN_Simulation - INFO - info:89 - 创建ADCR链路层...
2025-10-23 10:52:51 - WSN_Simulation - INFO - info:89 - ADCR链路层创建完成
2025-10-23 10:52:51 - WSN_Simulation - INFO - info:89 - 创建调度器...
2025-10-23 10:52:51 - WSN_Simulation - INFO - info:89 - 创建调度器: LyapunovScheduler
2025-10-23 10:52:51 - WSN_Simulation - INFO - info:89 - 调度器创建完成: LyapunovScheduler
2025-10-23 10:52:51 - WSN_Simulation - INFO - info:89 - 开始仿真...
2025-10-23 10:53:43 - WSN_Simulation - INFO - info:89 - 仿真完成
2025-10-23 10:53:43 - WSN_Simulation - INFO - info:89 - 生成可视化图表...
2025-10-23 10:54:14 - WSN_Simulation - INFO - info:89 - 可视化图表生成完成
2025-10-23 10:54:14 - WSN_Simulation - INFO - info:89 - 输出统计信息...
2025-10-23 10:54:14 - WSN_Simulation - INFO - info:89 - 导出配置参数...
2025-10-23 10:54:14 - WSN_Simulation - INFO - info:89 - 配置参数已导出到: data\20251023_105252\simulation_config.json
2025-10-23 10:54:14 - WSN_Simulation - INFO - info:89 - 保存详细计划日志...
2025-10-23 10:54:14 - WSN_Simulation - INFO - info:89 - 详细计划日志将保存到: data\20251023_105252\plans.txt
2025-10-23 10:54:14 - WSN_Simulation - INFO - info:89 - 详细计划记录已保存到: data\20251023_105252\plans.txt
2025-10-23 10:54:14 - WSN_Simulation - INFO - info:89 - 记录了 168 个时间步的计划信息
2025-10-23 10:54:14 - WSN_Simulation - INFO - info:89 - 详细计划日志保存完成
2025-10-23 10:54:14 - WSN_Simulation - INFO - info:89 - 保存结果...
2025-10-23 10:54:16 - WSN_Simulation - INFO - info:89 - 结果已保存到: data\20251023_105252
2025-10-23 10:54:16 - WSN_Simulation - INFO - info:89 - 仿真过程中未发生错误
2025-10-23 10:54:16 - WSN_Simulation - INFO - info:89 - 程序执行完成
2025-10-23 10:54:29 - WSN_Simulation - INFO - info:89 - ==================================================
2025-10-23 10:54:29 - WSN_Simulation - INFO - info:89 - 无线传感器网络能量传输仿真系统
2025-10-23 10:54:29 - WSN_Simulation - INFO - info:89 - ==================================================
2025-10-23 10:54:29 - WSN_Simulation - INFO - info:89 - 开始加载配置...
2025-10-23 10:54:29 - WSN_Simulation - INFO - info:89 - 使用默认配置
2025-10-23 10:54:29 - WSN_Simulation - INFO - info:89 - 创建网络...
2025-10-23 10:54:29 - WSN_Simulation - INFO - info:89 - 网络创建完成: 25 个节点
2025-10-23 10:54:29 - WSN_Simulation - INFO - info:89 - 创建ADCR链路层...
2025-10-23 10:54:29 - WSN_Simulation - INFO - info:89 - ADCR链路层创建完成
2025-10-23 10:54:29 - WSN_Simulation - INFO - info:89 - 创建调度器...
2025-10-23 10:54:29 - WSN_Simulation - INFO - info:89 - 创建调度器: LyapunovScheduler
2025-10-23 10:54:29 - WSN_Simulation - INFO - info:89 - 调度器创建完成: LyapunovScheduler
2025-10-23 10:54:29 - WSN_Simulation - INFO - info:89 - 开始仿真...
2025-10-23 10:55:17 - WSN_Simulation - INFO - info:89 - 仿真完成
2025-10-23 10:55:17 - WSN_Simulation - INFO - info:89 - 生成可视化图表...
2025-10-23 10:55:47 - WSN_Simulation - INFO - info:89 - 可视化图表生成完成
2025-10-23 10:55:47 - WSN_Simulation - INFO - info:89 - 输出统计信息...
2025-10-23 10:55:47 - WSN_Simulation - INFO - info:89 - 导出配置参数...
2025-10-23 10:55:47 - WSN_Simulation - INFO - info:89 - 配置参数已导出到: data\20251023_105429\simulation_config.json
2025-10-23 10:55:47 - WSN_Simulation - INFO - info:89 - 保存详细计划日志...
2025-10-23 10:55:47 - WSN_Simulation - INFO - info:89 - 详细计划日志将保存到: data\20251023_105429\plans.txt
2025-10-23 10:55:47 - WSN_Simulation - INFO - info:89 - 详细计划记录已保存到: data\20251023_105429\plans.txt
2025-10-23 10:55:47 - WSN_Simulation - INFO - info:89 - 记录了 168 个时间步的计划信息
2025-10-23 10:55:47 - WSN_Simulation - INFO - info:89 - 详细计划日志保存完成
2025-10-23 10:55:47 - WSN_Simulation - INFO - info:89 - 保存结果...
2025-10-23 10:55:48 - WSN_Simulation - INFO - info:89 - 结果已保存到: data\20251023_105429
2025-10-23 10:55:48 - WSN_Simulation - INFO - info:89 - 仿真过程中未发生错误
2025-10-23 10:55:48 - WSN_Simulation - INFO - info:89 - 程序执行完成
2025-10-23 11:00:22 - WSN_Simulation - INFO - info:89 - ==================================================
2025-10-23 11:00:22 - WSN_Simulation - INFO - info:89 - 无线传感器网络能量传输仿真系统
2025-10-23 11:00:22 - WSN_Simulation - INFO - info:89 - ==================================================
2025-10-23 11:00:22 - WSN_Simulation - INFO - info:89 - 开始加载配置...
2025-10-23 11:00:22 - WSN_Simulation - INFO - info:89 - 使用默认配置
2025-10-23 11:00:22 - WSN_Simulation - INFO - info:89 - 创建网络...
2025-10-23 11:00:22 - WSN_Simulation - INFO - info:89 - 网络创建完成: 25 个节点
2025-10-23 11:00:22 - WSN_Simulation - INFO - info:89 - 创建ADCR链路层...
2025-10-23 11:00:22 - WSN_Simulation - INFO - info:89 - ADCR链路层创建完成
2025-10-23 11:00:22 - WSN_Simulation - INFO - info:89 - 创建调度器...
2025-10-23 11:00:22 - WSN_Simulation - INFO - info:89 - 创建调度器: LyapunovScheduler
2025-10-23 11:00:22 - WSN_Simulation - INFO - info:89 - 调度器创建完成: LyapunovScheduler
2025-10-23 11:00:22 - WSN_Simulation - INFO - info:89 - 开始仿真...
2025-10-23 11:04:08 - WSN_Simulation - INFO - info:89 - ==================================================
2025-10-23 11:04:08 - WSN_Simulation - INFO - info:89 - 无线传感器网络能量传输仿真系统
2025-10-23 11:04:08 - WSN_Simulation - INFO - info:89 - ==================================================
2025-10-23 11:04:08 - WSN_Simulation - INFO - info:89 - 开始加载配置...
2025-10-23 11:04:08 - WSN_Simulation - INFO - info:89 - 使用默认配置
2025-10-23 11:04:08 - WSN_Simulation - INFO - info:89 - 创建网络...
2025-10-23 11:04:08 - WSN_Simulation - INFO - info:89 - 网络创建完成: 25 个节点
2025-10-23 11:04:08 - WSN_Simulation - INFO - info:89 - 创建ADCR链路层...
2025-10-23 11:04:08 - WSN_Simulation - INFO - info:89 - ADCR链路层创建完成
2025-10-23 11:04:08 - WSN_Simulation - INFO - info:89 - 创建调度器...
2025-10-23 11:04:08 - WSN_Simulation - INFO - info:89 - 创建调度器: LyapunovScheduler
2025-10-23 11:04:08 - WSN_Simulation - INFO - info:89 - 调度器创建完成: LyapunovScheduler
2025-10-23 11:04:08 - WSN_Simulation - INFO - info:89 - 开始仿真...
2025-10-23 11:04:10 - WSN_Simulation - INFO - info:89 - 仿真完成
2025-10-23 11:04:10 - WSN_Simulation - INFO - info:89 - 生成可视化图表...
2025-10-23 11:04:43 - WSN_Simulation - INFO - info:89 - 可视化图表生成完成
2025-10-23 11:04:43 - WSN_Simulation - INFO - info:89 - 输出统计信息...
2025-10-23 11:04:43 - WSN_Simulation - INFO - info:89 - 导出配置参数...
2025-10-23 11:04:43 - WSN_Simulation - INFO - info:89 - 配置参数已导出到: data\20251023_110409\simulation_config.json
2025-10-23 11:04:43 - WSN_Simulation - INFO - info:89 - 保存详细计划日志...
2025-10-23 11:04:43 - WSN_Simulation - INFO - info:89 - 详细计划日志将保存到: data\20251023_110409\plans.txt
2025-10-23 11:04:43 - WSN_Simulation - INFO - info:89 - 详细计划记录已保存到: data\20251023_110409\plans.txt
2025-10-23 11:04:43 - WSN_Simulation - INFO - info:89 - 记录了 168 个时间步的计划信息
2025-10-23 11:04:43 - WSN_Simulation - INFO - info:89 - 详细计划日志保存完成
2025-10-23 11:04:43 - WSN_Simulation - INFO - info:89 - 保存结果...
2025-10-23 11:04:45 - WSN_Simulation - INFO - info:89 - 结果已保存到: data\20251023_110409
2025-10-23 11:04:45 - WSN_Simulation - INFO - info:89 - 仿真过程中未发生错误
2025-10-23 11:04:45 - WSN_Simulation - INFO - info:89 - 程序执行完成
2025-10-23 11:06:44 - WSN_Simulation - INFO - info:89 - ==================================================
2025-10-23 11:06:44 - WSN_Simulation - INFO - info:89 - 无线传感器网络能量传输仿真系统
2025-10-23 11:06:44 - WSN_Simulation - INFO - info:89 - ==================================================
2025-10-23 11:06:44 - WSN_Simulation - INFO - info:89 - 开始加载配置...
2025-10-23 11:06:44 - WSN_Simulation - INFO - info:89 - 使用默认配置
2025-10-23 11:06:44 - WSN_Simulation - INFO - info:89 - 创建网络...
2025-10-23 11:06:44 - WSN_Simulation - INFO - info:89 - 网络创建完成: 25 个节点
2025-10-23 11:06:44 - WSN_Simulation - INFO - info:89 - 创建ADCR链路层...
2025-10-23 11:06:44 - WSN_Simulation - INFO - info:89 - ADCR链路层创建完成
2025-10-23 11:06:44 - WSN_Simulation - INFO - info:89 - 创建调度器...
2025-10-23 11:06:44 - WSN_Simulation - INFO - info:89 - 创建调度器: LyapunovScheduler
2025-10-23 11:06:44 - WSN_Simulation - INFO - info:89 - 调度器创建完成: LyapunovScheduler
2025-10-23 11:06:44 - WSN_Simulation - INFO - info:89 - 开始仿真...
2025-10-23 11:06:45 - WSN_Simulation - INFO - info:89 - 仿真完成
2025-10-23 11:06:45 - WSN_Simulation - INFO - info:89 - 生成可视化图表...
2025-10-23 11:07:25 - WSN_Simulation - INFO - info:89 - 可视化图表生成完成
2025-10-23 11:07:25 - WSN_Simulation - INFO - info:89 - 输出统计信息...
2025-10-23 11:07:25 - WSN_Simulation - INFO - info:89 - 导出配置参数...
2025-10-23 11:07:25 - WSN_Simulation - INFO - info:89 - 配置参数已导出到: data\20251023_110644\simulation_config.json
2025-10-23 11:07:25 - WSN_Simulation - INFO - info:89 - 保存详细计划日志...
2025-10-23 11:07:25 - WSN_Simulation - INFO - info:89 - 详细计划日志将保存到: data\20251023_110644\plans.txt
2025-10-23 11:07:25 - WSN_Simulation - INFO - info:89 - 详细计划记录已保存到: data\20251023_110644\plans.txt
2025-10-23 11:07:25 - WSN_Simulation - INFO - info:89 - 记录了 168 个时间步的计划信息
2025-10-23 11:07:25 - WSN_Simulation - INFO - info:89 - 详细计划日志保存完成
2025-10-23 11:07:25 - WSN_Simulation - INFO - info:89 - 保存结果...
2025-10-23 11:07:26 - WSN_Simulation - INFO - info:89 - 结果已保存到: data\20251023_110644
2025-10-23 11:07:26 - WSN_Simulation - INFO - info:89 - 仿真过程中未发生错误
2025-10-23 11:07:26 - WSN_Simulation - INFO - info:89 - 程序执行完成
2025-10-23 19:39:25 - WSN_Simulation - INFO - info:89 - ==================================================
2025-10-23 19:39:25 - WSN_Simulation - INFO - info:89 - 无线传感器网络能量传输仿真系统
2025-10-23 19:39:25 - WSN_Simulation - INFO - info:89 - ==================================================
2025-10-23 19:39:25 - WSN_Simulation - INFO - info:89 - 开始加载配置...
2025-10-23 19:39:25 - WSN_Simulation - INFO - info:89 - 使用默认配置
2025-10-23 19:39:25 - WSN_Simulation - INFO - info:89 - 创建网络...
2025-10-23 19:39:25 - WSN_Simulation - INFO - info:89 - 网络创建完成: 25 个节点
2025-10-23 19:39:25 - WSN_Simulation - INFO - info:89 - 创建ADCR链路层...
2025-10-23 19:39:25 - WSN_Simulation - INFO - info:89 - ADCR链路层创建完成
2025-10-23 19:39:25 - WSN_Simulation - INFO - info:89 - 创建调度器...
2025-10-23 19:39:25 - WSN_Simulation - INFO - info:89 - 创建调度器: LyapunovScheduler
2025-10-23 19:39:25 - WSN_Simulation - INFO - info:89 - 调度器创建完成: LyapunovScheduler
2025-10-23 19:39:25 - WSN_Simulation - INFO - info:89 - 开始仿真...
2025-10-23 19:39:27 - WSN_Simulation - INFO - info:89 - 仿真完成
2025-10-23 19:39:27 - WSN_Simulation - INFO - info:89 - 生成可视化图表...
2025-10-23 19:39:51 - WSN_Simulation - INFO - info:89 - 可视化图表生成完成
2025-10-23 19:39:51 - WSN_Simulation - INFO - info:89 - 输出统计信息...
2025-10-23 19:39:51 - WSN_Simulation - INFO - info:89 - 导出配置参数...
2025-10-23 19:39:51 - WSN_Simulation - INFO - info:89 - 配置参数已导出到: data\20251023_193925\simulation_config.json
2025-10-23 19:39:51 - WSN_Simulation - INFO - info:89 - 保存详细计划日志...
2025-10-23 19:39:51 - WSN_Simulation - INFO - info:89 - 详细计划日志将保存到: data\20251023_193925\plans.txt
2025-10-23 19:39:51 - WSN_Simulation - INFO - info:89 - 详细计划记录已保存到: data\20251023_193925\plans.txt
2025-10-23 19:39:51 - WSN_Simulation - INFO - info:89 - 记录了 168 个时间步的计划信息
2025-10-23 19:39:51 - WSN_Simulation - INFO - info:89 - 详细计划日志保存完成
2025-10-23 19:39:51 - WSN_Simulation - INFO - info:89 - 保存结果...
2025-10-23 19:39:51 - WSN_Simulation - INFO - info:89 - 结果已保存到: data\20251023_193925
2025-10-23 19:39:51 - WSN_Simulation - INFO - info:89 - 仿真过程中未发生错误
2025-10-23 19:39:52 - WSN_Simulation - INFO - info:89 - 程序执行完成
2025-10-23 19:51:00 - WSN_Simulation - INFO - info:89 - ==================================================
2025-10-23 19:51:00 - WSN_Simulation - INFO - info:89 - 无线传感器网络能量传输仿真系统
2025-10-23 19:51:00 - WSN_Simulation - INFO - info:89 - ==================================================
2025-10-23 19:51:00 - WSN_Simulation - INFO - info:89 - 开始加载配置...
2025-10-23 19:51:00 - WSN_Simulation - INFO - info:89 - 使用默认配置
2025-10-23 19:51:00 - WSN_Simulation - INFO - info:89 - 创建网络...
2025-10-23 19:51:01 - WSN_Simulation - INFO - info:89 - 网络创建完成: 25 个节点
2025-10-23 19:51:01 - WSN_Simulation - INFO - info:89 - 创建ADCR链路层...
2025-10-23 19:51:01 - WSN_Simulation - INFO - info:89 - ADCR链路层创建完成
2025-10-23 19:51:01 - WSN_Simulation - INFO - info:89 - 创建调度器...
2025-10-23 19:51:01 - WSN_Simulation - INFO - info:89 - 创建调度器: LyapunovScheduler
2025-10-23 19:51:01 - WSN_Simulation - INFO - info:89 - 调度器创建完成: LyapunovScheduler
2025-10-23 19:51:01 - WSN_Simulation - INFO - info:89 - 开始仿真...
2025-10-23 19:51:01 - WSN_Simulation - ERROR - error:97 - 严重错误 [仿真运行]: IndentationError - expected an indented block after 'if' statement on line 100 (energy_simulation.py, line 102)
2025-10-23 19:51:22 - WSN_Simulation - INFO - info:89 - ==================================================
2025-10-23 19:51:22 - WSN_Simulation - INFO - info:89 - 无线传感器网络能量传输仿真系统
2025-10-23 19:51:22 - WSN_Simulation - INFO - info:89 - ==================================================
2025-10-23 19:51:22 - WSN_Simulation - INFO - info:89 - 开始加载配置...
2025-10-23 19:51:22 - WSN_Simulation - INFO - info:89 - 使用默认配置
2025-10-23 19:51:22 - WSN_Simulation - INFO - info:89 - 创建网络...
2025-10-23 19:51:22 - WSN_Simulation - INFO - info:89 - 网络创建完成: 25 个节点
2025-10-23 19:51:22 - WSN_Simulation - INFO - info:89 - 创建ADCR链路层...
2025-10-23 19:51:22 - WSN_Simulation - INFO - info:89 - ADCR链路层创建完成
2025-10-23 19:51:22 - WSN_Simulation - INFO - info:89 - 创建调度器...
2025-10-23 19:51:22 - WSN_Simulation - INFO - info:89 - 创建调度器: LyapunovScheduler
2025-10-23 19:51:22 - WSN_Simulation - INFO - info:89 - 调度器创建完成: LyapunovScheduler
2025-10-23 19:51:22 - WSN_Simulation - INFO - info:89 - 开始仿真...
2025-10-23 19:51:24 - WSN_Simulation - INFO - info:89 - 仿真完成
2025-10-23 19:51:24 - WSN_Simulation - INFO - info:89 - 生成可视化图表...
2025-10-23 19:51:50 - WSN_Simulation - INFO - info:89 - 可视化图表生成完成
2025-10-23 19:51:50 - WSN_Simulation - INFO - info:89 - 输出统计信息...
2025-10-23 19:51:50 - WSN_Simulation - INFO - info:89 - 导出配置参数...
2025-10-23 19:51:50 - WSN_Simulation - INFO - info:89 - 配置参数已导出到: data\20251023_195123\simulation_config.json
2025-10-23 19:51:50 - WSN_Simulation - INFO - info:89 - 保存详细计划日志...
2025-10-23 19:51:50 - WSN_Simulation - INFO - info:89 - 详细计划日志将保存到: data\20251023_195123\plans.txt
2025-10-23 19:51:50 - WSN_Simulation - INFO - info:89 - 详细计划记录已保存到: data\20251023_195123\plans.txt
2025-10-23 19:51:50 - WSN_Simulation - INFO - info:89 - 记录了 168 个时间步的计划信息
2025-10-23 19:51:50 - WSN_Simulation - INFO - info:89 - 详细计划日志保存完成
2025-10-23 19:51:50 - WSN_Simulation - INFO - info:89 - 保存结果...
2025-10-23 19:51:51 - WSN_Simulation - INFO - info:89 - 结果已保存到: data\20251023_195123
2025-10-23 19:51:51 - WSN_Simulation - INFO - info:89 - 仿真过程中未发生错误
2025-10-23 19:51:51 - WSN_Simulation - INFO - info:89 - 程序执行完成
2025-10-23 19:53:09 - WSN_Simulation - INFO - info:89 - ==================================================
2025-10-23 19:53:09 - WSN_Simulation - INFO - info:89 - 无线传感器网络能量传输仿真系统
2025-10-23 19:53:09 - WSN_Simulation - INFO - info:89 - ==================================================
2025-10-23 19:53:09 - WSN_Simulation - INFO - info:89 - 开始加载配置...
2025-10-23 19:53:09 - WSN_Simulation - INFO - info:89 - 使用默认配置
2025-10-23 19:53:09 - WSN_Simulation - INFO - info:89 - 创建网络...
2025-10-23 19:53:09 - WSN_Simulation - INFO - info:89 - 网络创建完成: 25 个节点
2025-10-23 19:53:09 - WSN_Simulation - INFO - info:89 - 创建ADCR链路层...
2025-10-23 19:53:09 - WSN_Simulation - INFO - info:89 - ADCR链路层创建完成
2025-10-23 19:53:09 - WSN_Simulation - INFO - info:89 - 创建调度器...
2025-10-23 19:53:09 - WSN_Simulation - INFO - info:89 - 创建调度器: LyapunovScheduler
2025-10-23 19:53:09 - WSN_Simulation - INFO - info:89 - 调度器创建完成: LyapunovScheduler
2025-10-23 19:53:09 - WSN_Simulation - INFO - info:89 - 开始仿真...
2025-10-23 19:53:55 - WSN_Simulation - INFO - info:89 - 仿真完成
2025-10-23 19:53:55 - WSN_Simulation - INFO - info:89 - 生成可视化图表...
2025-10-23 19:54:17 - WSN_Simulation - INFO - info:89 - 可视化图表生成完成
2025-10-23 19:54:17 - WSN_Simulation - INFO - info:89 - 输出统计信息...
2025-10-23 19:54:17 - WSN_Simulation - INFO - info:89 - 导出配置参数...
2025-10-23 19:54:17 - WSN_Simulation - INFO - info:89 - 配置参数已导出到: data\20251023_195309\simulation_config.json
2025-10-23 19:54:17 - WSN_Simulation - INFO - info:89 - 保存详细计划日志...
2025-10-23 19:54:17 - WSN_Simulation - INFO - info:89 - 详细计划日志将保存到: data\20251023_195309\plans.txt
2025-10-23 19:54:17 - WSN_Simulation - INFO - info:89 - 详细计划记录已保存到: data\20251023_195309\plans.txt
2025-10-23 19:54:17 - WSN_Simulation - INFO - info:89 - 记录了 168 个时间步的计划信息
2025-10-23 19:54:17 - WSN_Simulation - INFO - info:89 - 详细计划日志保存完成
2025-10-23 19:54:17 - WSN_Simulation - INFO - info:89 - 保存结果...
2025-10-23 19:54:18 - WSN_Simulation - INFO - info:89 - 结果已保存到: data\20251023_195309
2025-10-23 19:54:18 - WSN_Simulation - INFO - info:89 - 仿真过程中未发生错误
2025-10-23 19:54:18 - WSN_Simulation - INFO - info:89 - 程序执行完成
2025-10-23 19:59:42 - WSN_Simulation - INFO - info:89 - ==================================================
2025-10-23 19:59:42 - WSN_Simulation - INFO - info:89 - 无线传感器网络能量传输仿真系统
2025-10-23 19:59:42 - WSN_Simulation - INFO - info:89 - ==================================================
2025-10-23 19:59:42 - WSN_Simulation - INFO - info:89 - 开始加载配置...
2025-10-23 19:59:42 - WSN_Simulation - INFO - info:89 - 使用默认配置
2025-10-23 19:59:42 - WSN_Simulation - INFO - info:89 - 创建网络...
2025-10-23 19:59:42 - WSN_Simulation - INFO - info:89 - 网络创建完成: 30 个节点
2025-10-23 19:59:42 - WSN_Simulation - INFO - info:89 - 创建ADCR链路层...
2025-10-23 19:59:42 - WSN_Simulation - INFO - info:89 - ADCR链路层创建完成
2025-10-23 19:59:42 - WSN_Simulation - INFO - info:89 - 创建调度器...
2025-10-23 19:59:42 - WSN_Simulation - INFO - info:89 - 创建调度器: LyapunovScheduler
2025-10-23 19:59:42 - WSN_Simulation - INFO - info:89 - 调度器创建完成: LyapunovScheduler
2025-10-23 19:59:42 - WSN_Simulation - INFO - info:89 - 开始仿真...
2025-10-23 20:00:31 - WSN_Simulation - INFO - info:89 - 仿真完成
2025-10-23 20:00:31 - WSN_Simulation - INFO - info:89 - 生成可视化图表...
2025-10-23 20:01:00 - WSN_Simulation - INFO - info:89 - 可视化图表生成完成
2025-10-23 20:01:00 - WSN_Simulation - INFO - info:89 - 输出统计信息...
2025-10-23 20:01:00 - WSN_Simulation - INFO - info:89 - 导出配置参数...
2025-10-23 20:01:00 - WSN_Simulation - INFO - info:89 - 配置参数已导出到: data\20251023_195942\simulation_config.json
2025-10-23 20:01:00 - WSN_Simulation - INFO - info:89 - 保存详细计划日志...
2025-10-23 20:01:00 - WSN_Simulation - INFO - info:89 - 详细计划日志将保存到: data\20251023_195942\plans.txt
2025-10-23 20:01:00 - WSN_Simulation - INFO - info:89 - 详细计划记录已保存到: data\20251023_195942\plans.txt
2025-10-23 20:01:00 - WSN_Simulation - INFO - info:89 - 记录了 168 个时间步的计划信息
2025-10-23 20:01:00 - WSN_Simulation - INFO - info:89 - 详细计划日志保存完成
2025-10-23 20:01:00 - WSN_Simulation - INFO - info:89 - 保存结果...
2025-10-23 20:01:01 - WSN_Simulation - INFO - info:89 - 结果已保存到: data\20251023_195942
2025-10-23 20:01:01 - WSN_Simulation - INFO - info:89 - 仿真过程中未发生错误
2025-10-23 20:01:01 - WSN_Simulation - INFO - info:89 - 程序执行完成
2025-10-23 21:13:40 - WSN_Simulation - INFO - info:89 - ==================================================
2025-10-23 21:13:40 - WSN_Simulation - INFO - info:89 - 无线传感器网络能量传输仿真系统
2025-10-23 21:13:40 - WSN_Simulation - INFO - info:89 - ==================================================
2025-10-23 21:13:40 - WSN_Simulation - INFO - info:89 - 开始加载配置...
2025-10-23 21:13:40 - WSN_Simulation - INFO - info:89 - 使用默认配置
2025-10-23 21:13:40 - WSN_Simulation - INFO - info:89 - 创建网络...
2025-10-23 21:13:40 - WSN_Simulation - INFO - info:89 - 网络创建完成: 30 个节点
2025-10-23 21:13:40 - WSN_Simulation - INFO - info:89 - 创建ADCR链路层...
2025-10-23 21:13:40 - WSN_Simulation - INFO - info:89 - ADCR链路层创建完成
2025-10-23 21:13:40 - WSN_Simulation - INFO - info:89 - 创建调度器...
2025-10-23 21:13:40 - WSN_Simulation - INFO - info:89 - 创建调度器: LyapunovScheduler
2025-10-23 21:13:40 - WSN_Simulation - INFO - info:89 - 调度器创建完成: LyapunovScheduler
2025-10-23 21:13:40 - WSN_Simulation - INFO - info:89 - 开始仿真...
2025-10-23 21:27:02 - WSN_Simulation - INFO - info:89 - ==================================================
2025-10-23 21:27:02 - WSN_Simulation - INFO - info:89 - 无线传感器网络能量传输仿真系统
2025-10-23 21:27:02 - WSN_Simulation - INFO - info:89 - ==================================================
2025-10-23 21:27:02 - WSN_Simulation - INFO - info:89 - 开始加载配置...
2025-10-23 21:27:02 - WSN_Simulation - INFO - info:89 - 使用默认配置
2025-10-23 21:27:02 - WSN_Simulation - INFO - info:89 - 创建网络...
2025-10-23 21:27:02 - WSN_Simulation - INFO - info:89 - 网络创建完成: 30 个节点
2025-10-23 21:27:02 - WSN_Simulation - INFO - info:89 - 创建ADCR链路层...
2025-10-23 21:27:02 - WSN_Simulation - INFO - info:89 - ADCR链路层创建完成
2025-10-23 21:27:02 - WSN_Simulation - INFO - info:89 - 创建调度器...
2025-10-23 21:27:02 - WSN_Simulation - INFO - info:89 - 创建调度器: LyapunovScheduler
2025-10-23 21:27:02 - WSN_Simulation - INFO - info:89 - 调度器创建完成: LyapunovScheduler
2025-10-23 21:27:02 - WSN_Simulation - INFO - info:89 - 开始仿真...
2025-10-23 21:39:33 - WSN_Simulation - INFO - info:89 - ==================================================
2025-10-23 21:39:33 - WSN_Simulation - INFO - info:89 - 无线传感器网络能量传输仿真系统
2025-10-23 21:39:33 - WSN_Simulation - INFO - info:89 - ==================================================
2025-10-23 21:39:33 - WSN_Simulation - INFO - info:89 - 开始加载配置...
2025-10-23 21:39:33 - WSN_Simulation - INFO - info:89 - 使用默认配置
2025-10-23 21:39:33 - WSN_Simulation - INFO - info:89 - 创建网络...
2025-10-23 21:39:33 - WSN_Simulation - INFO - info:89 - 网络创建完成: 30 个节点
2025-10-23 21:39:33 - WSN_Simulation - INFO - info:89 - 创建ADCR链路层...
2025-10-23 21:39:33 - WSN_Simulation - INFO - info:89 - ADCR链路层创建完成
2025-10-23 21:39:33 - WSN_Simulation - INFO - info:89 - 创建调度器...
2025-10-23 21:39:33 - WSN_Simulation - INFO - info:89 - 创建调度器: LyapunovScheduler
2025-10-23 21:39:33 - WSN_Simulation - INFO - info:89 - 调度器创建完成: LyapunovScheduler
2025-10-23 21:39:33 - WSN_Simulation - INFO - info:89 - 开始仿真...
2025-10-23 21:40:12 - WSN_Simulation - INFO - info:89 - ==================================================
2025-10-23 21:40:12 - WSN_Simulation - INFO - info:89 - 无线传感器网络能量传输仿真系统
2025-10-23 21:40:12 - WSN_Simulation - INFO - info:89 - ==================================================
2025-10-23 21:40:12 - WSN_Simulation - INFO - info:89 - 开始加载配置...
2025-10-23 21:40:12 - WSN_Simulation - INFO - info:89 - 使用默认配置
2025-10-23 21:40:12 - WSN_Simulation - INFO - info:89 - 创建网络...
2025-10-23 21:40:12 - WSN_Simulation - INFO - info:89 - 网络创建完成: 30 个节点
2025-10-23 21:40:12 - WSN_Simulation - INFO - info:89 - 创建ADCR链路层...
2025-10-23 21:40:12 - WSN_Simulation - INFO - info:89 - ADCR链路层创建完成
2025-10-23 21:40:12 - WSN_Simulation - INFO - info:89 - 创建调度器...
2025-10-23 21:40:12 - WSN_Simulation - INFO - info:89 - 创建调度器: LyapunovScheduler
2025-10-23 21:40:12 - WSN_Simulation - INFO - info:89 - 调度器创建完成: LyapunovScheduler
2025-10-23 21:40:12 - WSN_Simulation - INFO - info:89 - 开始仿真...
2025-10-23 21:42:13 - WSN_Simulation - INFO - info:89 - 仿真完成
2025-10-23 21:42:13 - WSN_Simulation - INFO - info:89 - 生成可视化图表...
2025-10-23 21:42:42 - WSN_Simulation - INFO - info:89 - 可视化图表生成完成
2025-10-23 21:42:42 - WSN_Simulation - INFO - info:89 - 输出统计信息...
2025-10-23 21:42:42 - WSN_Simulation - INFO - info:89 - 导出配置参数...
2025-10-23 21:42:42 - WSN_Simulation - INFO - info:89 - 配置参数已导出到: data\20251023_214012\simulation_config.json
2025-10-23 21:42:42 - WSN_Simulation - INFO - info:89 - 保存详细计划日志...
2025-10-23 21:42:42 - WSN_Simulation - INFO - info:89 - 详细计划日志将保存到: data\20251023_214012\plans.txt
2025-10-23 21:42:43 - WSN_Simulation - INFO - info:89 - 详细计划记录已保存到: data\20251023_214012\plans.txt
2025-10-23 21:42:43 - WSN_Simulation - INFO - info:89 - 记录了 168 个时间步的计划信息
2025-10-23 21:42:43 - WSN_Simulation - INFO - info:89 - 详细计划日志保存完成
2025-10-23 21:42:43 - WSN_Simulation - INFO - info:89 - 保存结果...
2025-10-23 21:42:44 - WSN_Simulation - INFO - info:89 - 结果已保存到: data\20251023_214012
2025-10-23 21:42:44 - WSN_Simulation - INFO - info:89 - 仿真过程中未发生错误
2025-10-23 21:42:44 - WSN_Simulation - INFO - info:89 - 程序执行完成
2025-10-23 21:49:02 - WSN_Simulation - INFO - info:89 - ==================================================
2025-10-23 21:49:02 - WSN_Simulation - INFO - info:89 - 无线传感器网络能量传输仿真系统
2025-10-23 21:49:02 - WSN_Simulation - INFO - info:89 - ==================================================
2025-10-23 21:49:02 - WSN_Simulation - INFO - info:89 - 开始加载配置...
2025-10-23 21:49:02 - WSN_Simulation - INFO - info:89 - 使用默认配置
2025-10-23 21:49:02 - WSN_Simulation - INFO - info:89 - 创建网络...
2025-10-23 21:49:02 - WSN_Simulation - INFO - info:89 - 网络创建完成: 30 个节点
2025-10-23 21:49:02 - WSN_Simulation - INFO - info:89 - 创建ADCR链路层...
2025-10-23 21:49:02 - WSN_Simulation - INFO - info:89 - ADCR链路层创建完成
2025-10-23 21:49:02 - WSN_Simulation - INFO - info:89 - 创建调度器...
2025-10-23 21:49:02 - WSN_Simulation - INFO - info:89 - 创建调度器: LyapunovScheduler
2025-10-23 21:49:02 - WSN_Simulation - INFO - info:89 - 调度器创建完成: LyapunovScheduler
2025-10-23 21:49:02 - WSN_Simulation - INFO - info:89 - 开始仿真...
2025-10-23 21:49:02 - WSN_Simulation - ERROR - error:97 - 严重错误 [仿真运行]: IndentationError - expected an indented block after 'if' statement on line 100 (energy_simulation.py, line 102)
2025-10-23 21:51:34 - WSN_Simulation - INFO - info:89 - ==================================================
2025-10-23 21:51:34 - WSN_Simulation - INFO - info:89 - 无线传感器网络能量传输仿真系统
2025-10-23 21:51:34 - WSN_Simulation - INFO - info:89 - ==================================================
2025-10-23 21:51:34 - WSN_Simulation - INFO - info:89 - 开始加载配置...
2025-10-23 21:51:34 - WSN_Simulation - INFO - info:89 - 使用默认配置
2025-10-23 21:51:34 - WSN_Simulation - INFO - info:89 - 创建网络...
2025-10-23 21:51:34 - WSN_Simulation - INFO - info:89 - 网络创建完成: 30 个节点
2025-10-23 21:51:34 - WSN_Simulation - INFO - info:89 - 创建ADCR链路层...
2025-10-23 21:51:34 - WSN_Simulation - INFO - info:89 - ADCR链路层创建完成
2025-10-23 21:51:34 - WSN_Simulation - INFO - info:89 - 创建调度器...
2025-10-23 21:51:34 - WSN_Simulation - INFO - info:89 - 创建调度器: LyapunovScheduler
2025-10-23 21:51:34 - WSN_Simulation - INFO - info:89 - 调度器创建完成: LyapunovScheduler
2025-10-23 21:51:34 - WSN_Simulation - INFO - info:89 - 开始仿真...
2025-10-23 21:53:16 - WSN_Simulation - INFO - info:89 - 仿真完成
2025-10-23 21:53:16 - WSN_Simulation - INFO - info:89 - 生成可视化图表...
2025-10-23 21:53:42 - WSN_Simulation - INFO - info:89 - 可视化图表生成完成
2025-10-23 21:53:42 - WSN_Simulation - INFO - info:89 - 输出统计信息...
2025-10-23 21:53:42 - WSN_Simulation - INFO - info:89 - 导出配置参数...
2025-10-23 21:53:42 - WSN_Simulation - INFO - info:89 - 配置参数已导出到: data\20251023_215135\simulation_config.json
2025-10-23 21:53:42 - WSN_Simulation - INFO - info:89 - 保存详细计划日志...
2025-10-23 21:53:42 - WSN_Simulation - INFO - info:89 - 详细计划日志将保存到: data\20251023_215135\plans.txt
2025-10-23 21:53:42 - WSN_Simulation - INFO - info:89 - 详细计划记录已保存到: data\20251023_215135\plans.txt
2025-10-23 21:53:42 - WSN_Simulation - INFO - info:89 - 记录了 168 个时间步的计划信息
2025-10-23 21:53:42 - WSN_Simulation - INFO - info:89 - 详细计划日志保存完成
2025-10-23 21:53:42 - WSN_Simulation - INFO - info:89 - 保存结果...
2025-10-23 21:53:44 - WSN_Simulation - INFO - info:89 - 结果已保存到: data\20251023_215135
2025-10-23 21:53:44 - WSN_Simulation - INFO - info:89 - 仿真过程中未发生错误
2025-10-23 21:53:44 - WSN_Simulation - INFO - info:89 - 程序执行完成
2025-10-23 21:56:52 - WSN_Simulation - INFO - info:89 - ==================================================
2025-10-23 21:56:52 - WSN_Simulation - INFO - info:89 - 无线传感器网络能量传输仿真系统
2025-10-23 21:56:52 - WSN_Simulation - INFO - info:89 - ==================================================
2025-10-23 21:56:52 - WSN_Simulation - INFO - info:89 - 开始加载配置...
2025-10-23 21:56:52 - WSN_Simulation - INFO - info:89 - 使用默认配置
2025-10-23 21:56:52 - WSN_Simulation - INFO - info:89 - 创建网络...
2025-10-23 21:56:52 - WSN_Simulation - INFO - info:89 - 网络创建完成: 30 个节点
2025-10-23 21:56:52 - WSN_Simulation - INFO - info:89 - 创建ADCR链路层...
2025-10-23 21:56:52 - WSN_Simulation - INFO - info:89 - ADCR链路层创建完成
2025-10-23 21:56:52 - WSN_Simulation - INFO - info:89 - 创建调度器...
2025-10-23 21:56:52 - WSN_Simulation - INFO - info:89 - 创建调度器: LyapunovScheduler
2025-10-23 21:56:52 - WSN_Simulation - INFO - info:89 - 调度器创建完成: LyapunovScheduler
2025-10-23 21:56:52 - WSN_Simulation - INFO - info:89 - 开始仿真...
2025-10-23 21:58:23 - WSN_Simulation - INFO - info:89 - 仿真完成
2025-10-23 21:58:23 - WSN_Simulation - INFO - info:89 - 生成可视化图表...
2025-10-23 21:58:48 - WSN_Simulation - INFO - info:89 - 可视化图表生成完成
2025-10-23 21:58:48 - WSN_Simulation - INFO - info:89 - 输出统计信息...
2025-10-23 21:58:48 - WSN_Simulation - INFO - info:89 - 导出配置参数...
2025-10-23 21:58:48 - WSN_Simulation - INFO - info:89 - 配置参数已导出到: data\20251023_215652\simulation_config.json
2025-10-23 21:58:48 - WSN_Simulation - INFO - info:89 - 保存详细计划日志...
2025-10-23 21:58:48 - WSN_Simulation - INFO - info:89 - 详细计划日志将保存到: data\20251023_215652\plans.txt
2025-10-23 21:58:48 - WSN_Simulation - INFO - info:89 - 详细计划记录已保存到: data\20251023_215652\plans.txt
2025-10-23 21:58:48 - WSN_Simulation - INFO - info:89 - 记录了 168 个时间步的计划信息
2025-10-23 21:58:48 - WSN_Simulation - INFO - info:89 - 详细计划日志保存完成
2025-10-23 21:58:48 - WSN_Simulation - INFO - info:89 - 保存结果...
2025-10-23 21:58:50 - WSN_Simulation - INFO - info:89 - 结果已保存到: data\20251023_215652
2025-10-23 21:58:50 - WSN_Simulation - INFO - info:89 - 仿真过程中未发生错误
2025-10-23 21:58:50 - WSN_Simulation - INFO - info:89 - 程序执行完成
2025-10-23 22:00:34 - WSN_Simulation - INFO - info:89 - ==================================================
2025-10-23 22:00:34 - WSN_Simulation - INFO - info:89 - 无线传感器网络能量传输仿真系统
2025-10-23 22:00:34 - WSN_Simulation - INFO - info:89 - ==================================================
2025-10-23 22:00:34 - WSN_Simulation - INFO - info:89 - 开始加载配置...
2025-10-23 22:00:34 - WSN_Simulation - INFO - info:89 - 使用默认配置
2025-10-23 22:00:34 - WSN_Simulation - INFO - info:89 - 创建网络...
2025-10-23 22:00:34 - WSN_Simulation - INFO - info:89 - 网络创建完成: 30 个节点
2025-10-23 22:00:34 - WSN_Simulation - INFO - info:89 - 创建ADCR链路层...
2025-10-23 22:00:34 - WSN_Simulation - INFO - info:89 - ADCR链路层创建完成
2025-10-23 22:00:34 - WSN_Simulation - INFO - info:89 - 创建调度器...
2025-10-23 22:00:34 - WSN_Simulation - INFO - info:89 - 创建调度器: LyapunovScheduler
2025-10-23 22:00:34 - WSN_Simulation - INFO - info:89 - 调度器创建完成: LyapunovScheduler
2025-10-23 22:00:34 - WSN_Simulation - INFO - info:89 - 开始仿真...
2025-10-23 22:02:35 - WSN_Simulation - INFO - info:89 - 仿真完成
2025-10-23 22:02:35 - WSN_Simulation - INFO - info:89 - 生成可视化图表...
2025-10-23 22:03:05 - WSN_Simulation - INFO - info:89 - 可视化图表生成完成
2025-10-23 22:03:05 - WSN_Simulation - INFO - info:89 - 输出统计信息...
2025-10-23 22:03:05 - WSN_Simulation - INFO - info:89 - 导出配置参数...
2025-10-23 22:03:05 - WSN_Simulation - INFO - info:89 - 配置参数已导出到: data\20251023_220035\simulation_config.json
2025-10-23 22:03:05 - WSN_Simulation - INFO - info:89 - 保存详细计划日志...
2025-10-23 22:03:05 - WSN_Simulation - INFO - info:89 - 详细计划日志将保存到: data\20251023_220035\plans.txt
2025-10-23 22:03:06 - WSN_Simulation - INFO - info:89 - 详细计划记录已保存到: data\20251023_220035\plans.txt
2025-10-23 22:03:06 - WSN_Simulation - INFO - info:89 - 记录了 168 个时间步的计划信息
2025-10-23 22:03:06 - WSN_Simulation - INFO - info:89 - 详细计划日志保存完成
2025-10-23 22:03:06 - WSN_Simulation - INFO - info:89 - 保存结果...
