2025-10-24 23:54:22 - WSN_Simulation - INFO - info:89 - ==================================================
2025-10-24 23:54:22 - WSN_Simulation - INFO - info:89 - 无线传感器网络能量传输仿真系统
2025-10-24 23:54:22 - WSN_Simulation - INFO - info:89 - ==================================================
2025-10-24 23:54:22 - WSN_Simulation - INFO - info:89 - 开始加载配置...
2025-10-24 23:54:22 - WSN_Simulation - INFO - info:89 - 使用默认配置
2025-10-24 23:54:22 - WSN_Simulation - INFO - info:89 - 创建网络...
2025-10-24 23:54:22 - WSN_Simulation - INFO - info:89 - 网络创建完成: 30 个节点
2025-10-24 23:54:22 - WSN_Simulation - INFO - info:89 - 创建ADCR链路层...
2025-10-24 23:54:22 - WSN_Simulation - INFO - info:89 - ADCR链路层创建完成
2025-10-24 23:54:22 - WSN_Simulation - INFO - info:89 - 创建调度器...
2025-10-24 23:54:22 - WSN_Simulation - INFO - info:89 - 创建调度器: LyapunovScheduler
2025-10-24 23:54:22 - WSN_Simulation - INFO - info:89 - 调度器创建完成: LyapunovScheduler
2025-10-24 23:54:22 - WSN_Simulation - INFO - info:89 - 开始仿真...
2025-10-24 23:55:34 - WSN_Simulation - INFO - info:89 - 仿真完成
2025-10-24 23:55:34 - WSN_Simulation - INFO - info:89 - 生成可视化图表...
2025-10-24 23:55:56 - WSN_Simulation - INFO - info:89 - 可视化图表生成完成
2025-10-24 23:55:56 - WSN_Simulation - INFO - info:89 - 输出统计信息...
2025-10-24 23:55:56 - WSN_Simulation - INFO - info:89 - 导出配置参数...
2025-10-24 23:55:56 - WSN_Simulation - INFO - info:89 - 配置参数已导出到: data\20251024_235422\simulation_config.json
2025-10-24 23:55:56 - WSN_Simulation - INFO - info:89 - 保存详细计划日志...
2025-10-24 23:55:56 - WSN_Simulation - INFO - info:89 - 详细计划日志将保存到: data\20251024_235422\plans.txt
2025-10-24 23:55:56 - WSN_Simulation - INFO - info:89 - 详细计划记录已保存到: data\20251024_235422\plans.txt
2025-10-24 23:55:56 - WSN_Simulation - INFO - info:89 - 记录了 168 个时间步的计划信息
2025-10-24 23:55:56 - WSN_Simulation - INFO - info:89 - 详细计划日志保存完成
2025-10-24 23:55:56 - WSN_Simulation - INFO - info:89 - 保存结果...
2025-10-24 23:55:57 - WSN_Simulation - INFO - info:89 - 结果已保存到: data\20251024_235422
2025-10-24 23:55:57 - WSN_Simulation - INFO - info:89 - 仿真过程中未发生错误
2025-10-24 23:55:57 - WSN_Simulation - INFO - info:89 - 程序执行完成
2025-10-24 23:57:41 - WSN_Simulation - INFO - info:89 - ==================================================
2025-10-24 23:57:41 - WSN_Simulation - INFO - info:89 - 无线传感器网络能量传输仿真系统
2025-10-24 23:57:41 - WSN_Simulation - INFO - info:89 - ==================================================
2025-10-24 23:57:41 - WSN_Simulation - INFO - info:89 - 开始加载配置...
2025-10-24 23:57:41 - WSN_Simulation - INFO - info:89 - 使用默认配置
2025-10-24 23:57:41 - WSN_Simulation - INFO - info:89 - 创建网络...
2025-10-24 23:57:41 - WSN_Simulation - INFO - info:89 - 网络创建完成: 30 个节点
2025-10-24 23:57:41 - WSN_Simulation - INFO - info:89 - 创建ADCR链路层...
2025-10-24 23:57:41 - WSN_Simulation - INFO - info:89 - ADCR链路层创建完成
2025-10-24 23:57:41 - WSN_Simulation - INFO - info:89 - 创建调度器...
2025-10-24 23:57:41 - WSN_Simulation - INFO - info:89 - 创建调度器: LyapunovScheduler
2025-10-24 23:57:41 - WSN_Simulation - INFO - info:89 - 调度器创建完成: LyapunovScheduler
2025-10-24 23:57:41 - WSN_Simulation - INFO - info:89 - 开始仿真...
2025-10-24 23:59:18 - WSN_Simulation - INFO - info:89 - 仿真完成
2025-10-24 23:59:18 - WSN_Simulation - INFO - info:89 - 生成可视化图表...
2025-10-24 23:59:39 - WSN_Simulation - INFO - info:89 - 可视化图表生成完成
2025-10-24 23:59:39 - WSN_Simulation - INFO - info:89 - 输出统计信息...
2025-10-24 23:59:39 - WSN_Simulation - INFO - info:89 - 导出配置参数...
2025-10-24 23:59:39 - WSN_Simulation - INFO - info:89 - 配置参数已导出到: data\20251024_235741\simulation_config.json
2025-10-24 23:59:39 - WSN_Simulation - INFO - info:89 - 保存详细计划日志...
2025-10-24 23:59:39 - WSN_Simulation - INFO - info:89 - 详细计划日志将保存到: data\20251024_235741\plans.txt
2025-10-24 23:59:39 - WSN_Simulation - INFO - info:89 - 详细计划记录已保存到: data\20251024_235741\plans.txt
2025-10-24 23:59:39 - WSN_Simulation - INFO - info:89 - 记录了 168 个时间步的计划信息
2025-10-24 23:59:39 - WSN_Simulation - INFO - info:89 - 详细计划日志保存完成
2025-10-24 23:59:39 - WSN_Simulation - INFO - info:89 - 保存结果...
2025-10-24 23:59:40 - WSN_Simulation - INFO - info:89 - 结果已保存到: data\20251024_235741
2025-10-24 23:59:40 - WSN_Simulation - INFO - info:89 - 仿真过程中未发生错误
2025-10-24 23:59:40 - WSN_Simulation - INFO - info:89 - 程序执行完成
