2025-10-14 21:36:45 - WSN_Simulation - INFO - info:116 - ==================================================
2025-10-14 21:36:45 - WSN_Simulation - INFO - info:116 - 无线传感器网络能量传输仿真系统
2025-10-14 21:36:45 - WSN_Simulation - INFO - info:116 - ==================================================
2025-10-14 21:36:45 - WSN_Simulation - INFO - info:116 - 开始加载配置...
2025-10-14 21:36:45 - WSN_Simulation - INFO - info:116 - 使用默认配置
2025-10-14 21:36:45 - WSN_Simulation - INFO - info:116 - 创建网络...
2025-10-14 21:36:45 - WSN_Simulation - INFO - info:116 - 网络创建完成: 25 个节点
2025-10-14 21:36:45 - WSN_Simulation - INFO - info:116 - 创建ADCR链路层...
2025-10-14 21:36:45 - WSN_Simulation - INFO - info:116 - ADCR链路层创建完成
2025-10-14 21:36:45 - WSN_Simulation - INFO - info:116 - 创建调度器...
2025-10-14 21:36:45 - WSN_Simulation - INFO - info:116 - 创建调度器: LyapunovScheduler
2025-10-14 21:36:45 - WSN_Simulation - INFO - info:116 - 调度器创建完成: LyapunovScheduler
2025-10-14 21:36:45 - WSN_Simulation - INFO - info:116 - 开始仿真...
2025-10-14 21:40:03 - WSN_Simulation - INFO - info:116 - 仿真完成
2025-10-14 21:40:03 - WSN_Simulation - INFO - info:116 - 生成可视化图表...
2025-10-14 21:40:21 - WSN_Simulation - INFO - info:116 - 可视化图表生成完成
2025-10-14 21:40:21 - WSN_Simulation - INFO - info:116 - 输出统计信息...
2025-10-14 21:40:21 - WSN_Simulation - INFO - info:116 - 保存结果...
2025-10-14 21:40:23 - WSN_Simulation - INFO - info:116 - 结果已保存到: data\20251014
2025-10-14 21:40:23 - WSN_Simulation - INFO - info:116 - 仿真过程中未发生错误
2025-10-14 21:40:23 - WSN_Simulation - INFO - info:116 - 程序执行完成
2025-10-14 21:40:35 - WSN_Simulation - INFO - info:116 - ==================================================
2025-10-14 21:40:35 - WSN_Simulation - INFO - info:116 - 无线传感器网络能量传输仿真系统
2025-10-14 21:40:35 - WSN_Simulation - INFO - info:116 - ==================================================
2025-10-14 21:40:35 - WSN_Simulation - INFO - info:116 - 开始加载配置...
2025-10-14 21:40:35 - WSN_Simulation - INFO - info:116 - 使用默认配置
2025-10-14 21:40:35 - WSN_Simulation - INFO - info:116 - 创建网络...
2025-10-14 21:40:35 - WSN_Simulation - INFO - info:116 - 网络创建完成: 25 个节点
2025-10-14 21:40:35 - WSN_Simulation - INFO - info:116 - 创建ADCR链路层...
2025-10-14 21:40:35 - WSN_Simulation - INFO - info:116 - ADCR链路层创建完成
2025-10-14 21:40:35 - WSN_Simulation - INFO - info:116 - 创建调度器...
2025-10-14 21:40:35 - WSN_Simulation - INFO - info:116 - 创建调度器: LyapunovScheduler
2025-10-14 21:40:35 - WSN_Simulation - INFO - info:116 - 调度器创建完成: LyapunovScheduler
2025-10-14 21:40:35 - WSN_Simulation - INFO - info:116 - 开始仿真...
2025-10-14 21:43:58 - WSN_Simulation - INFO - info:116 - 仿真完成
2025-10-14 21:43:58 - WSN_Simulation - INFO - info:116 - 生成可视化图表...
