2025-10-13 21:33:15 - WSN_Simulation - INFO - info:115 - ==================================================
2025-10-13 21:33:15 - WSN_Simulation - INFO - info:115 - 无线传感器网络能量传输仿真系统
2025-10-13 21:33:15 - WSN_Simulation - INFO - info:115 - ==================================================
2025-10-13 21:33:15 - WSN_Simulation - INFO - info:115 - 开始加载配置...
2025-10-13 21:33:15 - WSN_Simulation - INFO - info:115 - 使用默认配置
2025-10-13 21:33:15 - WSN_Simulation - INFO - info:115 - 创建网络...
2025-10-13 21:33:15 - WSN_Simulation - INFO - info:115 - 网络创建完成: 25 个节点
2025-10-13 21:33:15 - WSN_Simulation - INFO - info:115 - 创建ADCR链路层...
2025-10-13 21:33:15 - WSN_Simulation - INFO - info:115 - ADCR链路层创建完成
2025-10-13 21:33:15 - WSN_Simulation - INFO - info:115 - 创建调度器...
2025-10-13 21:33:15 - WSN_Simulation - INFO - info:115 - 创建调度器: LyapunovScheduler
2025-10-13 21:33:15 - WSN_Simulation - INFO - info:115 - 调度器创建完成: LyapunovScheduler
2025-10-13 21:33:15 - WSN_Simulation - INFO - info:115 - 开始仿真...
2025-10-13 21:35:18 - WSN_Simulation - INFO - info:115 - ==================================================
2025-10-13 21:35:18 - WSN_Simulation - INFO - info:115 - 无线传感器网络能量传输仿真系统
2025-10-13 21:35:18 - WSN_Simulation - INFO - info:115 - ==================================================
2025-10-13 21:35:18 - WSN_Simulation - INFO - info:115 - 开始加载配置...
2025-10-13 21:35:18 - WSN_Simulation - INFO - info:115 - 使用默认配置
2025-10-13 21:35:18 - WSN_Simulation - INFO - info:115 - 创建网络...
2025-10-13 21:35:18 - WSN_Simulation - INFO - info:115 - 网络创建完成: 25 个节点
2025-10-13 21:35:18 - WSN_Simulation - INFO - info:115 - 创建ADCR链路层...
2025-10-13 21:35:18 - WSN_Simulation - INFO - info:115 - ADCR链路层创建完成
2025-10-13 21:35:18 - WSN_Simulation - INFO - info:115 - 创建调度器...
2025-10-13 21:35:18 - WSN_Simulation - INFO - info:115 - 创建调度器: LyapunovScheduler
2025-10-13 21:35:18 - WSN_Simulation - INFO - info:115 - 调度器创建完成: LyapunovScheduler
2025-10-13 21:35:18 - WSN_Simulation - INFO - info:115 - 开始仿真...
2025-10-13 21:37:32 - WSN_Simulation - INFO - info:115 - 仿真完成
2025-10-13 21:37:32 - WSN_Simulation - INFO - info:115 - 生成可视化图表...
2025-10-13 21:38:03 - WSN_Simulation - INFO - info:115 - 可视化图表生成完成
2025-10-13 21:38:03 - WSN_Simulation - INFO - info:115 - 输出统计信息...
2025-10-13 21:38:03 - WSN_Simulation - INFO - info:115 - 保存结果...
2025-10-13 21:38:04 - WSN_Simulation - INFO - info:115 - 结果已保存到: data/simulation_results_20251013_213803.csv
2025-10-13 21:38:04 - WSN_Simulation - INFO - info:115 - 仿真过程中未发生错误
2025-10-13 21:38:04 - WSN_Simulation - INFO - info:115 - 程序执行完成
