2025-10-23 19:20:52 - WSN_Simulation - INFO - info:89 - ==================================================
2025-10-23 19:20:52 - WSN_Simulation - INFO - info:89 - 无线传感器网络能量传输仿真系统
2025-10-23 19:20:52 - WSN_Simulation - INFO - info:89 - ==================================================
2025-10-23 19:20:52 - WSN_Simulation - INFO - info:89 - 开始加载配置...
2025-10-23 19:20:52 - WSN_Simulation - INFO - info:89 - 使用默认配置
2025-10-23 19:20:52 - WSN_Simulation - INFO - info:89 - 创建网络...
2025-10-23 19:20:52 - WSN_Simulation - INFO - info:89 - 网络创建完成: 25 个节点
2025-10-23 19:20:52 - WSN_Simulation - INFO - info:89 - 创建ADCR链路层...
2025-10-23 19:20:52 - WSN_Simulation - INFO - info:89 - ADCR链路层创建完成
2025-10-23 19:20:52 - WSN_Simulation - INFO - info:89 - 创建调度器...
2025-10-23 19:20:52 - WSN_Simulation - INFO - info:89 - 创建调度器: LyapunovScheduler
2025-10-23 19:20:52 - WSN_Simulation - INFO - info:89 - 调度器创建完成: LyapunovScheduler
2025-10-23 19:20:52 - WSN_Simulation - INFO - info:89 - 开始仿真...
2025-10-23 19:20:58 - WSN_Simulation - INFO - info:89 - 仿真完成
2025-10-23 19:20:58 - WSN_Simulation - INFO - info:89 - 生成可视化图表...
2025-10-23 19:32:18 - WSN_Simulation - INFO - info:89 - ==================================================
2025-10-23 19:32:18 - WSN_Simulation - INFO - info:89 - 无线传感器网络能量传输仿真系统
2025-10-23 19:32:18 - WSN_Simulation - INFO - info:89 - ==================================================
2025-10-23 19:32:18 - WSN_Simulation - INFO - info:89 - 开始加载配置...
2025-10-23 19:32:18 - WSN_Simulation - INFO - info:89 - 使用默认配置
2025-10-23 19:32:18 - WSN_Simulation - INFO - info:89 - 创建网络...
2025-10-23 19:32:18 - WSN_Simulation - INFO - info:89 - 网络创建完成: 25 个节点
2025-10-23 19:32:18 - WSN_Simulation - INFO - info:89 - 创建ADCR链路层...
2025-10-23 19:32:18 - WSN_Simulation - INFO - info:89 - ADCR链路层创建完成
2025-10-23 19:32:18 - WSN_Simulation - INFO - info:89 - 创建调度器...
2025-10-23 19:32:18 - WSN_Simulation - INFO - info:89 - 创建调度器: LyapunovScheduler
2025-10-23 19:32:18 - WSN_Simulation - INFO - info:89 - 调度器创建完成: LyapunovScheduler
2025-10-23 19:32:18 - WSN_Simulation - INFO - info:89 - 开始仿真...
2025-10-23 19:32:26 - WSN_Simulation - INFO - info:89 - 仿真完成
2025-10-23 19:32:26 - WSN_Simulation - INFO - info:89 - 生成可视化图表...
2025-10-23 19:32:37 - WSN_Simulation - INFO - info:89 - 可视化图表生成完成
2025-10-23 19:32:37 - WSN_Simulation - INFO - info:89 - 输出统计信息...
2025-10-23 19:32:37 - WSN_Simulation - INFO - info:89 - 导出配置参数...
2025-10-23 19:32:37 - WSN_Simulation - INFO - info:89 - 配置参数已导出到: data\20251023_193218\simulation_config.json
2025-10-23 19:32:37 - WSN_Simulation - INFO - info:89 - 保存详细计划日志...
2025-10-23 19:32:37 - WSN_Simulation - INFO - info:89 - 详细计划日志将保存到: data\20251023_193218\plans.txt
2025-10-23 19:32:37 - WSN_Simulation - INFO - info:89 - 详细计划记录已保存到: data\20251023_193218\plans.txt
2025-10-23 19:32:37 - WSN_Simulation - INFO - info:89 - 记录了 168 个时间步的计划信息
2025-10-23 19:32:37 - WSN_Simulation - INFO - info:89 - 详细计划日志保存完成
2025-10-23 19:32:37 - WSN_Simulation - INFO - info:89 - 保存结果...
2025-10-23 19:32:38 - WSN_Simulation - INFO - info:89 - 结果已保存到: data\20251023_193218
2025-10-23 19:32:38 - WSN_Simulation - INFO - info:89 - 仿真过程中未发生错误
2025-10-23 19:32:38 - WSN_Simulation - INFO - info:89 - 程序执行完成
2025-10-23 20:07:24 - WSN_Simulation - INFO - info:89 - ==================================================
2025-10-23 20:07:24 - WSN_Simulation - INFO - info:89 - 无线传感器网络能量传输仿真系统
2025-10-23 20:07:24 - WSN_Simulation - INFO - info:89 - ==================================================
2025-10-23 20:07:24 - WSN_Simulation - INFO - info:89 - 开始加载配置...
2025-10-23 20:07:24 - WSN_Simulation - INFO - info:89 - 使用默认配置
2025-10-23 20:07:24 - WSN_Simulation - INFO - info:89 - ==================================================
2025-10-23 20:07:24 - WSN_Simulation - INFO - info:89 - 智能被动传能模式已启用
2025-10-23 20:07:24 - WSN_Simulation - INFO - info:89 -   - 检查间隔: 10 分钟
2025-10-23 20:07:24 - WSN_Simulation - INFO - info:89 -   - 临界比例: 20.0%
2025-10-23 20:07:24 - WSN_Simulation - INFO - info:89 -   - 能量方差阈值: 0.30
2025-10-23 20:07:24 - WSN_Simulation - INFO - info:89 -   - 冷却期: 30 分钟
2025-10-23 20:07:24 - WSN_Simulation - INFO - info:89 -   - 预测窗口: 60 分钟
2025-10-23 20:07:24 - WSN_Simulation - INFO - info:89 - ==================================================
2025-10-23 20:07:24 - WSN_Simulation - INFO - info:89 - 创建网络...
2025-10-23 20:07:24 - WSN_Simulation - INFO - info:89 - 网络创建完成: 25 个节点
2025-10-23 20:07:24 - WSN_Simulation - INFO - info:89 - 创建ADCR链路层...
2025-10-23 20:07:24 - WSN_Simulation - INFO - info:89 - ADCR链路层创建完成
2025-10-23 20:07:24 - WSN_Simulation - INFO - info:89 - 创建调度器...
2025-10-23 20:07:24 - WSN_Simulation - INFO - info:89 - 创建调度器: LyapunovScheduler
2025-10-23 20:07:24 - WSN_Simulation - INFO - info:89 - 调度器创建完成: LyapunovScheduler
2025-10-23 20:07:24 - WSN_Simulation - INFO - info:89 - 开始仿真...
2025-10-23 20:07:33 - WSN_Simulation - INFO - info:89 - 仿真完成
2025-10-23 20:07:33 - WSN_Simulation - INFO - info:89 - 生成可视化图表...
2025-10-23 20:07:44 - WSN_Simulation - INFO - info:89 - 可视化图表生成完成
2025-10-23 20:07:44 - WSN_Simulation - INFO - info:89 - 输出统计信息...
2025-10-23 20:07:44 - WSN_Simulation - INFO - info:89 - 导出配置参数...
2025-10-23 20:07:44 - WSN_Simulation - INFO - info:89 - 配置参数已导出到: data\20251023_200725\simulation_config.json
2025-10-23 20:07:44 - WSN_Simulation - INFO - info:89 - 保存详细计划日志...
2025-10-23 20:07:44 - WSN_Simulation - INFO - info:89 - 详细计划日志将保存到: data\20251023_200725\plans.txt
2025-10-23 20:07:44 - WSN_Simulation - INFO - info:89 - 详细计划记录已保存到: data\20251023_200725\plans.txt
2025-10-23 20:07:44 - WSN_Simulation - INFO - info:89 - 记录了 336 个时间步的计划信息
2025-10-23 20:07:44 - WSN_Simulation - INFO - info:89 - 详细计划日志保存完成
2025-10-23 20:07:44 - WSN_Simulation - INFO - info:89 - 保存结果...
2025-10-23 20:07:44 - WSN_Simulation - INFO - info:89 - 结果已保存到: data\20251023_200725
2025-10-23 20:07:44 - WSN_Simulation - INFO - info:89 - 仿真过程中未发生错误
2025-10-23 20:07:44 - WSN_Simulation - INFO - info:89 - 程序执行完成
2025-10-23 21:11:45 - WSN_Simulation - INFO - info:89 - ==================================================
2025-10-23 21:11:45 - WSN_Simulation - INFO - info:89 - 无线传感器网络能量传输仿真系统
2025-10-23 21:11:45 - WSN_Simulation - INFO - info:89 - ==================================================
2025-10-23 21:11:45 - WSN_Simulation - INFO - info:89 - 开始加载配置...
2025-10-23 21:11:45 - WSN_Simulation - INFO - info:89 - 使用默认配置
2025-10-23 21:11:45 - WSN_Simulation - INFO - info:89 - ==================================================
2025-10-23 21:11:45 - WSN_Simulation - INFO - info:89 - 智能被动传能模式已启用
2025-10-23 21:11:45 - WSN_Simulation - INFO - info:89 -   - 检查间隔: 10 分钟
2025-10-23 21:11:45 - WSN_Simulation - INFO - info:89 -   - 临界比例: 20.0%
2025-10-23 21:11:45 - WSN_Simulation - INFO - info:89 -   - 能量方差阈值: 0.30
2025-10-23 21:11:45 - WSN_Simulation - INFO - info:89 -   - 冷却期: 30 分钟
2025-10-23 21:11:45 - WSN_Simulation - INFO - info:89 -   - 预测窗口: 60 分钟
2025-10-23 21:11:45 - WSN_Simulation - INFO - info:89 - ==================================================
2025-10-23 21:11:45 - WSN_Simulation - INFO - info:89 - 创建网络...
2025-10-23 21:11:45 - WSN_Simulation - INFO - info:89 - 网络创建完成: 25 个节点
2025-10-23 21:11:45 - WSN_Simulation - INFO - info:89 - 创建ADCR链路层...
2025-10-23 21:11:45 - WSN_Simulation - INFO - info:89 - ADCR链路层创建完成
2025-10-23 21:11:45 - WSN_Simulation - INFO - info:89 - 创建调度器...
2025-10-23 21:11:45 - WSN_Simulation - INFO - info:89 - 创建调度器: LyapunovScheduler
2025-10-23 21:11:45 - WSN_Simulation - INFO - info:89 - 调度器创建完成: LyapunovScheduler
2025-10-23 21:11:45 - WSN_Simulation - INFO - info:89 - 开始仿真...
2025-10-23 21:11:51 - WSN_Simulation - INFO - info:89 - 仿真完成
2025-10-23 21:11:51 - WSN_Simulation - INFO - info:89 - 生成可视化图表...
2025-10-23 21:12:03 - WSN_Simulation - INFO - info:89 - 可视化图表生成完成
2025-10-23 21:12:03 - WSN_Simulation - INFO - info:89 - 输出统计信息...
2025-10-23 21:12:03 - WSN_Simulation - INFO - info:89 - 导出配置参数...
2025-10-23 21:12:03 - WSN_Simulation - INFO - info:89 - 配置参数已导出到: data\20251023_211145\simulation_config.json
2025-10-23 21:12:03 - WSN_Simulation - INFO - info:89 - 保存详细计划日志...
2025-10-23 21:12:03 - WSN_Simulation - INFO - info:89 - 详细计划日志将保存到: data\20251023_211145\plans.txt
2025-10-23 21:12:03 - WSN_Simulation - INFO - info:89 - 详细计划记录已保存到: data\20251023_211145\plans.txt
2025-10-23 21:12:03 - WSN_Simulation - INFO - info:89 - 记录了 336 个时间步的计划信息
2025-10-23 21:12:03 - WSN_Simulation - INFO - info:89 - 详细计划日志保存完成
2025-10-23 21:12:03 - WSN_Simulation - INFO - info:89 - 保存结果...
2025-10-23 21:12:04 - WSN_Simulation - INFO - info:89 - 结果已保存到: data\20251023_211145
2025-10-23 21:12:04 - WSN_Simulation - INFO - info:89 - 仿真过程中未发生错误
2025-10-23 21:12:04 - WSN_Simulation - INFO - info:89 - 程序执行完成
2025-10-23 21:13:34 - WSN_Simulation - INFO - info:89 - ==================================================
2025-10-23 21:13:34 - WSN_Simulation - INFO - info:89 - 无线传感器网络能量传输仿真系统
2025-10-23 21:13:34 - WSN_Simulation - INFO - info:89 - ==================================================
2025-10-23 21:13:34 - WSN_Simulation - INFO - info:89 - 开始加载配置...
2025-10-23 21:13:34 - WSN_Simulation - INFO - info:89 - 使用默认配置
2025-10-23 21:13:34 - WSN_Simulation - INFO - info:89 - ==================================================
2025-10-23 21:13:34 - WSN_Simulation - INFO - info:89 - 智能被动传能模式已启用
2025-10-23 21:13:34 - WSN_Simulation - INFO - info:89 -   - 检查间隔: 10 分钟
2025-10-23 21:13:34 - WSN_Simulation - INFO - info:89 -   - 临界比例: 20.0%
2025-10-23 21:13:34 - WSN_Simulation - INFO - info:89 -   - 能量方差阈值: 0.30
2025-10-23 21:13:34 - WSN_Simulation - INFO - info:89 -   - 冷却期: 30 分钟
2025-10-23 21:13:34 - WSN_Simulation - INFO - info:89 -   - 预测窗口: 60 分钟
2025-10-23 21:13:34 - WSN_Simulation - INFO - info:89 - ==================================================
2025-10-23 21:13:34 - WSN_Simulation - INFO - info:89 - 创建网络...
2025-10-23 21:13:34 - WSN_Simulation - INFO - info:89 - 网络创建完成: 25 个节点
2025-10-23 21:13:34 - WSN_Simulation - INFO - info:89 - 创建ADCR链路层...
2025-10-23 21:13:34 - WSN_Simulation - INFO - info:89 - ADCR链路层创建完成
2025-10-23 21:13:34 - WSN_Simulation - INFO - info:89 - 创建调度器...
2025-10-23 21:13:34 - WSN_Simulation - INFO - info:89 - 创建调度器: LyapunovScheduler
2025-10-23 21:13:34 - WSN_Simulation - INFO - info:89 - 调度器创建完成: LyapunovScheduler
2025-10-23 21:13:34 - WSN_Simulation - INFO - info:89 - 开始仿真...
2025-10-23 21:15:19 - WSN_Simulation - INFO - info:89 - ==================================================
2025-10-23 21:15:19 - WSN_Simulation - INFO - info:89 - 无线传感器网络能量传输仿真系统
2025-10-23 21:15:19 - WSN_Simulation - INFO - info:89 - ==================================================
2025-10-23 21:15:19 - WSN_Simulation - INFO - info:89 - 开始加载配置...
2025-10-23 21:15:19 - WSN_Simulation - INFO - info:89 - 使用默认配置
2025-10-23 21:15:19 - WSN_Simulation - INFO - info:89 - ==================================================
2025-10-23 21:15:19 - WSN_Simulation - INFO - info:89 - 智能被动传能模式已启用
2025-10-23 21:15:19 - WSN_Simulation - INFO - info:89 -   - 检查间隔: 10 分钟
2025-10-23 21:15:19 - WSN_Simulation - INFO - info:89 -   - 临界比例: 20.0%
2025-10-23 21:15:19 - WSN_Simulation - INFO - info:89 -   - 能量方差阈值: 0.30
2025-10-23 21:15:19 - WSN_Simulation - INFO - info:89 -   - 冷却期: 30 分钟
2025-10-23 21:15:19 - WSN_Simulation - INFO - info:89 -   - 预测窗口: 60 分钟
2025-10-23 21:15:19 - WSN_Simulation - INFO - info:89 - ==================================================
2025-10-23 21:15:19 - WSN_Simulation - INFO - info:89 - 创建网络...
2025-10-23 21:15:19 - WSN_Simulation - INFO - info:89 - 网络创建完成: 25 个节点
2025-10-23 21:15:19 - WSN_Simulation - INFO - info:89 - 创建ADCR链路层...
2025-10-23 21:15:19 - WSN_Simulation - INFO - info:89 - ADCR链路层创建完成
2025-10-23 21:15:19 - WSN_Simulation - INFO - info:89 - 创建调度器...
2025-10-23 21:15:19 - WSN_Simulation - INFO - info:89 - 创建调度器: LyapunovScheduler
2025-10-23 21:15:19 - WSN_Simulation - INFO - info:89 - 调度器创建完成: LyapunovScheduler
2025-10-23 21:15:19 - WSN_Simulation - INFO - info:89 - 开始仿真...
2025-10-23 21:15:54 - WSN_Simulation - INFO - info:89 - 仿真完成
2025-10-23 21:15:54 - WSN_Simulation - INFO - info:89 - 生成可视化图表...
2025-10-23 21:16:05 - WSN_Simulation - INFO - info:89 - 可视化图表生成完成
2025-10-23 21:16:05 - WSN_Simulation - INFO - info:89 - 输出统计信息...
2025-10-23 21:16:05 - WSN_Simulation - INFO - info:89 - 导出配置参数...
2025-10-23 21:16:05 - WSN_Simulation - INFO - info:89 - 配置参数已导出到: data\20251023_211519\simulation_config.json
2025-10-23 21:16:05 - WSN_Simulation - INFO - info:89 - 保存详细计划日志...
2025-10-23 21:16:05 - WSN_Simulation - INFO - info:89 - 详细计划日志将保存到: data\20251023_211519\plans.txt
2025-10-23 21:16:05 - WSN_Simulation - INFO - info:89 - 详细计划记录已保存到: data\20251023_211519\plans.txt
2025-10-23 21:16:05 - WSN_Simulation - INFO - info:89 - 记录了 129 个时间步的计划信息
2025-10-23 21:16:05 - WSN_Simulation - INFO - info:89 - 详细计划日志保存完成
2025-10-23 21:16:05 - WSN_Simulation - INFO - info:89 - 保存结果...
2025-10-23 21:16:05 - WSN_Simulation - INFO - info:89 - 结果已保存到: data\20251023_211519
2025-10-23 21:16:05 - WSN_Simulation - INFO - info:89 - 仿真过程中未发生错误
2025-10-23 21:16:05 - WSN_Simulation - INFO - info:89 - 程序执行完成
2025-10-23 21:22:34 - WSN_Simulation - INFO - info:89 - ==================================================
2025-10-23 21:22:34 - WSN_Simulation - INFO - info:89 - 无线传感器网络能量传输仿真系统
2025-10-23 21:22:34 - WSN_Simulation - INFO - info:89 - ==================================================
2025-10-23 21:22:34 - WSN_Simulation - INFO - info:89 - 开始加载配置...
2025-10-23 21:22:34 - WSN_Simulation - INFO - info:89 - 使用默认配置
2025-10-23 21:22:34 - WSN_Simulation - INFO - info:89 - ==================================================
2025-10-23 21:22:34 - WSN_Simulation - INFO - info:89 - 智能被动传能模式已启用
2025-10-23 21:22:34 - WSN_Simulation - INFO - info:89 -   - 检查间隔: 10 分钟
2025-10-23 21:22:34 - WSN_Simulation - INFO - info:89 -   - 临界比例: 20.0%
2025-10-23 21:22:34 - WSN_Simulation - INFO - info:89 -   - 能量方差阈值: 0.30
2025-10-23 21:22:34 - WSN_Simulation - INFO - info:89 -   - 冷却期: 30 分钟
2025-10-23 21:22:34 - WSN_Simulation - INFO - info:89 -   - 预测窗口: 60 分钟
2025-10-23 21:22:34 - WSN_Simulation - INFO - info:89 - ==================================================
2025-10-23 21:22:34 - WSN_Simulation - INFO - info:89 - 创建网络...
2025-10-23 21:22:34 - WSN_Simulation - INFO - info:89 - 网络创建完成: 25 个节点
2025-10-23 21:22:34 - WSN_Simulation - INFO - info:89 - 创建ADCR链路层...
2025-10-23 21:22:34 - WSN_Simulation - INFO - info:89 - ADCR链路层创建完成
2025-10-23 21:22:34 - WSN_Simulation - INFO - info:89 - 创建调度器...
2025-10-23 21:22:34 - WSN_Simulation - INFO - info:89 - 创建调度器: LyapunovScheduler
2025-10-23 21:22:34 - WSN_Simulation - INFO - info:89 - 调度器创建完成: LyapunovScheduler
2025-10-23 21:22:34 - WSN_Simulation - INFO - info:89 - 开始仿真...
2025-10-23 21:22:37 - WSN_Simulation - INFO - info:89 - 仿真完成
2025-10-23 21:22:37 - WSN_Simulation - INFO - info:89 - 生成可视化图表...
2025-10-23 21:22:54 - WSN_Simulation - INFO - info:89 - 可视化图表生成完成
2025-10-23 21:22:54 - WSN_Simulation - INFO - info:89 - 输出统计信息...
2025-10-23 21:22:54 - WSN_Simulation - INFO - info:89 - 导出配置参数...
2025-10-23 21:22:54 - WSN_Simulation - INFO - info:89 - 配置参数已导出到: data\20251023_212234\simulation_config.json
2025-10-23 21:22:54 - WSN_Simulation - INFO - info:89 - 保存详细计划日志...
2025-10-23 21:22:54 - WSN_Simulation - INFO - info:89 - 详细计划日志将保存到: data\20251023_212234\plans.txt
2025-10-23 21:22:54 - WSN_Simulation - INFO - info:89 - 详细计划记录已保存到: data\20251023_212234\plans.txt
2025-10-23 21:22:54 - WSN_Simulation - INFO - info:89 - 记录了 222 个时间步的计划信息
2025-10-23 21:22:54 - WSN_Simulation - INFO - info:89 - 详细计划日志保存完成
2025-10-23 21:22:54 - WSN_Simulation - INFO - info:89 - 保存结果...
2025-10-23 21:22:54 - WSN_Simulation - INFO - info:89 - 结果已保存到: data\20251023_212234
2025-10-23 21:22:54 - WSN_Simulation - INFO - info:89 - 仿真过程中未发生错误
2025-10-23 21:22:54 - WSN_Simulation - INFO - info:89 - 程序执行完成
2025-10-23 21:35:18 - WSN_Simulation - INFO - info:89 - ==================================================
2025-10-23 21:35:18 - WSN_Simulation - INFO - info:89 - 无线传感器网络能量传输仿真系统
2025-10-23 21:35:18 - WSN_Simulation - INFO - info:89 - ==================================================
2025-10-23 21:35:18 - WSN_Simulation - INFO - info:89 - 开始加载配置...
2025-10-23 21:35:18 - WSN_Simulation - INFO - info:89 - 使用默认配置
2025-10-23 21:35:18 - WSN_Simulation - INFO - info:89 - ==================================================
2025-10-23 21:35:18 - WSN_Simulation - INFO - info:89 - 智能被动传能模式已启用
2025-10-23 21:35:18 - WSN_Simulation - INFO - info:89 -   - 检查间隔: 10 分钟
2025-10-23 21:35:18 - WSN_Simulation - INFO - info:89 -   - 临界比例: 20.0%
2025-10-23 21:35:18 - WSN_Simulation - INFO - info:89 -   - 能量方差阈值: 0.30
2025-10-23 21:35:18 - WSN_Simulation - INFO - info:89 -   - 冷却期: 30 分钟
2025-10-23 21:35:18 - WSN_Simulation - INFO - info:89 -   - 预测窗口: 60 分钟
2025-10-23 21:35:18 - WSN_Simulation - INFO - info:89 - ==================================================
2025-10-23 21:35:18 - WSN_Simulation - INFO - info:89 - 创建网络...
2025-10-23 21:35:18 - WSN_Simulation - INFO - info:89 - 网络创建完成: 25 个节点
2025-10-23 21:35:18 - WSN_Simulation - INFO - info:89 - 创建ADCR链路层...
2025-10-23 21:35:18 - WSN_Simulation - INFO - info:89 - ADCR链路层创建完成
2025-10-23 21:35:18 - WSN_Simulation - INFO - info:89 - 创建调度器...
2025-10-23 21:35:18 - WSN_Simulation - INFO - info:89 - 创建调度器: LyapunovScheduler
2025-10-23 21:35:18 - WSN_Simulation - INFO - info:89 - 调度器创建完成: LyapunovScheduler
2025-10-23 21:35:18 - WSN_Simulation - INFO - info:89 - 开始仿真...
2025-10-23 21:36:34 - WSN_Simulation - INFO - info:89 - 仿真完成
2025-10-23 21:36:34 - WSN_Simulation - INFO - info:89 - 生成可视化图表...
2025-10-23 21:36:46 - WSN_Simulation - INFO - info:89 - 可视化图表生成完成
2025-10-23 21:36:46 - WSN_Simulation - INFO - info:89 - 输出统计信息...
2025-10-23 21:36:46 - WSN_Simulation - INFO - info:89 - 导出配置参数...
2025-10-23 21:36:46 - WSN_Simulation - INFO - info:89 - 配置参数已导出到: data\20251023_213519\simulation_config.json
2025-10-23 21:36:46 - WSN_Simulation - INFO - info:89 - 保存详细计划日志...
2025-10-23 21:36:46 - WSN_Simulation - INFO - info:89 - 详细计划日志将保存到: data\20251023_213519\plans.txt
2025-10-23 21:36:46 - WSN_Simulation - INFO - info:89 - 详细计划记录已保存到: data\20251023_213519\plans.txt
2025-10-23 21:36:46 - WSN_Simulation - INFO - info:89 - 记录了 193 个时间步的计划信息
2025-10-23 21:36:46 - WSN_Simulation - INFO - info:89 - 详细计划日志保存完成
2025-10-23 21:36:46 - WSN_Simulation - INFO - info:89 - 保存结果...
2025-10-23 21:36:48 - WSN_Simulation - INFO - info:89 - 结果已保存到: data\20251023_213519
2025-10-23 21:36:48 - WSN_Simulation - INFO - info:89 - 仿真过程中未发生错误
2025-10-23 21:36:48 - WSN_Simulation - INFO - info:89 - 程序执行完成
2025-10-23 21:41:57 - WSN_Simulation - INFO - info:89 - ==================================================
2025-10-23 21:41:57 - WSN_Simulation - INFO - info:89 - 无线传感器网络能量传输仿真系统
2025-10-23 21:41:57 - WSN_Simulation - INFO - info:89 - ==================================================
2025-10-23 21:41:57 - WSN_Simulation - INFO - info:89 - 开始加载配置...
2025-10-23 21:41:57 - WSN_Simulation - INFO - info:89 - 使用默认配置
2025-10-23 21:41:57 - WSN_Simulation - INFO - info:89 - ==================================================
2025-10-23 21:41:57 - WSN_Simulation - INFO - info:89 - 智能被动传能模式已启用
2025-10-23 21:41:57 - WSN_Simulation - INFO - info:89 -   - 检查间隔: 10 分钟
2025-10-23 21:41:57 - WSN_Simulation - INFO - info:89 -   - 临界比例: 20.0%
2025-10-23 21:41:57 - WSN_Simulation - INFO - info:89 -   - 能量方差阈值: 0.30
2025-10-23 21:41:57 - WSN_Simulation - INFO - info:89 -   - 冷却期: 30 分钟
2025-10-23 21:41:57 - WSN_Simulation - INFO - info:89 -   - 预测窗口: 60 分钟
2025-10-23 21:41:57 - WSN_Simulation - INFO - info:89 - ==================================================
2025-10-23 21:41:57 - WSN_Simulation - INFO - info:89 - 创建网络...
2025-10-23 21:41:57 - WSN_Simulation - INFO - info:89 - 网络创建完成: 25 个节点
2025-10-23 21:41:57 - WSN_Simulation - INFO - info:89 - 创建ADCR链路层...
2025-10-23 21:41:57 - WSN_Simulation - INFO - info:89 - ADCR链路层创建完成
2025-10-23 21:41:57 - WSN_Simulation - INFO - info:89 - 创建调度器...
2025-10-23 21:41:57 - WSN_Simulation - INFO - info:89 - 创建调度器: LyapunovScheduler
2025-10-23 21:41:57 - WSN_Simulation - INFO - info:89 - 调度器创建完成: LyapunovScheduler
2025-10-23 21:41:57 - WSN_Simulation - INFO - info:89 - 开始仿真...
2025-10-23 21:44:41 - WSN_Simulation - INFO - info:89 - 仿真完成
2025-10-23 21:44:41 - WSN_Simulation - INFO - info:89 - 生成可视化图表...
2025-10-23 21:45:14 - WSN_Simulation - INFO - info:89 - 可视化图表生成完成
2025-10-23 21:45:14 - WSN_Simulation - INFO - info:89 - 输出统计信息...
2025-10-23 21:45:14 - WSN_Simulation - INFO - info:89 - 导出配置参数...
2025-10-23 21:45:14 - WSN_Simulation - INFO - info:89 - 配置参数已导出到: data\20251023_214158\simulation_config.json
2025-10-23 21:45:14 - WSN_Simulation - INFO - info:89 - 保存详细计划日志...
2025-10-23 21:45:14 - WSN_Simulation - INFO - info:89 - 详细计划日志将保存到: data\20251023_214158\plans.txt
2025-10-23 21:45:14 - WSN_Simulation - INFO - info:89 - 详细计划记录已保存到: data\20251023_214158\plans.txt
2025-10-23 21:45:14 - WSN_Simulation - INFO - info:89 - 记录了 222 个时间步的计划信息
2025-10-23 21:45:14 - WSN_Simulation - INFO - info:89 - 详细计划日志保存完成
2025-10-23 21:45:14 - WSN_Simulation - INFO - info:89 - 保存结果...
2025-10-23 21:45:15 - WSN_Simulation - INFO - info:89 - 结果已保存到: data\20251023_214158
2025-10-23 21:45:15 - WSN_Simulation - INFO - info:89 - 仿真过程中未发生错误
2025-10-23 21:45:15 - WSN_Simulation - INFO - info:89 - 程序执行完成
2025-10-23 21:47:19 - WSN_Simulation - INFO - info:89 - ==================================================
2025-10-23 21:47:19 - WSN_Simulation - INFO - info:89 - 无线传感器网络能量传输仿真系统
2025-10-23 21:47:19 - WSN_Simulation - INFO - info:89 - ==================================================
2025-10-23 21:47:19 - WSN_Simulation - INFO - info:89 - 开始加载配置...
2025-10-23 21:47:19 - WSN_Simulation - INFO - info:89 - 使用默认配置
2025-10-23 21:47:19 - WSN_Simulation - INFO - info:89 - ==================================================
2025-10-23 21:47:19 - WSN_Simulation - INFO - info:89 - 智能被动传能模式已启用
2025-10-23 21:47:19 - WSN_Simulation - INFO - info:89 -   - 检查间隔: 10 分钟
2025-10-23 21:47:19 - WSN_Simulation - INFO - info:89 -   - 临界比例: 20.0%
2025-10-23 21:47:19 - WSN_Simulation - INFO - info:89 -   - 能量方差阈值: 0.30
2025-10-23 21:47:19 - WSN_Simulation - INFO - info:89 -   - 冷却期: 30 分钟
2025-10-23 21:47:19 - WSN_Simulation - INFO - info:89 -   - 预测窗口: 60 分钟
2025-10-23 21:47:19 - WSN_Simulation - INFO - info:89 - ==================================================
2025-10-23 21:47:19 - WSN_Simulation - INFO - info:89 - 创建网络...
2025-10-23 21:47:19 - WSN_Simulation - INFO - info:89 - 网络创建完成: 25 个节点
2025-10-23 21:47:19 - WSN_Simulation - INFO - info:89 - 创建ADCR链路层...
2025-10-23 21:47:19 - WSN_Simulation - INFO - info:89 - ADCR链路层创建完成
2025-10-23 21:47:19 - WSN_Simulation - INFO - info:89 - 创建调度器...
2025-10-23 21:47:19 - WSN_Simulation - INFO - info:89 - 创建调度器: LyapunovScheduler
2025-10-23 21:47:19 - WSN_Simulation - INFO - info:89 - 调度器创建完成: LyapunovScheduler
2025-10-23 21:47:19 - WSN_Simulation - INFO - info:89 - 开始仿真...
2025-10-23 21:48:50 - WSN_Simulation - INFO - info:89 - 仿真完成
2025-10-23 21:48:50 - WSN_Simulation - INFO - info:89 - 生成可视化图表...
2025-10-23 21:49:02 - WSN_Simulation - INFO - info:89 - 可视化图表生成完成
2025-10-23 21:49:02 - WSN_Simulation - INFO - info:89 - 输出统计信息...
2025-10-23 21:49:02 - WSN_Simulation - INFO - info:89 - 导出配置参数...
2025-10-23 21:49:02 - WSN_Simulation - INFO - info:89 - 配置参数已导出到: data\20251023_214720\simulation_config.json
2025-10-23 21:49:02 - WSN_Simulation - INFO - info:89 - 保存详细计划日志...
2025-10-23 21:49:02 - WSN_Simulation - INFO - info:89 - 详细计划日志将保存到: data\20251023_214720\plans.txt
2025-10-23 21:49:02 - WSN_Simulation - INFO - info:89 - 详细计划记录已保存到: data\20251023_214720\plans.txt
2025-10-23 21:49:02 - WSN_Simulation - INFO - info:89 - 记录了 222 个时间步的计划信息
2025-10-23 21:49:02 - WSN_Simulation - INFO - info:89 - 详细计划日志保存完成
2025-10-23 21:49:02 - WSN_Simulation - INFO - info:89 - 保存结果...
2025-10-23 21:49:03 - WSN_Simulation - INFO - info:89 - 结果已保存到: data\20251023_214720
2025-10-23 21:49:03 - WSN_Simulation - INFO - info:89 - 仿真过程中未发生错误
2025-10-23 21:49:03 - WSN_Simulation - INFO - info:89 - 程序执行完成
2025-10-23 21:50:48 - WSN_Simulation - INFO - info:89 - ==================================================
2025-10-23 21:50:48 - WSN_Simulation - INFO - info:89 - 无线传感器网络能量传输仿真系统
2025-10-23 21:50:48 - WSN_Simulation - INFO - info:89 - ==================================================
2025-10-23 21:50:48 - WSN_Simulation - INFO - info:89 - 开始加载配置...
2025-10-23 21:50:48 - WSN_Simulation - INFO - info:89 - 使用默认配置
2025-10-23 21:50:48 - WSN_Simulation - INFO - info:89 - ==================================================
2025-10-23 21:50:48 - WSN_Simulation - INFO - info:89 - 智能被动传能模式已启用
2025-10-23 21:50:48 - WSN_Simulation - INFO - info:89 -   - 检查间隔: 10 分钟
2025-10-23 21:50:48 - WSN_Simulation - INFO - info:89 -   - 临界比例: 20.0%
2025-10-23 21:50:48 - WSN_Simulation - INFO - info:89 -   - 能量方差阈值: 0.30
2025-10-23 21:50:48 - WSN_Simulation - INFO - info:89 -   - 冷却期: 30 分钟
2025-10-23 21:50:48 - WSN_Simulation - INFO - info:89 -   - 预测窗口: 60 分钟
2025-10-23 21:50:48 - WSN_Simulation - INFO - info:89 - ==================================================
2025-10-23 21:50:48 - WSN_Simulation - INFO - info:89 - 创建网络...
2025-10-23 21:50:48 - WSN_Simulation - INFO - info:89 - 网络创建完成: 25 个节点
2025-10-23 21:50:48 - WSN_Simulation - INFO - info:89 - 创建ADCR链路层...
2025-10-23 21:50:48 - WSN_Simulation - INFO - info:89 - ADCR链路层创建完成
2025-10-23 21:50:48 - WSN_Simulation - INFO - info:89 - 创建调度器...
2025-10-23 21:50:48 - WSN_Simulation - INFO - info:89 - 创建调度器: LyapunovScheduler
2025-10-23 21:50:48 - WSN_Simulation - INFO - info:89 - 调度器创建完成: LyapunovScheduler
2025-10-23 21:50:48 - WSN_Simulation - INFO - info:89 - 开始仿真...
2025-10-23 22:07:17 - WSN_Simulation - INFO - info:89 - 仿真完成
2025-10-23 22:07:17 - WSN_Simulation - INFO - info:89 - 生成可视化图表...
